{"/home/asishk/Documents/BlinkList/blinklist/src/App.tsx": {"path":"/home/asishk/Documents/BlinkList/blinklist/src/App.tsx","statementMap":{"0":{"start":{"line":275,"column":2},"end":{"line":283,"column":4}}},"fnMap":{"0":{"name":"App","decl":{"start":{"line":274,"column":9},"end":{"line":274,"column":12}},"loc":{"start":{"line":274,"column":15},"end":{"line":284,"column":1}},"line":274}},"branchMap":{},"s":{"0":0},"f":{"0":0},"b":{}}
,"/home/asishk/Documents/BlinkList/blinklist/src/Theme.tsx": {"path":"/home/asishk/Documents/BlinkList/blinklist/src/Theme.tsx","statementMap":{"0":{"start":{"line":14,"column":17},"end":{"line":384,"column":1}},"1":{"start":{"line":15,"column":2},"end":{"line":383,"column":4}},"2":{"start":{"line":386,"column":18},"end":{"line":742,"column":2}},"3":{"start":{"line":744,"column":21},"end":{"line":750,"column":2}}},"fnMap":{"0":{"name":"(anonymous_0)","decl":{"start":{"line":14,"column":28},"end":{"line":14,"column":29}},"loc":{"start":{"line":15,"column":2},"end":{"line":383,"column":4}},"line":15}},"branchMap":{},"s":{"0":0,"1":0,"2":0,"3":0},"f":{"0":0},"b":{}}
,"/home/asishk/Documents/BlinkList/blinklist/src/index.tsx": {"path":"/home/asishk/Documents/BlinkList/blinklist/src/index.tsx","statementMap":{"0":{"start":{"line":7,"column":13},"end":{"line":9,"column":1}},"1":{"start":{"line":10,"column":0},"end":{"line":14,"column":2}},"2":{"start":{"line":19,"column":0},"end":{"line":19,"column":18}}},"fnMap":{},"branchMap":{},"s":{"0":0,"1":0,"2":0},"f":{},"b":{}}
,"/home/asishk/Documents/BlinkList/blinklist/src/reportWebVitals.ts": {"path":"/home/asishk/Documents/BlinkList/blinklist/src/reportWebVitals.ts","statementMap":{"0":{"start":{"line":3,"column":24},"end":{"line":13,"column":1}},"1":{"start":{"line":4,"column":2},"end":{"line":12,"column":3}},"2":{"start":{"line":5,"column":4},"end":{"line":11,"column":7}},"3":{"start":{"line":6,"column":6},"end":{"line":6,"column":26}},"4":{"start":{"line":7,"column":6},"end":{"line":7,"column":26}},"5":{"start":{"line":8,"column":6},"end":{"line":8,"column":26}},"6":{"start":{"line":9,"column":6},"end":{"line":9,"column":26}},"7":{"start":{"line":10,"column":6},"end":{"line":10,"column":27}}},"fnMap":{"0":{"name":"(anonymous_0)","decl":{"start":{"line":3,"column":24},"end":{"line":3,"column":25}},"loc":{"start":{"line":3,"column":57},"end":{"line":13,"column":1}},"line":3},"1":{"name":"(anonymous_1)","decl":{"start":{"line":5,"column":30},"end":{"line":5,"column":31}},"loc":{"start":{"line":5,"column":79},"end":{"line":11,"column":5}},"line":5}},"branchMap":{"0":{"loc":{"start":{"line":4,"column":2},"end":{"line":12,"column":3}},"type":"if","locations":[{"start":{"line":4,"column":2},"end":{"line":12,"column":3}},{"start":{},"end":{}}],"line":4},"1":{"loc":{"start":{"line":4,"column":6},"end":{"line":4,"column":52}},"type":"binary-expr","locations":[{"start":{"line":4,"column":6},"end":{"line":4,"column":17}},{"start":{"line":4,"column":21},"end":{"line":4,"column":52}}],"line":4}},"s":{"0":0,"1":0,"2":0,"3":0,"4":0,"5":0,"6":0,"7":0},"f":{"0":0,"1":0},"b":{"0":[0,0],"1":[0,0]}}
,"/home/asishk/Documents/BlinkList/blinklist/src/Themes/main.tsx": {"path":"/home/asishk/Documents/BlinkList/blinklist/src/Themes/main.tsx","statementMap":{"0":{"start":{"line":86,"column":16},"end":{"line":226,"column":2}}},"fnMap":{},"branchMap":{},"s":{"0":5},"f":{},"b":{},"_coverageSchema":"1a1c01bbd47fc00a2c39e90264f33305004495a9","hash":"85c231a777fef549016a6e15e0c68e395d5c74b6"}
,"/home/asishk/Documents/BlinkList/blinklist/src/Themes/tabsTheme.tsx": {"path":"/home/asishk/Documents/BlinkList/blinklist/src/Themes/tabsTheme.tsx","statementMap":{"0":{"start":{"line":7,"column":18},"end":{"line":33,"column":2}}},"fnMap":{},"branchMap":{},"s":{"0":1},"f":{},"b":{},"_coverageSchema":"1a1c01bbd47fc00a2c39e90264f33305004495a9","hash":"52ea68695293b7769e55f3ba334df33ab6209d66"}
,"/home/asishk/Documents/BlinkList/blinklist/src/Themes/theme.tsx": {"path":"/home/asishk/Documents/BlinkList/blinklist/src/Themes/theme.tsx","statementMap":{"0":{"start":{"line":5,"column":21},"end":{"line":31,"column":2}}},"fnMap":{},"branchMap":{},"s":{"0":1},"f":{},"b":{},"_coverageSchema":"1a1c01bbd47fc00a2c39e90264f33305004495a9","hash":"98965769aa474feaaea9737a6b029b901d9b019d"}
,"/home/asishk/Documents/BlinkList/blinklist/src/components/Template/LibraryTemplate.tsx": {"path":"/home/asishk/Documents/BlinkList/blinklist/src/components/Template/LibraryTemplate.tsx","statementMap":{"0":{"start":{"line":25,"column":2},"end":{"line":43,"column":4}}},"fnMap":{"0":{"name":"LibraryTemplate","decl":{"start":{"line":11,"column":9},"end":{"line":11,"column":24}},"loc":{"start":{"line":11,"column":27},"end":{"line":44,"column":1}},"line":11}},"branchMap":{},"s":{"0":0},"f":{"0":0},"b":{}}
,"/home/asishk/Documents/BlinkList/blinklist/src/components/Template/TemplateComponent.tsx": {"path":"/home/asishk/Documents/BlinkList/blinklist/src/components/Template/TemplateComponent.tsx","statementMap":{"0":{"start":{"line":13,"column":26},"end":{"line":76,"column":1}},"1":{"start":{"line":14,"column":46},"end":{"line":14,"column":70}},"2":{"start":{"line":15,"column":42},"end":{"line":15,"column":66}},"3":{"start":{"line":16,"column":30},"end":{"line":19,"column":5}},"4":{"start":{"line":17,"column":8},"end":{"line":17,"column":41}},"5":{"start":{"line":18,"column":8},"end":{"line":18,"column":39}},"6":{"start":{"line":20,"column":30},"end":{"line":20,"column":49}},"7":{"start":{"line":21,"column":28},"end":{"line":21,"column":47}},"8":{"start":{"line":22,"column":34},"end":{"line":22,"column":53}},"9":{"start":{"line":23,"column":4},"end":{"line":38,"column":10}},"10":{"start":{"line":24,"column":26},"end":{"line":35,"column":9}},"11":{"start":{"line":25,"column":27},"end":{"line":25,"column":69}},"12":{"start":{"line":26,"column":24},"end":{"line":26,"column":45}},"13":{"start":{"line":27,"column":12},"end":{"line":27,"column":27}},"14":{"start":{"line":28,"column":12},"end":{"line":28,"column":68}},"15":{"start":{"line":29,"column":27},"end":{"line":29,"column":48}},"16":{"start":{"line":31,"column":12},"end":{"line":31,"column":33}},"17":{"start":{"line":32,"column":12},"end":{"line":32,"column":66}},"18":{"start":{"line":33,"column":25},"end":{"line":33,"column":46}},"19":{"start":{"line":34,"column":12},"end":{"line":34,"column":29}},"20":{"start":{"line":36,"column":8},"end":{"line":36,"column":20}},"21":{"start":{"line":40,"column":4},"end":{"line":75,"column":5}}},"fnMap":{"0":{"name":"(anonymous_0)","decl":{"start":{"line":13,"column":26},"end":{"line":13,"column":27}},"loc":{"start":{"line":13,"column":32},"end":{"line":76,"column":1}},"line":13},"1":{"name":"(anonymous_1)","decl":{"start":{"line":16,"column":30},"end":{"line":16,"column":31}},"loc":{"start":{"line":16,"column":36},"end":{"line":19,"column":5}},"line":16},"2":{"name":"(anonymous_2)","decl":{"start":{"line":23,"column":14},"end":{"line":23,"column":15}},"loc":{"start":{"line":23,"column":20},"end":{"line":37,"column":5}},"line":23},"3":{"name":"(anonymous_3)","decl":{"start":{"line":24,"column":26},"end":{"line":24,"column":27}},"loc":{"start":{"line":24,"column":38},"end":{"line":35,"column":9}},"line":24}},"branchMap":{"0":{"loc":{"start":{"line":41,"column":8},"end":{"line":74,"column":14}},"type":"cond-expr","locations":[{"start":{"line":43,"column":8},"end":{"line":45,"column":20}},{"start":{"line":47,"column":8},"end":{"line":74,"column":14}}],"line":41},"1":{"loc":{"start":{"line":41,"column":9},"end":{"line":41,"column":36}},"type":"binary-expr","locations":[{"start":{"line":41,"column":9},"end":{"line":41,"column":14}},{"start":{"line":41,"column":18},"end":{"line":41,"column":26}},{"start":{"line":41,"column":30},"end":{"line":41,"column":36}}],"line":41},"2":{"loc":{"start":{"line":68,"column":21},"end":{"line":68,"column":79}},"type":"cond-expr","locations":[{"start":{"line":68,"column":37},"end":{"line":68,"column":74}},{"start":{"line":68,"column":77},"end":{"line":68,"column":79}}],"line":68}},"s":{"0":0,"1":0,"2":0,"3":0,"4":0,"5":0,"6":0,"7":0,"8":0,"9":0,"10":0,"11":0,"12":0,"13":0,"14":0,"15":0,"16":0,"17":0,"18":0,"19":0,"20":0,"21":0},"f":{"0":0,"1":0,"2":0,"3":0},"b":{"0":[0,0],"1":[0,0,0],"2":[0,0]}}
,"/home/asishk/Documents/BlinkList/blinklist/src/components/atoms/Avatar/index.stories.tsx": {"path":"/home/asishk/Documents/BlinkList/blinklist/src/components/atoms/Avatar/index.stories.tsx","statementMap":{"0":{"start":{"line":8,"column":59},"end":{"line":10,"column":3}},"1":{"start":{"line":9,"column":4},"end":{"line":9,"column":54}},"2":{"start":{"line":12,"column":31},"end":{"line":12,"column":54}},"3":{"start":{"line":13,"column":2},"end":{"line":15,"column":4}}},"fnMap":{"0":{"name":"(anonymous_0)","decl":{"start":{"line":8,"column":59},"end":{"line":8,"column":60}},"loc":{"start":{"line":9,"column":4},"end":{"line":9,"column":54}},"line":9}},"branchMap":{},"s":{"0":0,"1":0,"2":0,"3":0},"f":{"0":0},"b":{}}
,"/home/asishk/Documents/BlinkList/blinklist/src/components/atoms/Avatar/index.tsx": {"path":"/home/asishk/Documents/BlinkList/blinklist/src/components/atoms/Avatar/index.tsx","statementMap":{"0":{"start":{"line":6,"column":4},"end":{"line":10,"column":5}}},"fnMap":{"0":{"name":"AvatarComp","decl":{"start":{"line":5,"column":9},"end":{"line":5,"column":19}},"loc":{"start":{"line":5,"column":22},"end":{"line":11,"column":1}},"line":5}},"branchMap":{},"s":{"0":1},"f":{"0":1},"b":{},"_coverageSchema":"1a1c01bbd47fc00a2c39e90264f33305004495a9","hash":"6731dc3338bf17de68548a2e2c1892e8c8ddca0c"}
,"/home/asishk/Documents/BlinkList/blinklist/src/components/atoms/Blank/index.tsx": {"path":"/home/asishk/Documents/BlinkList/blinklist/src/components/atoms/Blank/index.tsx","statementMap":{"0":{"start":{"line":3,"column":23},"end":{"line":8,"column":1}},"1":{"start":{"line":4,"column":4},"end":{"line":7,"column":11}}},"fnMap":{"0":{"name":"(anonymous_0)","decl":{"start":{"line":3,"column":23},"end":{"line":3,"column":24}},"loc":{"start":{"line":3,"column":27},"end":{"line":8,"column":1}},"line":3}},"branchMap":{},"s":{"0":1,"1":1},"f":{"0":1},"b":{},"_coverageSchema":"1a1c01bbd47fc00a2c39e90264f33305004495a9","hash":"b66c70f1efe23c3f7c1b333a289fa398c16076f3"}
,"/home/asishk/Documents/BlinkList/blinklist/src/components/atoms/Button/index.stories.tsx": {"path":"/home/asishk/Documents/BlinkList/blinklist/src/components/atoms/Button/index.stories.tsx","statementMap":{"0":{"start":{"line":14,"column":62},"end":{"line":16,"column":1}},"1":{"start":{"line":15,"column":2},"end":{"line":15,"column":62}},"2":{"start":{"line":18,"column":29},"end":{"line":18,"column":52}},"3":{"start":{"line":19,"column":0},"end":{"line":23,"column":2}},"4":{"start":{"line":25,"column":31},"end":{"line":25,"column":54}},"5":{"start":{"line":26,"column":0},"end":{"line":30,"column":2}}},"fnMap":{"0":{"name":"(anonymous_0)","decl":{"start":{"line":14,"column":62},"end":{"line":14,"column":63}},"loc":{"start":{"line":15,"column":2},"end":{"line":15,"column":62}},"line":15}},"branchMap":{},"s":{"0":0,"1":0,"2":0,"3":0,"4":0,"5":0},"f":{"0":0},"b":{}}
,"/home/asishk/Documents/BlinkList/blinklist/src/components/atoms/Button/index.tsx": {"path":"/home/asishk/Documents/BlinkList/blinklist/src/components/atoms/Button/index.tsx","statementMap":{"0":{"start":{"line":7,"column":24},"end":{"line":15,"column":1}},"1":{"start":{"line":8,"column":2},"end":{"line":14,"column":3}}},"fnMap":{"0":{"name":"(anonymous_0)","decl":{"start":{"line":7,"column":24},"end":{"line":7,"column":25}},"loc":{"start":{"line":7,"column":39},"end":{"line":15,"column":1}},"line":7}},"branchMap":{},"s":{"0":0,"1":0},"f":{"0":0},"b":{}}
,"/home/asishk/Documents/BlinkList/blinklist/src/components/atoms/Icons/index.stories.tsx": {"path":"/home/asishk/Documents/BlinkList/blinklist/src/components/atoms/Icons/index.stories.tsx","statementMap":{"0":{"start":{"line":9,"column":22},"end":{"line":12,"column":31}},"1":{"start":{"line":14,"column":50},"end":{"line":14,"column":116}},"2":{"start":{"line":14,"column":60},"end":{"line":14,"column":116}},"3":{"start":{"line":15,"column":51},"end":{"line":15,"column":104}},"4":{"start":{"line":15,"column":61},"end":{"line":15,"column":104}},"5":{"start":{"line":16,"column":53},"end":{"line":16,"column":101}},"6":{"start":{"line":16,"column":63},"end":{"line":16,"column":101}},"7":{"start":{"line":17,"column":51},"end":{"line":17,"column":95}},"8":{"start":{"line":17,"column":61},"end":{"line":17,"column":95}},"9":{"start":{"line":18,"column":53},"end":{"line":18,"column":94}},"10":{"start":{"line":18,"column":63},"end":{"line":18,"column":94}}},"fnMap":{"0":{"name":"(anonymous_0)","decl":{"start":{"line":14,"column":50},"end":{"line":14,"column":51}},"loc":{"start":{"line":14,"column":60},"end":{"line":14,"column":116}},"line":14},"1":{"name":"(anonymous_1)","decl":{"start":{"line":15,"column":51},"end":{"line":15,"column":52}},"loc":{"start":{"line":15,"column":61},"end":{"line":15,"column":104}},"line":15},"2":{"name":"(anonymous_2)","decl":{"start":{"line":16,"column":53},"end":{"line":16,"column":54}},"loc":{"start":{"line":16,"column":63},"end":{"line":16,"column":101}},"line":16},"3":{"name":"(anonymous_3)","decl":{"start":{"line":17,"column":51},"end":{"line":17,"column":52}},"loc":{"start":{"line":17,"column":61},"end":{"line":17,"column":95}},"line":17},"4":{"name":"(anonymous_4)","decl":{"start":{"line":18,"column":53},"end":{"line":18,"column":54}},"loc":{"start":{"line":18,"column":63},"end":{"line":18,"column":94}},"line":18}},"branchMap":{},"s":{"0":0,"1":0,"2":0,"3":0,"4":0,"5":0,"6":0,"7":0,"8":0,"9":0,"10":0},"f":{"0":0,"1":0,"2":0,"3":0,"4":0},"b":{}}
,"/home/asishk/Documents/BlinkList/blinklist/src/components/atoms/Icons/index.tsx": {"path":"/home/asishk/Documents/BlinkList/blinklist/src/components/atoms/Icons/index.tsx","statementMap":{"0":{"start":{"line":3,"column":22},"end":{"line":9,"column":1}},"1":{"start":{"line":4,"column":4},"end":{"line":8,"column":6}}},"fnMap":{"0":{"name":"(anonymous_0)","decl":{"start":{"line":3,"column":22},"end":{"line":3,"column":23}},"loc":{"start":{"line":3,"column":47},"end":{"line":9,"column":1}},"line":3}},"branchMap":{},"s":{"0":0,"1":0},"f":{"0":0},"b":{}}
,"/home/asishk/Documents/BlinkList/blinklist/src/components/atoms/Images/index.stories.tsx": {"path":"/home/asishk/Documents/BlinkList/blinklist/src/components/atoms/Images/index.stories.tsx","statementMap":{"0":{"start":{"line":4,"column":23},"end":{"line":7,"column":32}},"1":{"start":{"line":9,"column":55},"end":{"line":9,"column":88}},"2":{"start":{"line":9,"column":69},"end":{"line":9,"column":88}},"3":{"start":{"line":11,"column":0},"end":{"line":16,"column":1}}},"fnMap":{"0":{"name":"(anonymous_0)","decl":{"start":{"line":9,"column":55},"end":{"line":9,"column":56}},"loc":{"start":{"line":9,"column":69},"end":{"line":9,"column":88}},"line":9}},"branchMap":{},"s":{"0":0,"1":0,"2":0,"3":0},"f":{"0":0},"b":{}}
,"/home/asishk/Documents/BlinkList/blinklist/src/components/atoms/Images/index.tsx": {"path":"/home/asishk/Documents/BlinkList/blinklist/src/components/atoms/Images/index.tsx","statementMap":{"0":{"start":{"line":4,"column":2},"end":{"line":6,"column":4}}},"fnMap":{"0":{"name":"Image","decl":{"start":{"line":3,"column":9},"end":{"line":3,"column":14}},"loc":{"start":{"line":3,"column":26},"end":{"line":7,"column":1}},"line":3}},"branchMap":{},"s":{"0":2},"f":{"0":2},"b":{},"_coverageSchema":"1a1c01bbd47fc00a2c39e90264f33305004495a9","hash":"752e70b8063751355a1060beabbe908bcdab0373"}
,"/home/asishk/Documents/BlinkList/blinklist/src/components/atoms/Input/index.stories.tsx": {"path":"/home/asishk/Documents/BlinkList/blinklist/src/components/atoms/Input/index.stories.tsx","statementMap":{"0":{"start":{"line":6,"column":23},"end":{"line":9,"column":32}},"1":{"start":{"line":11,"column":14},"end":{"line":17,"column":2}},"2":{"start":{"line":20,"column":55},"end":{"line":22,"column":1}},"3":{"start":{"line":21,"column":4},"end":{"line":21,"column":24}},"4":{"start":{"line":24,"column":0},"end":{"line":27,"column":1}},"5":{"start":{"line":29,"column":0},"end":{"line":35,"column":4}},"6":{"start":{"line":31,"column":6},"end":{"line":33,"column":22}}},"fnMap":{"0":{"name":"(anonymous_0)","decl":{"start":{"line":20,"column":55},"end":{"line":20,"column":56}},"loc":{"start":{"line":21,"column":4},"end":{"line":21,"column":24}},"line":21},"1":{"name":"(anonymous_1)","decl":{"start":{"line":30,"column":4},"end":{"line":30,"column":5}},"loc":{"start":{"line":31,"column":6},"end":{"line":33,"column":22}},"line":31}},"branchMap":{},"s":{"0":0,"1":0,"2":0,"3":0,"4":0,"5":0,"6":0},"f":{"0":0,"1":0},"b":{}}
,"/home/asishk/Documents/BlinkList/blinklist/src/components/atoms/Input/index.tsx": {"path":"/home/asishk/Documents/BlinkList/blinklist/src/components/atoms/Input/index.tsx","statementMap":{"0":{"start":{"line":2,"column":23},"end":{"line":14,"column":1}},"1":{"start":{"line":3,"column":22},"end":{"line":3,"column":53}},"2":{"start":{"line":4,"column":4},"end":{"line":13,"column":5}}},"fnMap":{"0":{"name":"(anonymous_0)","decl":{"start":{"line":2,"column":23},"end":{"line":2,"column":24}},"loc":{"start":{"line":2,"column":61},"end":{"line":14,"column":1}},"line":2}},"branchMap":{},"s":{"0":1,"1":3,"2":3},"f":{"0":3},"b":{},"_coverageSchema":"1a1c01bbd47fc00a2c39e90264f33305004495a9","hash":"324467e859046abe626e6f7e709e733732d60e5f"}
,"/home/asishk/Documents/BlinkList/blinklist/src/components/atoms/Logo/index.tsx": {"path":"/home/asishk/Documents/BlinkList/blinklist/src/components/atoms/Logo/index.tsx","statementMap":{"0":{"start":{"line":5,"column":22},"end":{"line":17,"column":1}},"1":{"start":{"line":6,"column":4},"end":{"line":16,"column":6}}},"fnMap":{"0":{"name":"(anonymous_0)","decl":{"start":{"line":5,"column":22},"end":{"line":5,"column":23}},"loc":{"start":{"line":5,"column":64},"end":{"line":17,"column":1}},"line":5}},"branchMap":{"0":{"loc":{"start":{"line":5,"column":24},"end":{"line":5,"column":33}},"type":"default-arg","locations":[{"start":{"line":5,"column":31},"end":{"line":5,"column":33}}],"line":5}},"s":{"0":0,"1":0},"f":{"0":0},"b":{"0":[0]}}
,"/home/asishk/Documents/BlinkList/blinklist/src/components/atoms/ProgressBar/index.stories.tsx": {"path":"/home/asishk/Documents/BlinkList/blinklist/src/components/atoms/ProgressBar/index.stories.tsx","statementMap":{"0":{"start":{"line":4,"column":29},"end":{"line":7,"column":38}},"1":{"start":{"line":10,"column":62},"end":{"line":12,"column":1}},"2":{"start":{"line":11,"column":4},"end":{"line":11,"column":30}},"3":{"start":{"line":14,"column":0},"end":{"line":18,"column":1}}},"fnMap":{"0":{"name":"(anonymous_0)","decl":{"start":{"line":10,"column":62},"end":{"line":10,"column":63}},"loc":{"start":{"line":11,"column":4},"end":{"line":11,"column":30}},"line":11}},"branchMap":{},"s":{"0":0,"1":0,"2":0,"3":0},"f":{"0":0},"b":{}}
,"/home/asishk/Documents/BlinkList/blinklist/src/components/atoms/ProgressBar/index.tsx": {"path":"/home/asishk/Documents/BlinkList/blinklist/src/components/atoms/ProgressBar/index.tsx","statementMap":{"0":{"start":{"line":5,"column":0},"end":{"line":9,"column":1}},"1":{"start":{"line":11,"column":29},"end":{"line":18,"column":1}},"2":{"start":{"line":15,"column":4},"end":{"line":17,"column":5}}},"fnMap":{"0":{"name":"(anonymous_0)","decl":{"start":{"line":11,"column":29},"end":{"line":11,"column":30}},"loc":{"start":{"line":11,"column":56},"end":{"line":18,"column":1}},"line":11}},"branchMap":{},"s":{"0":1,"1":1,"2":2},"f":{"0":2},"b":{},"_coverageSchema":"1a1c01bbd47fc00a2c39e90264f33305004495a9","hash":"d744e9f06019a719f475bb77be73c019ea3ccacd"}
,"/home/asishk/Documents/BlinkList/blinklist/src/components/atoms/Typography/index.stories.tsx": {"path":"/home/asishk/Documents/BlinkList/blinklist/src/components/atoms/Typography/index.stories.tsx","statementMap":{"0":{"start":{"line":3,"column":28},"end":{"line":6,"column":37}},"1":{"start":{"line":8,"column":62},"end":{"line":8,"column":95}},"2":{"start":{"line":8,"column":72},"end":{"line":8,"column":95}},"3":{"start":{"line":9,"column":0},"end":{"line":13,"column":1}}},"fnMap":{"0":{"name":"(anonymous_0)","decl":{"start":{"line":8,"column":62},"end":{"line":8,"column":63}},"loc":{"start":{"line":8,"column":72},"end":{"line":8,"column":95}},"line":8}},"branchMap":{},"s":{"0":0,"1":0,"2":0,"3":0},"f":{"0":0},"b":{}}
,"/home/asishk/Documents/BlinkList/blinklist/src/components/atoms/Typography/index.tsx": {"path":"/home/asishk/Documents/BlinkList/blinklist/src/components/atoms/Typography/index.tsx","statementMap":{"0":{"start":{"line":8,"column":29},"end":{"line":16,"column":1}},"1":{"start":{"line":9,"column":4},"end":{"line":15,"column":6}}},"fnMap":{"0":{"name":"(anonymous_0)","decl":{"start":{"line":8,"column":29},"end":{"line":8,"column":30}},"loc":{"start":{"line":8,"column":44},"end":{"line":16,"column":1}},"line":8}},"branchMap":{},"s":{"0":4,"1":125},"f":{"0":125},"b":{},"_coverageSchema":"1a1c01bbd47fc00a2c39e90264f33305004495a9","hash":"ea6e70e46bde5b860014981a86fa4796eec468e9"}
,"/home/asishk/Documents/BlinkList/blinklist/src/components/atoms/icons-svg/CareerSuccess.tsx": {"path":"/home/asishk/Documents/BlinkList/blinklist/src/components/atoms/icons-svg/CareerSuccess.tsx","statementMap":{"0":{"start":{"line":7,"column":29},"end":{"line":11,"column":1}},"1":{"start":{"line":8,"column":4},"end":{"line":10,"column":5}}},"fnMap":{"0":{"name":"(anonymous_0)","decl":{"start":{"line":7,"column":29},"end":{"line":7,"column":30}},"loc":{"start":{"line":7,"column":44},"end":{"line":11,"column":1}},"line":7}},"branchMap":{},"s":{"0":1,"1":5},"f":{"0":5},"b":{},"_coverageSchema":"1a1c01bbd47fc00a2c39e90264f33305004495a9","hash":"4753a5d4e9475010204e6345db9c6077c4d57700"}
,"/home/asishk/Documents/BlinkList/blinklist/src/components/atoms/icons-svg/ClockSvgIcon.tsx": {"path":"/home/asishk/Documents/BlinkList/blinklist/src/components/atoms/icons-svg/ClockSvgIcon.tsx","statementMap":{"0":{"start":{"line":7,"column":21},"end":{"line":11,"column":1}},"1":{"start":{"line":8,"column":4},"end":{"line":10,"column":5}}},"fnMap":{"0":{"name":"(anonymous_0)","decl":{"start":{"line":7,"column":21},"end":{"line":7,"column":22}},"loc":{"start":{"line":7,"column":36},"end":{"line":11,"column":1}},"line":7}},"branchMap":{},"s":{"0":0,"1":0},"f":{"0":0},"b":{}}
,"/home/asishk/Documents/BlinkList/blinklist/src/components/atoms/icons-svg/CommunicationSkills.tsx": {"path":"/home/asishk/Documents/BlinkList/blinklist/src/components/atoms/icons-svg/CommunicationSkills.tsx","statementMap":{"0":{"start":{"line":7,"column":35},"end":{"line":11,"column":1}},"1":{"start":{"line":8,"column":4},"end":{"line":10,"column":5}}},"fnMap":{"0":{"name":"(anonymous_0)","decl":{"start":{"line":7,"column":35},"end":{"line":7,"column":36}},"loc":{"start":{"line":7,"column":50},"end":{"line":11,"column":1}},"line":7}},"branchMap":{},"s":{"0":1,"1":5},"f":{"0":5},"b":{},"_coverageSchema":"1a1c01bbd47fc00a2c39e90264f33305004495a9","hash":"2bd7586cb0119e8af195950fcc3150da4eedf837"}
,"/home/asishk/Documents/BlinkList/blinklist/src/components/atoms/icons-svg/CorporateCultureSvgIcon.tsx": {"path":"/home/asishk/Documents/BlinkList/blinklist/src/components/atoms/icons-svg/CorporateCultureSvgIcon.tsx","statementMap":{"0":{"start":{"line":7,"column":32},"end":{"line":11,"column":1}},"1":{"start":{"line":8,"column":4},"end":{"line":10,"column":5}}},"fnMap":{"0":{"name":"(anonymous_0)","decl":{"start":{"line":7,"column":32},"end":{"line":7,"column":33}},"loc":{"start":{"line":7,"column":47},"end":{"line":11,"column":1}},"line":7}},"branchMap":{},"s":{"0":1,"1":5},"f":{"0":5},"b":{},"_coverageSchema":"1a1c01bbd47fc00a2c39e90264f33305004495a9","hash":"7d3808b61db2d82ed3a3df4cdd311c9077b556f7"}
,"/home/asishk/Documents/BlinkList/blinklist/src/components/atoms/icons-svg/Economics.tsx": {"path":"/home/asishk/Documents/BlinkList/blinklist/src/components/atoms/icons-svg/Economics.tsx","statementMap":{"0":{"start":{"line":7,"column":25},"end":{"line":11,"column":1}},"1":{"start":{"line":8,"column":4},"end":{"line":10,"column":5}}},"fnMap":{"0":{"name":"(anonymous_0)","decl":{"start":{"line":7,"column":25},"end":{"line":7,"column":26}},"loc":{"start":{"line":7,"column":40},"end":{"line":11,"column":1}},"line":7}},"branchMap":{},"s":{"0":1,"1":5},"f":{"0":5},"b":{},"_coverageSchema":"1a1c01bbd47fc00a2c39e90264f33305004495a9","hash":"ad2efc1409b61a8f48069afabde77a30134a73ff"}
,"/home/asishk/Documents/BlinkList/blinklist/src/components/atoms/icons-svg/EconomicsSvgIcon.tsx": {"path":"/home/asishk/Documents/BlinkList/blinklist/src/components/atoms/icons-svg/EconomicsSvgIcon.tsx","statementMap":{"0":{"start":{"line":7,"column":32},"end":{"line":11,"column":1}},"1":{"start":{"line":8,"column":4},"end":{"line":10,"column":5}}},"fnMap":{"0":{"name":"(anonymous_0)","decl":{"start":{"line":7,"column":32},"end":{"line":7,"column":33}},"loc":{"start":{"line":7,"column":47},"end":{"line":11,"column":1}},"line":7}},"branchMap":{},"s":{"0":0,"1":0},"f":{"0":0},"b":{}}
,"/home/asishk/Documents/BlinkList/blinklist/src/components/atoms/icons-svg/Education.tsx": {"path":"/home/asishk/Documents/BlinkList/blinklist/src/components/atoms/icons-svg/Education.tsx","statementMap":{"0":{"start":{"line":7,"column":25},"end":{"line":11,"column":1}},"1":{"start":{"line":8,"column":4},"end":{"line":10,"column":5}}},"fnMap":{"0":{"name":"(anonymous_0)","decl":{"start":{"line":7,"column":25},"end":{"line":7,"column":26}},"loc":{"start":{"line":7,"column":40},"end":{"line":11,"column":1}},"line":7}},"branchMap":{},"s":{"0":1,"1":5},"f":{"0":5},"b":{},"_coverageSchema":"1a1c01bbd47fc00a2c39e90264f33305004495a9","hash":"b07b682a97c037f9941bde13617488292abb8ec5"}
,"/home/asishk/Documents/BlinkList/blinklist/src/components/atoms/icons-svg/EntrepreneurshipSvgIcon.tsx": {"path":"/home/asishk/Documents/BlinkList/blinklist/src/components/atoms/icons-svg/EntrepreneurshipSvgIcon.tsx","statementMap":{"0":{"start":{"line":7,"column":32},"end":{"line":11,"column":1}},"1":{"start":{"line":8,"column":4},"end":{"line":10,"column":5}}},"fnMap":{"0":{"name":"(anonymous_0)","decl":{"start":{"line":7,"column":32},"end":{"line":7,"column":33}},"loc":{"start":{"line":7,"column":47},"end":{"line":11,"column":1}},"line":7}},"branchMap":{},"s":{"0":1,"1":5},"f":{"0":5},"b":{},"_coverageSchema":"1a1c01bbd47fc00a2c39e90264f33305004495a9","hash":"f6101217ffd4b2f0df361825543f644dc9e81be6"}
,"/home/asishk/Documents/BlinkList/blinklist/src/components/atoms/icons-svg/HealthNutrition.tsx": {"path":"/home/asishk/Documents/BlinkList/blinklist/src/components/atoms/icons-svg/HealthNutrition.tsx","statementMap":{"0":{"start":{"line":7,"column":31},"end":{"line":11,"column":1}},"1":{"start":{"line":8,"column":4},"end":{"line":10,"column":5}}},"fnMap":{"0":{"name":"(anonymous_0)","decl":{"start":{"line":7,"column":31},"end":{"line":7,"column":32}},"loc":{"start":{"line":7,"column":46},"end":{"line":11,"column":1}},"line":7}},"branchMap":{},"s":{"0":1,"1":5},"f":{"0":5},"b":{},"_coverageSchema":"1a1c01bbd47fc00a2c39e90264f33305004495a9","hash":"4be63f5a606d9e53341bfcb401ff2488faca2d2f"}
,"/home/asishk/Documents/BlinkList/blinklist/src/components/atoms/icons-svg/History.tsx": {"path":"/home/asishk/Documents/BlinkList/blinklist/src/components/atoms/icons-svg/History.tsx","statementMap":{"0":{"start":{"line":7,"column":23},"end":{"line":11,"column":1}},"1":{"start":{"line":8,"column":4},"end":{"line":10,"column":5}}},"fnMap":{"0":{"name":"(anonymous_0)","decl":{"start":{"line":7,"column":23},"end":{"line":7,"column":24}},"loc":{"start":{"line":7,"column":38},"end":{"line":11,"column":1}},"line":7}},"branchMap":{},"s":{"0":1,"1":5},"f":{"0":5},"b":{},"_coverageSchema":"1a1c01bbd47fc00a2c39e90264f33305004495a9","hash":"41e20eb6c4fe5cad19b8ec28cb7bb3bf007ca34c"}
,"/home/asishk/Documents/BlinkList/blinklist/src/components/atoms/icons-svg/MarketingSales.tsx": {"path":"/home/asishk/Documents/BlinkList/blinklist/src/components/atoms/icons-svg/MarketingSales.tsx","statementMap":{"0":{"start":{"line":7,"column":23},"end":{"line":11,"column":1}},"1":{"start":{"line":8,"column":4},"end":{"line":10,"column":5}}},"fnMap":{"0":{"name":"(anonymous_0)","decl":{"start":{"line":7,"column":23},"end":{"line":7,"column":24}},"loc":{"start":{"line":7,"column":38},"end":{"line":11,"column":1}},"line":7}},"branchMap":{},"s":{"0":1,"1":5},"f":{"0":5},"b":{},"_coverageSchema":"1a1c01bbd47fc00a2c39e90264f33305004495a9","hash":"5431ba9c677faae807f34274fc0c9723d318e983"}
,"/home/asishk/Documents/BlinkList/blinklist/src/components/atoms/icons-svg/MoneyInvestment.tsx": {"path":"/home/asishk/Documents/BlinkList/blinklist/src/components/atoms/icons-svg/MoneyInvestment.tsx","statementMap":{"0":{"start":{"line":7,"column":31},"end":{"line":11,"column":1}},"1":{"start":{"line":8,"column":4},"end":{"line":10,"column":5}}},"fnMap":{"0":{"name":"(anonymous_0)","decl":{"start":{"line":7,"column":31},"end":{"line":7,"column":32}},"loc":{"start":{"line":7,"column":46},"end":{"line":11,"column":1}},"line":7}},"branchMap":{},"s":{"0":1,"1":5},"f":{"0":5},"b":{},"_coverageSchema":"1a1c01bbd47fc00a2c39e90264f33305004495a9","hash":"20f1cbb3ec7e67d9681c54f3f16077bf9fa883e8"}
,"/home/asishk/Documents/BlinkList/blinklist/src/components/atoms/icons-svg/MotivationInspiration.tsx": {"path":"/home/asishk/Documents/BlinkList/blinklist/src/components/atoms/icons-svg/MotivationInspiration.tsx","statementMap":{"0":{"start":{"line":7,"column":37},"end":{"line":11,"column":1}},"1":{"start":{"line":8,"column":4},"end":{"line":10,"column":5}}},"fnMap":{"0":{"name":"(anonymous_0)","decl":{"start":{"line":7,"column":37},"end":{"line":7,"column":38}},"loc":{"start":{"line":7,"column":52},"end":{"line":11,"column":1}},"line":7}},"branchMap":{},"s":{"0":1,"1":5},"f":{"0":5},"b":{},"_coverageSchema":"1a1c01bbd47fc00a2c39e90264f33305004495a9","hash":"85a08a184b1cbdfd7aceb1eb8cf1dd321d8b9b82"}
,"/home/asishk/Documents/BlinkList/blinklist/src/components/atoms/icons-svg/Nature&EnvironmentSvgIIcon.tsx": {"path":"/home/asishk/Documents/BlinkList/blinklist/src/components/atoms/icons-svg/Nature&EnvironmentSvgIIcon.tsx","statementMap":{"0":{"start":{"line":7,"column":32},"end":{"line":11,"column":1}},"1":{"start":{"line":8,"column":4},"end":{"line":10,"column":5}}},"fnMap":{"0":{"name":"(anonymous_0)","decl":{"start":{"line":7,"column":32},"end":{"line":7,"column":33}},"loc":{"start":{"line":7,"column":47},"end":{"line":11,"column":1}},"line":7}},"branchMap":{},"s":{"0":0,"1":0},"f":{"0":0},"b":{}}
,"/home/asishk/Documents/BlinkList/blinklist/src/components/atoms/icons-svg/NatureEnvironment.tsx": {"path":"/home/asishk/Documents/BlinkList/blinklist/src/components/atoms/icons-svg/NatureEnvironment.tsx","statementMap":{"0":{"start":{"line":7,"column":33},"end":{"line":11,"column":1}},"1":{"start":{"line":8,"column":4},"end":{"line":10,"column":5}}},"fnMap":{"0":{"name":"(anonymous_0)","decl":{"start":{"line":7,"column":33},"end":{"line":7,"column":34}},"loc":{"start":{"line":7,"column":48},"end":{"line":11,"column":1}},"line":7}},"branchMap":{},"s":{"0":1,"1":5},"f":{"0":5},"b":{},"_coverageSchema":"1a1c01bbd47fc00a2c39e90264f33305004495a9","hash":"aef4b7cdce227e0bf9791798bf86fce257e26173"}
,"/home/asishk/Documents/BlinkList/blinklist/src/components/atoms/icons-svg/PersonalDevelopment.tsx": {"path":"/home/asishk/Documents/BlinkList/blinklist/src/components/atoms/icons-svg/PersonalDevelopment.tsx","statementMap":{"0":{"start":{"line":7,"column":35},"end":{"line":11,"column":1}},"1":{"start":{"line":8,"column":4},"end":{"line":10,"column":5}}},"fnMap":{"0":{"name":"(anonymous_0)","decl":{"start":{"line":7,"column":35},"end":{"line":7,"column":36}},"loc":{"start":{"line":7,"column":50},"end":{"line":11,"column":1}},"line":7}},"branchMap":{},"s":{"0":1,"1":5},"f":{"0":5},"b":{},"_coverageSchema":"1a1c01bbd47fc00a2c39e90264f33305004495a9","hash":"4265f21cfbdf23e5e64fafc9def9cead47378d3e"}
,"/home/asishk/Documents/BlinkList/blinklist/src/components/atoms/icons-svg/PlusSvgIcon.tsx": {"path":"/home/asishk/Documents/BlinkList/blinklist/src/components/atoms/icons-svg/PlusSvgIcon.tsx","statementMap":{"0":{"start":{"line":7,"column":20},"end":{"line":11,"column":1}},"1":{"start":{"line":8,"column":4},"end":{"line":10,"column":5}}},"fnMap":{"0":{"name":"(anonymous_0)","decl":{"start":{"line":7,"column":20},"end":{"line":7,"column":21}},"loc":{"start":{"line":7,"column":35},"end":{"line":11,"column":1}},"line":7}},"branchMap":{},"s":{"0":0,"1":0},"f":{"0":0},"b":{}}
,"/home/asishk/Documents/BlinkList/blinklist/src/components/atoms/icons-svg/PoliticsSvgIcon.tsx": {"path":"/home/asishk/Documents/BlinkList/blinklist/src/components/atoms/icons-svg/PoliticsSvgIcon.tsx","statementMap":{"0":{"start":{"line":7,"column":24},"end":{"line":11,"column":1}},"1":{"start":{"line":8,"column":4},"end":{"line":10,"column":5}}},"fnMap":{"0":{"name":"(anonymous_0)","decl":{"start":{"line":7,"column":24},"end":{"line":7,"column":25}},"loc":{"start":{"line":7,"column":39},"end":{"line":11,"column":1}},"line":7}},"branchMap":{},"s":{"0":1,"1":5},"f":{"0":5},"b":{},"_coverageSchema":"1a1c01bbd47fc00a2c39e90264f33305004495a9","hash":"696c6449d65f1c436e70e1fbc34a651d9bb13e96"}
,"/home/asishk/Documents/BlinkList/blinklist/src/components/atoms/icons-svg/Productivity.tsx": {"path":"/home/asishk/Documents/BlinkList/blinklist/src/components/atoms/icons-svg/Productivity.tsx","statementMap":{"0":{"start":{"line":7,"column":28},"end":{"line":11,"column":1}},"1":{"start":{"line":8,"column":4},"end":{"line":10,"column":5}}},"fnMap":{"0":{"name":"(anonymous_0)","decl":{"start":{"line":7,"column":28},"end":{"line":7,"column":29}},"loc":{"start":{"line":7,"column":43},"end":{"line":11,"column":1}},"line":7}},"branchMap":{},"s":{"0":1,"1":5},"f":{"0":5},"b":{},"_coverageSchema":"1a1c01bbd47fc00a2c39e90264f33305004495a9","hash":"eab10304973cc471a1bed05a2262e5420612f2b8"}
,"/home/asishk/Documents/BlinkList/blinklist/src/components/atoms/icons-svg/Psychology.tsx": {"path":"/home/asishk/Documents/BlinkList/blinklist/src/components/atoms/icons-svg/Psychology.tsx","statementMap":{"0":{"start":{"line":7,"column":26},"end":{"line":11,"column":1}},"1":{"start":{"line":8,"column":4},"end":{"line":10,"column":5}}},"fnMap":{"0":{"name":"(anonymous_0)","decl":{"start":{"line":7,"column":26},"end":{"line":7,"column":27}},"loc":{"start":{"line":7,"column":41},"end":{"line":11,"column":1}},"line":7}},"branchMap":{},"s":{"0":1,"1":5},"f":{"0":5},"b":{},"_coverageSchema":"1a1c01bbd47fc00a2c39e90264f33305004495a9","hash":"ddedf0c288ddc982150096fd300b6882a3ce6d31"}
,"/home/asishk/Documents/BlinkList/blinklist/src/components/atoms/icons-svg/PsychologySvgIcon.tsx": {"path":"/home/asishk/Documents/BlinkList/blinklist/src/components/atoms/icons-svg/PsychologySvgIcon.tsx","statementMap":{"0":{"start":{"line":7,"column":32},"end":{"line":11,"column":1}},"1":{"start":{"line":8,"column":4},"end":{"line":10,"column":5}}},"fnMap":{"0":{"name":"(anonymous_0)","decl":{"start":{"line":7,"column":32},"end":{"line":7,"column":33}},"loc":{"start":{"line":7,"column":47},"end":{"line":11,"column":1}},"line":7}},"branchMap":{},"s":{"0":0,"1":0},"f":{"0":0},"b":{}}
,"/home/asishk/Documents/BlinkList/blinklist/src/components/atoms/icons-svg/ReadsSvgIcon.tsx": {"path":"/home/asishk/Documents/BlinkList/blinklist/src/components/atoms/icons-svg/ReadsSvgIcon.tsx","statementMap":{"0":{"start":{"line":7,"column":21},"end":{"line":11,"column":1}},"1":{"start":{"line":8,"column":4},"end":{"line":10,"column":5}}},"fnMap":{"0":{"name":"(anonymous_0)","decl":{"start":{"line":7,"column":21},"end":{"line":7,"column":22}},"loc":{"start":{"line":7,"column":36},"end":{"line":11,"column":1}},"line":7}},"branchMap":{},"s":{"0":0,"1":0},"f":{"0":0},"b":{}}
,"/home/asishk/Documents/BlinkList/blinklist/src/components/atoms/icons-svg/ScienceSvgIcon .tsx": {"path":"/home/asishk/Documents/BlinkList/blinklist/src/components/atoms/icons-svg/ScienceSvgIcon .tsx","statementMap":{"0":{"start":{"line":7,"column":32},"end":{"line":11,"column":1}},"1":{"start":{"line":8,"column":4},"end":{"line":10,"column":5}}},"fnMap":{"0":{"name":"(anonymous_0)","decl":{"start":{"line":7,"column":32},"end":{"line":7,"column":33}},"loc":{"start":{"line":7,"column":47},"end":{"line":11,"column":1}},"line":7}},"branchMap":{},"s":{"0":0,"1":0},"f":{"0":0},"b":{}}
,"/home/asishk/Documents/BlinkList/blinklist/src/components/atoms/icons-svg/ScienceSvgIcon.tsx": {"path":"/home/asishk/Documents/BlinkList/blinklist/src/components/atoms/icons-svg/ScienceSvgIcon.tsx","statementMap":{"0":{"start":{"line":7,"column":23},"end":{"line":11,"column":1}},"1":{"start":{"line":8,"column":4},"end":{"line":10,"column":5}}},"fnMap":{"0":{"name":"(anonymous_0)","decl":{"start":{"line":7,"column":23},"end":{"line":7,"column":24}},"loc":{"start":{"line":7,"column":38},"end":{"line":11,"column":1}},"line":7}},"branchMap":{},"s":{"0":1,"1":5},"f":{"0":5},"b":{},"_coverageSchema":"1a1c01bbd47fc00a2c39e90264f33305004495a9","hash":"7bec3f20c6762f149f36eb475e0b3feec22d1064"}
,"/home/asishk/Documents/BlinkList/blinklist/src/components/atoms/icons-svg/SearchSvgIcon.tsx": {"path":"/home/asishk/Documents/BlinkList/blinklist/src/components/atoms/icons-svg/SearchSvgIcon.tsx","statementMap":{"0":{"start":{"line":7,"column":22},"end":{"line":11,"column":1}},"1":{"start":{"line":8,"column":4},"end":{"line":10,"column":5}}},"fnMap":{"0":{"name":"(anonymous_0)","decl":{"start":{"line":7,"column":22},"end":{"line":7,"column":23}},"loc":{"start":{"line":7,"column":37},"end":{"line":11,"column":1}},"line":7}},"branchMap":{},"s":{"0":0,"1":0},"f":{"0":0},"b":{}}
,"/home/asishk/Documents/BlinkList/blinklist/src/components/atoms/icons-svg/SexRelations.tsx": {"path":"/home/asishk/Documents/BlinkList/blinklist/src/components/atoms/icons-svg/SexRelations.tsx","statementMap":{"0":{"start":{"line":7,"column":28},"end":{"line":11,"column":1}},"1":{"start":{"line":8,"column":4},"end":{"line":10,"column":5}}},"fnMap":{"0":{"name":"(anonymous_0)","decl":{"start":{"line":7,"column":28},"end":{"line":7,"column":29}},"loc":{"start":{"line":7,"column":43},"end":{"line":11,"column":1}},"line":7}},"branchMap":{},"s":{"0":1,"1":5},"f":{"0":5},"b":{},"_coverageSchema":"1a1c01bbd47fc00a2c39e90264f33305004495a9","hash":"d3207ade700c50169bd2ec91e294aa9269a5c31a"}
,"/home/asishk/Documents/BlinkList/blinklist/src/components/molecules/Banner1/index.stories.tsx": {"path":"/home/asishk/Documents/BlinkList/blinklist/src/components/molecules/Banner1/index.stories.tsx","statementMap":{"0":{"start":{"line":12,"column":54},"end":{"line":14,"column":1}},"1":{"start":{"line":13,"column":2},"end":{"line":13,"column":22}},"2":{"start":{"line":16,"column":26},"end":{"line":16,"column":49}}},"fnMap":{"0":{"name":"(anonymous_0)","decl":{"start":{"line":12,"column":54},"end":{"line":12,"column":55}},"loc":{"start":{"line":13,"column":2},"end":{"line":13,"column":22}},"line":13}},"branchMap":{},"s":{"0":0,"1":0,"2":0},"f":{"0":0},"b":{}}
,"/home/asishk/Documents/BlinkList/blinklist/src/components/molecules/Banner1/index.tsx": {"path":"/home/asishk/Documents/BlinkList/blinklist/src/components/molecules/Banner1/index.tsx","statementMap":{"0":{"start":{"line":5,"column":16},"end":{"line":23,"column":1}},"1":{"start":{"line":6,"column":4},"end":{"line":22,"column":5}}},"fnMap":{"0":{"name":"(anonymous_0)","decl":{"start":{"line":5,"column":16},"end":{"line":5,"column":17}},"loc":{"start":{"line":5,"column":22},"end":{"line":23,"column":1}},"line":5}},"branchMap":{},"s":{"0":1,"1":1},"f":{"0":1},"b":{},"_coverageSchema":"1a1c01bbd47fc00a2c39e90264f33305004495a9","hash":"34711e36d0f05078d8106498a9ce64252736e513"}
,"/home/asishk/Documents/BlinkList/blinklist/src/components/molecules/Logo/index.stories.tsx": {"path":"/home/asishk/Documents/BlinkList/blinklist/src/components/molecules/Logo/index.stories.tsx","statementMap":{"0":{"start":{"line":4,"column":27},"end":{"line":7,"column":40}},"1":{"start":{"line":9,"column":63},"end":{"line":9,"column":93}},"2":{"start":{"line":9,"column":77},"end":{"line":9,"column":93}}},"fnMap":{"0":{"name":"(anonymous_0)","decl":{"start":{"line":9,"column":63},"end":{"line":9,"column":64}},"loc":{"start":{"line":9,"column":77},"end":{"line":9,"column":93}},"line":9}},"branchMap":{},"s":{"0":0,"1":0,"2":0},"f":{"0":0},"b":{}}
,"/home/asishk/Documents/BlinkList/blinklist/src/components/molecules/Logo/index.tsx": {"path":"/home/asishk/Documents/BlinkList/blinklist/src/components/molecules/Logo/index.tsx","statementMap":{"0":{"start":{"line":4,"column":22},"end":{"line":19,"column":1}},"1":{"start":{"line":5,"column":4},"end":{"line":18,"column":6}}},"fnMap":{"0":{"name":"(anonymous_0)","decl":{"start":{"line":4,"column":22},"end":{"line":4,"column":23}},"loc":{"start":{"line":4,"column":64},"end":{"line":19,"column":1}},"line":4}},"branchMap":{"0":{"loc":{"start":{"line":4,"column":24},"end":{"line":4,"column":33}},"type":"default-arg","locations":[{"start":{"line":4,"column":31},"end":{"line":4,"column":33}}],"line":4}},"s":{"0":1,"1":1},"f":{"0":1},"b":{"0":[0]},"_coverageSchema":"1a1c01bbd47fc00a2c39e90264f33305004495a9","hash":"bb24bd4fdea7324bcded7d4451af153ef0486416"}
,"/home/asishk/Documents/BlinkList/blinklist/src/components/molecules/NavIcon/index.tsx": {"path":"/home/asishk/Documents/BlinkList/blinklist/src/components/molecules/NavIcon/index.tsx","statementMap":{"0":{"start":{"line":4,"column":25},"end":{"line":20,"column":1}},"1":{"start":{"line":5,"column":40},"end":{"line":5,"column":55}},"2":{"start":{"line":7,"column":31},"end":{"line":9,"column":5}},"3":{"start":{"line":8,"column":8},"end":{"line":8,"column":34}},"4":{"start":{"line":10,"column":4},"end":{"line":19,"column":5}}},"fnMap":{"0":{"name":"(anonymous_0)","decl":{"start":{"line":4,"column":25},"end":{"line":4,"column":26}},"loc":{"start":{"line":4,"column":39},"end":{"line":20,"column":1}},"line":4},"1":{"name":"(anonymous_1)","decl":{"start":{"line":7,"column":31},"end":{"line":7,"column":32}},"loc":{"start":{"line":7,"column":35},"end":{"line":9,"column":5}},"line":7}},"branchMap":{"0":{"loc":{"start":{"line":12,"column":17},"end":{"line":12,"column":53}},"type":"cond-expr","locations":[{"start":{"line":12,"column":34},"end":{"line":12,"column":48}},{"start":{"line":12,"column":51},"end":{"line":12,"column":53}}],"line":12},"1":{"loc":{"start":{"line":13,"column":148},"end":{"line":13,"column":179}},"type":"cond-expr","locations":[{"start":{"line":13,"column":160},"end":{"line":13,"column":167}},{"start":{"line":13,"column":170},"end":{"line":13,"column":179}}],"line":13},"2":{"loc":{"start":{"line":16,"column":17},"end":{"line":16,"column":55}},"type":"cond-expr","locations":[{"start":{"line":16,"column":35},"end":{"line":16,"column":50}},{"start":{"line":16,"column":53},"end":{"line":16,"column":55}}],"line":16}},"s":{"0":1,"1":90,"2":90,"3":0,"4":90},"f":{"0":90,"1":0},"b":{"0":[90,0],"1":[0,90],"2":[0,90]},"_coverageSchema":"1a1c01bbd47fc00a2c39e90264f33305004495a9","hash":"d7e7a310b236c99cbeba14f1fc1790b603c2a999"}
,"/home/asishk/Documents/BlinkList/blinklist/src/components/molecules/Search/index.tsx": {"path":"/home/asishk/Documents/BlinkList/blinklist/src/components/molecules/Search/index.tsx","statementMap":{"0":{"start":{"line":7,"column":24},"end":{"line":65,"column":1}},"1":{"start":{"line":29,"column":4},"end":{"line":64,"column":6}}},"fnMap":{"0":{"name":"(anonymous_0)","decl":{"start":{"line":7,"column":24},"end":{"line":7,"column":25}},"loc":{"start":{"line":7,"column":40},"end":{"line":65,"column":1}},"line":7}},"branchMap":{},"s":{"0":0,"1":0},"f":{"0":0},"b":{}}
,"/home/asishk/Documents/BlinkList/blinklist/src/components/molecules/tabs/index.tsx": {"path":"/home/asishk/Documents/BlinkList/blinklist/src/components/molecules/tabs/index.tsx","statementMap":{"0":{"start":{"line":11,"column":18},"end":{"line":22,"column":3}},"1":{"start":{"line":11,"column":49},"end":{"line":22,"column":1}},"2":{"start":{"line":25,"column":18},"end":{"line":25,"column":29}},"3":{"start":{"line":26,"column":28},"end":{"line":26,"column":71}},"4":{"start":{"line":27,"column":23},"end":{"line":30,"column":3}},"5":{"start":{"line":28,"column":4},"end":{"line":28,"column":23}},"6":{"start":{"line":29,"column":4},"end":{"line":29,"column":33}},"7":{"start":{"line":32,"column":2},"end":{"line":59,"column":4}},"8":{"start":{"line":45,"column":14},"end":{"line":53,"column":16}}},"fnMap":{"0":{"name":"(anonymous_0)","decl":{"start":{"line":11,"column":29},"end":{"line":11,"column":30}},"loc":{"start":{"line":11,"column":49},"end":{"line":22,"column":1}},"line":11},"1":{"name":"TabsWrappedLabel","decl":{"start":{"line":23,"column":24},"end":{"line":23,"column":40}},"loc":{"start":{"line":23,"column":67},"end":{"line":60,"column":1}},"line":23},"2":{"name":"(anonymous_2)","decl":{"start":{"line":27,"column":23},"end":{"line":27,"column":24}},"loc":{"start":{"line":27,"column":74},"end":{"line":30,"column":3}},"line":27},"3":{"name":"(anonymous_3)","decl":{"start":{"line":44,"column":24},"end":{"line":44,"column":25}},"loc":{"start":{"line":44,"column":41},"end":{"line":54,"column":13}},"line":44}},"branchMap":{"0":{"loc":{"start":{"line":26,"column":43},"end":{"line":26,"column":70}},"type":"binary-expr","locations":[{"start":{"line":26,"column":43},"end":{"line":26,"column":50}},{"start":{"line":26,"column":54},"end":{"line":26,"column":70}}],"line":26}},"s":{"0":1,"1":2,"2":3,"3":3,"4":3,"5":1,"6":1,"7":3,"8":6},"f":{"0":2,"1":3,"2":1,"3":6},"b":{"0":[3,3]},"_coverageSchema":"1a1c01bbd47fc00a2c39e90264f33305004495a9","hash":"86abde2ac2c5296fdf6e4d751e86e2a8900e96a5"}
,"/home/asishk/Documents/BlinkList/blinklist/src/components/molecules/tabs/tabs.stories.tsx": {"path":"/home/asishk/Documents/BlinkList/blinklist/src/components/molecules/tabs/tabs.stories.tsx","statementMap":{"0":{"start":{"line":4,"column":22},"end":{"line":7,"column":31}},"1":{"start":{"line":9,"column":54},"end":{"line":9,"column":86}},"2":{"start":{"line":9,"column":68},"end":{"line":9,"column":86}},"3":{"start":{"line":12,"column":16},"end":{"line":28,"column":1}},"4":{"start":{"line":30,"column":0},"end":{"line":35,"column":1}}},"fnMap":{"0":{"name":"(anonymous_0)","decl":{"start":{"line":9,"column":54},"end":{"line":9,"column":55}},"loc":{"start":{"line":9,"column":68},"end":{"line":9,"column":86}},"line":9}},"branchMap":{},"s":{"0":0,"1":0,"2":0,"3":0,"4":0},"f":{"0":0},"b":{}}
,"/home/asishk/Documents/BlinkList/blinklist/src/components/organisms/Card/index.stories.tsx": {"path":"/home/asishk/Documents/BlinkList/blinklist/src/components/organisms/Card/index.stories.tsx","statementMap":{"0":{"start":{"line":5,"column":22},"end":{"line":13,"column":31}},"1":{"start":{"line":15,"column":48},"end":{"line":15,"column":97}},"2":{"start":{"line":15,"column":62},"end":{"line":15,"column":97}},"3":{"start":{"line":18,"column":23},"end":{"line":18,"column":40}},"4":{"start":{"line":20,"column":0},"end":{"line":29,"column":1}},"5":{"start":{"line":32,"column":24},"end":{"line":32,"column":41}},"6":{"start":{"line":34,"column":0},"end":{"line":42,"column":1}}},"fnMap":{"0":{"name":"(anonymous_0)","decl":{"start":{"line":15,"column":48},"end":{"line":15,"column":49}},"loc":{"start":{"line":15,"column":62},"end":{"line":15,"column":97}},"line":15}},"branchMap":{},"s":{"0":0,"1":0,"2":0,"3":0,"4":0,"5":0,"6":0},"f":{"0":0},"b":{}}
,"/home/asishk/Documents/BlinkList/blinklist/src/components/organisms/Card/index.tsx": {"path":"/home/asishk/Documents/BlinkList/blinklist/src/components/organisms/Card/index.tsx","statementMap":{"0":{"start":{"line":24,"column":13},"end":{"line":75,"column":1}},"1":{"start":{"line":76,"column":22},"end":{"line":83,"column":4}},"2":{"start":{"line":87,"column":22},"end":{"line":188,"column":1}},"3":{"start":{"line":88,"column":40},"end":{"line":88,"column":55}},"4":{"start":{"line":89,"column":54},"end":{"line":89,"column":73}},"5":{"start":{"line":90,"column":31},"end":{"line":92,"column":5}},"6":{"start":{"line":91,"column":8},"end":{"line":91,"column":34}},"7":{"start":{"line":94,"column":25},"end":{"line":110,"column":5}},"8":{"start":{"line":95,"column":8},"end":{"line":109,"column":9}},"9":{"start":{"line":96,"column":12},"end":{"line":102,"column":30}},"10":{"start":{"line":105,"column":12},"end":{"line":105,"column":18}},"11":{"start":{"line":111,"column":4},"end":{"line":187,"column":6}},"12":{"start":{"line":168,"column":24},"end":{"line":168,"column":68}}},"fnMap":{"0":{"name":"(anonymous_0)","decl":{"start":{"line":87,"column":22},"end":{"line":87,"column":23}},"loc":{"start":{"line":87,"column":158},"end":{"line":188,"column":1}},"line":87},"1":{"name":"(anonymous_1)","decl":{"start":{"line":90,"column":31},"end":{"line":90,"column":32}},"loc":{"start":{"line":90,"column":35},"end":{"line":92,"column":5}},"line":90},"2":{"name":"(anonymous_2)","decl":{"start":{"line":94,"column":25},"end":{"line":94,"column":26}},"loc":{"start":{"line":94,"column":45},"end":{"line":110,"column":5}},"line":94},"3":{"name":"(anonymous_3)","decl":{"start":{"line":167,"column":34},"end":{"line":167,"column":35}},"loc":{"start":{"line":168,"column":24},"end":{"line":168,"column":68}},"line":168}},"branchMap":{"0":{"loc":{"start":{"line":87,"column":62},"end":{"line":87,"column":88}},"type":"default-arg","locations":[{"start":{"line":87,"column":73},"end":{"line":87,"column":88}}],"line":87},"1":{"loc":{"start":{"line":95,"column":8},"end":{"line":109,"column":9}},"type":"if","locations":[{"start":{"line":95,"column":8},"end":{"line":109,"column":9}},{"start":{"line":104,"column":12},"end":{"line":109,"column":9}}],"line":95},"2":{"loc":{"start":{"line":120,"column":36},"end":{"line":120,"column":100}},"type":"cond-expr","locations":[{"start":{"line":120,"column":63},"end":{"line":120,"column":90}},{"start":{"line":120,"column":93},"end":{"line":120,"column":100}}],"line":120},"3":{"loc":{"start":{"line":120,"column":36},"end":{"line":120,"column":60}},"type":"binary-expr","locations":[{"start":{"line":120,"column":36},"end":{"line":120,"column":46}},{"start":{"line":120,"column":50},"end":{"line":120,"column":60}}],"line":120},"4":{"loc":{"start":{"line":128,"column":40},"end":{"line":128,"column":104}},"type":"cond-expr","locations":[{"start":{"line":128,"column":67},"end":{"line":128,"column":94}},{"start":{"line":128,"column":97},"end":{"line":128,"column":104}}],"line":128},"5":{"loc":{"start":{"line":128,"column":40},"end":{"line":128,"column":64}},"type":"binary-expr","locations":[{"start":{"line":128,"column":40},"end":{"line":128,"column":50}},{"start":{"line":128,"column":54},"end":{"line":128,"column":64}}],"line":128},"6":{"loc":{"start":{"line":159,"column":17},"end":{"line":159,"column":158}},"type":"cond-expr","locations":[{"start":{"line":159,"column":37},"end":{"line":159,"column":153}},{"start":{"line":159,"column":156},"end":{"line":159,"column":158}}],"line":159},"7":{"loc":{"start":{"line":163,"column":17},"end":{"line":180,"column":26}},"type":"cond-expr","locations":[{"start":{"line":164,"column":20},"end":{"line":164,"column":135}},{"start":{"line":167,"column":20},"end":{"line":180,"column":26}}],"line":163},"8":{"loc":{"start":{"line":173,"column":34},"end":{"line":173,"column":67}},"type":"cond-expr","locations":[{"start":{"line":173,"column":48},"end":{"line":173,"column":57}},{"start":{"line":173,"column":60},"end":{"line":173,"column":67}}],"line":173},"9":{"loc":{"start":{"line":174,"column":44},"end":{"line":174,"column":76}},"type":"cond-expr","locations":[{"start":{"line":174,"column":57},"end":{"line":174,"column":66}},{"start":{"line":174,"column":69},"end":{"line":174,"column":76}}],"line":174}},"s":{"0":0,"1":0,"2":0,"3":0,"4":0,"5":0,"6":0,"7":0,"8":0,"9":0,"10":0,"11":0,"12":0},"f":{"0":0,"1":0,"2":0,"3":0},"b":{"0":[0],"1":[0,0],"2":[0,0],"3":[0,0],"4":[0,0],"5":[0,0],"6":[0,0],"7":[0,0],"8":[0,0],"9":[0,0]}}
,"/home/asishk/Documents/BlinkList/blinklist/src/components/organisms/Explorer/index.stories.tsx": {"path":"/home/asishk/Documents/BlinkList/blinklist/src/components/organisms/Explorer/index.stories.tsx","statementMap":{"0":{"start":{"line":5,"column":20},"end":{"line":8,"column":44}},"1":{"start":{"line":10,"column":60},"end":{"line":10,"column":112}},"2":{"start":{"line":10,"column":74},"end":{"line":10,"column":112}},"3":{"start":{"line":11,"column":25},"end":{"line":11,"column":42}}},"fnMap":{"0":{"name":"(anonymous_0)","decl":{"start":{"line":10,"column":60},"end":{"line":10,"column":61}},"loc":{"start":{"line":10,"column":74},"end":{"line":10,"column":112}},"line":10}},"branchMap":{},"s":{"0":0,"1":0,"2":0,"3":0},"f":{"0":0},"b":{}}
,"/home/asishk/Documents/BlinkList/blinklist/src/components/organisms/Explorer/index.tsx": {"path":"/home/asishk/Documents/BlinkList/blinklist/src/components/organisms/Explorer/index.tsx","statementMap":{"0":{"start":{"line":33,"column":18},"end":{"line":41,"column":3}},"1":{"start":{"line":33,"column":47},"end":{"line":41,"column":1}},"2":{"start":{"line":44,"column":16},"end":{"line":77,"column":2}},"3":{"start":{"line":79,"column":25},"end":{"line":204,"column":1}},"4":{"start":{"line":80,"column":20},"end":{"line":80,"column":30}},"5":{"start":{"line":81,"column":21},"end":{"line":81,"column":32}},"6":{"start":{"line":83,"column":16},"end":{"line":176,"column":5}},"7":{"start":{"line":178,"column":4},"end":{"line":203,"column":5}},"8":{"start":{"line":193,"column":16},"end":{"line":199,"column":27}}},"fnMap":{"0":{"name":"(anonymous_0)","decl":{"start":{"line":33,"column":29},"end":{"line":33,"column":30}},"loc":{"start":{"line":33,"column":47},"end":{"line":41,"column":1}},"line":33},"1":{"name":"(anonymous_1)","decl":{"start":{"line":79,"column":25},"end":{"line":79,"column":26}},"loc":{"start":{"line":79,"column":29},"end":{"line":204,"column":1}},"line":79},"2":{"name":"(anonymous_2)","decl":{"start":{"line":192,"column":22},"end":{"line":192,"column":23}},"loc":{"start":{"line":192,"column":34},"end":{"line":200,"column":13}},"line":192}},"branchMap":{},"s":{"0":1,"1":5,"2":1,"3":1,"4":5,"5":5,"6":5,"7":5,"8":90},"f":{"0":5,"1":5,"2":90},"b":{},"_coverageSchema":"1a1c01bbd47fc00a2c39e90264f33305004495a9","hash":"79ab4dcf660c2887cb737b1e49014f7d1a47ecb1"}
,"/home/asishk/Documents/BlinkList/blinklist/src/components/organisms/Footer/index.stories.tsx": {"path":"/home/asishk/Documents/BlinkList/blinklist/src/components/organisms/Footer/index.stories.tsx","statementMap":{"0":{"start":{"line":10,"column":48},"end":{"line":10,"column":82}},"1":{"start":{"line":10,"column":62},"end":{"line":10,"column":82}},"2":{"start":{"line":11,"column":30},"end":{"line":11,"column":47}},"3":{"start":{"line":12,"column":0},"end":{"line":12,"column":25}}},"fnMap":{"0":{"name":"(anonymous_0)","decl":{"start":{"line":10,"column":48},"end":{"line":10,"column":49}},"loc":{"start":{"line":10,"column":62},"end":{"line":10,"column":82}},"line":10}},"branchMap":{},"s":{"0":0,"1":0,"2":0,"3":0},"f":{"0":0},"b":{}}
,"/home/asishk/Documents/BlinkList/blinklist/src/components/organisms/Footer/index.tsx": {"path":"/home/asishk/Documents/BlinkList/blinklist/src/components/organisms/Footer/index.tsx","statementMap":{"0":{"start":{"line":7,"column":24},"end":{"line":100,"column":1}},"1":{"start":{"line":8,"column":17},"end":{"line":40,"column":5}},"2":{"start":{"line":41,"column":4},"end":{"line":99,"column":5}},"3":{"start":{"line":65,"column":24},"end":{"line":79,"column":31}},"4":{"start":{"line":74,"column":36},"end":{"line":76,"column":49}}},"fnMap":{"0":{"name":"(anonymous_0)","decl":{"start":{"line":7,"column":24},"end":{"line":7,"column":25}},"loc":{"start":{"line":7,"column":37},"end":{"line":100,"column":1}},"line":7},"1":{"name":"(anonymous_1)","decl":{"start":{"line":64,"column":29},"end":{"line":64,"column":30}},"loc":{"start":{"line":64,"column":37},"end":{"line":80,"column":21}},"line":64},"2":{"name":"(anonymous_2)","decl":{"start":{"line":73,"column":48},"end":{"line":73,"column":49}},"loc":{"start":{"line":73,"column":61},"end":{"line":77,"column":33}},"line":73}},"branchMap":{},"s":{"0":1,"1":1,"2":1,"3":3,"4":12},"f":{"0":1,"1":3,"2":12},"b":{},"_coverageSchema":"1a1c01bbd47fc00a2c39e90264f33305004495a9","hash":"30e2ff2561982453ff48a8b63c60e2e3413eb6fb"}
,"/home/asishk/Documents/BlinkList/blinklist/src/components/organisms/Header/index.stories.tsx": {"path":"/home/asishk/Documents/BlinkList/blinklist/src/components/organisms/Header/index.stories.tsx","statementMap":{"0":{"start":{"line":5,"column":24},"end":{"line":8,"column":33}},"1":{"start":{"line":10,"column":56},"end":{"line":15,"column":1}},"2":{"start":{"line":11,"column":4},"end":{"line":14,"column":5}},"3":{"start":{"line":16,"column":0},"end":{"line":19,"column":1}}},"fnMap":{"0":{"name":"(anonymous_0)","decl":{"start":{"line":10,"column":56},"end":{"line":10,"column":57}},"loc":{"start":{"line":10,"column":70},"end":{"line":15,"column":1}},"line":10}},"branchMap":{},"s":{"0":0,"1":0,"2":0,"3":0},"f":{"0":0},"b":{}}
,"/home/asishk/Documents/BlinkList/blinklist/src/components/organisms/Header/index.tsx": {"path":"/home/asishk/Documents/BlinkList/blinklist/src/components/organisms/Header/index.tsx","statementMap":{"0":{"start":{"line":20,"column":24},"end":{"line":103,"column":1}},"1":{"start":{"line":22,"column":21},"end":{"line":22,"column":42}},"2":{"start":{"line":23,"column":42},"end":{"line":23,"column":56}},"3":{"start":{"line":24,"column":44},"end":{"line":24,"column":58}},"4":{"start":{"line":25,"column":42},"end":{"line":25,"column":57}},"5":{"start":{"line":26,"column":30},"end":{"line":28,"column":7}},"6":{"start":{"line":27,"column":8},"end":{"line":27,"column":44}},"7":{"start":{"line":29,"column":31},"end":{"line":31,"column":5}},"8":{"start":{"line":30,"column":8},"end":{"line":30,"column":45}},"9":{"start":{"line":32,"column":31},"end":{"line":34,"column":5}},"10":{"start":{"line":33,"column":8},"end":{"line":33,"column":29}},"11":{"start":{"line":35,"column":32},"end":{"line":37,"column":5}},"12":{"start":{"line":36,"column":8},"end":{"line":36,"column":30}},"13":{"start":{"line":38,"column":4},"end":{"line":102,"column":6}},"14":{"start":{"line":49,"column":28},"end":{"line":49,"column":49}},"15":{"start":{"line":50,"column":28},"end":{"line":50,"column":55}},"16":{"start":{"line":55,"column":32},"end":{"line":55,"column":52}},"17":{"start":{"line":56,"column":32},"end":{"line":56,"column":58}},"18":{"start":{"line":93,"column":28},"end":{"line":95,"column":39}}},"fnMap":{"0":{"name":"(anonymous_0)","decl":{"start":{"line":20,"column":24},"end":{"line":20,"column":25}},"loc":{"start":{"line":20,"column":41},"end":{"line":103,"column":1}},"line":20},"1":{"name":"(anonymous_1)","decl":{"start":{"line":26,"column":30},"end":{"line":26,"column":31}},"loc":{"start":{"line":26,"column":46},"end":{"line":28,"column":7}},"line":26},"2":{"name":"(anonymous_2)","decl":{"start":{"line":29,"column":31},"end":{"line":29,"column":32}},"loc":{"start":{"line":29,"column":47},"end":{"line":31,"column":5}},"line":29},"3":{"name":"(anonymous_3)","decl":{"start":{"line":32,"column":31},"end":{"line":32,"column":32}},"loc":{"start":{"line":32,"column":37},"end":{"line":34,"column":5}},"line":32},"4":{"name":"(anonymous_4)","decl":{"start":{"line":35,"column":32},"end":{"line":35,"column":33}},"loc":{"start":{"line":35,"column":38},"end":{"line":37,"column":5}},"line":35},"5":{"name":"(anonymous_5)","decl":{"start":{"line":48,"column":75},"end":{"line":48,"column":76}},"loc":{"start":{"line":48,"column":80},"end":{"line":51,"column":26}},"line":48},"6":{"name":"(anonymous_6)","decl":{"start":{"line":54,"column":79},"end":{"line":54,"column":80}},"loc":{"start":{"line":54,"column":85},"end":{"line":57,"column":29}},"line":54},"7":{"name":"(anonymous_7)","decl":{"start":{"line":92,"column":38},"end":{"line":92,"column":39}},"loc":{"start":{"line":93,"column":28},"end":{"line":95,"column":39}},"line":93}},"branchMap":{"0":{"loc":{"start":{"line":46,"column":24},"end":{"line":65,"column":30}},"type":"cond-expr","locations":[{"start":{"line":48,"column":24},"end":{"line":51,"column":56}},{"start":{"line":53,"column":24},"end":{"line":65,"column":30}}],"line":46},"1":{"loc":{"start":{"line":60,"column":299},"end":{"line":60,"column":373}},"type":"cond-expr","locations":[{"start":{"line":60,"column":322},"end":{"line":60,"column":345}},{"start":{"line":60,"column":348},"end":{"line":60,"column":373}}],"line":60}},"s":{"0":0,"1":0,"2":0,"3":0,"4":0,"5":0,"6":0,"7":0,"8":0,"9":0,"10":0,"11":0,"12":0,"13":0,"14":0,"15":0,"16":0,"17":0,"18":0},"f":{"0":0,"1":0,"2":0,"3":0,"4":0,"5":0,"6":0,"7":0},"b":{"0":[0,0],"1":[0,0]}}
,"/home/asishk/Documents/BlinkList/blinklist/src/components/pages/BookInfoPage/index.tsx": {"path":"/home/asishk/Documents/BlinkList/blinklist/src/components/pages/BookInfoPage/index.tsx","statementMap":{"0":{"start":{"line":16,"column":17},"end":{"line":75,"column":2}},"1":{"start":{"line":78,"column":26},"end":{"line":236,"column":1}},"2":{"start":{"line":79,"column":20},"end":{"line":79,"column":30}},"3":{"start":{"line":80,"column":23},"end":{"line":80,"column":34}},"4":{"start":{"line":81,"column":20},"end":{"line":94,"column":5}},"5":{"start":{"line":96,"column":38},"end":{"line":96,"column":64}},"6":{"start":{"line":97,"column":36},"end":{"line":97,"column":55}},"7":{"start":{"line":98,"column":64},"end":{"line":98,"column":87}},"8":{"start":{"line":99,"column":24},"end":{"line":101,"column":5}},"9":{"start":{"line":100,"column":8},"end":{"line":100,"column":28}},"10":{"start":{"line":102,"column":27},"end":{"line":111,"column":5}},"11":{"start":{"line":103,"column":8},"end":{"line":109,"column":9}},"12":{"start":{"line":104,"column":12},"end":{"line":104,"column":39}},"13":{"start":{"line":105,"column":12},"end":{"line":108,"column":13}},"14":{"start":{"line":106,"column":16},"end":{"line":106,"column":47}},"15":{"start":{"line":107,"column":16},"end":{"line":107,"column":23}},"16":{"start":{"line":110,"column":8},"end":{"line":110,"column":41}},"17":{"start":{"line":112,"column":22},"end":{"line":112,"column":33}},"18":{"start":{"line":113,"column":4},"end":{"line":134,"column":11}},"19":{"start":{"line":114,"column":26},"end":{"line":130,"column":9}},"20":{"start":{"line":115,"column":12},"end":{"line":115,"column":32}},"21":{"start":{"line":117,"column":27},"end":{"line":117,"column":84}},"22":{"start":{"line":118,"column":30},"end":{"line":118,"column":51}},"23":{"start":{"line":129,"column":12},"end":{"line":129,"column":35}},"24":{"start":{"line":131,"column":8},"end":{"line":131,"column":25}},"25":{"start":{"line":132,"column":8},"end":{"line":132,"column":20}},"26":{"start":{"line":135,"column":33},"end":{"line":151,"column":9}},"27":{"start":{"line":137,"column":24},"end":{"line":137,"column":91}},"28":{"start":{"line":137,"column":73},"end":{"line":137,"column":90}},"29":{"start":{"line":138,"column":27},"end":{"line":138,"column":58}},"30":{"start":{"line":139,"column":12},"end":{"line":139,"column":54}},"31":{"start":{"line":140,"column":12},"end":{"line":140,"column":60}},"32":{"start":{"line":141,"column":12},"end":{"line":141,"column":32}},"33":{"start":{"line":142,"column":22},"end":{"line":148,"column":14}},"34":{"start":{"line":149,"column":12},"end":{"line":149,"column":29}},"35":{"start":{"line":150,"column":12},"end":{"line":150,"column":36}},"36":{"start":{"line":153,"column":21},"end":{"line":173,"column":5}},"37":{"start":{"line":154,"column":8},"end":{"line":172,"column":9}},"38":{"start":{"line":155,"column":12},"end":{"line":159,"column":13}},"39":{"start":{"line":160,"column":14},"end":{"line":172,"column":9}},"40":{"start":{"line":161,"column":12},"end":{"line":165,"column":13}},"41":{"start":{"line":166,"column":14},"end":{"line":172,"column":9}},"42":{"start":{"line":167,"column":12},"end":{"line":171,"column":13}},"43":{"start":{"line":174,"column":27},"end":{"line":176,"column":7}},"44":{"start":{"line":175,"column":8},"end":{"line":175,"column":46}},"45":{"start":{"line":177,"column":30},"end":{"line":179,"column":7}},"46":{"start":{"line":178,"column":8},"end":{"line":178,"column":46}},"47":{"start":{"line":180,"column":4},"end":{"line":235,"column":6}}},"fnMap":{"0":{"name":"(anonymous_0)","decl":{"start":{"line":78,"column":26},"end":{"line":78,"column":27}},"loc":{"start":{"line":78,"column":55},"end":{"line":236,"column":1}},"line":78},"1":{"name":"(anonymous_1)","decl":{"start":{"line":99,"column":24},"end":{"line":99,"column":25}},"loc":{"start":{"line":99,"column":39},"end":{"line":101,"column":5}},"line":99},"2":{"name":"(anonymous_2)","decl":{"start":{"line":102,"column":27},"end":{"line":102,"column":28}},"loc":{"start":{"line":102,"column":31},"end":{"line":111,"column":5}},"line":102},"3":{"name":"(anonymous_3)","decl":{"start":{"line":113,"column":14},"end":{"line":113,"column":15}},"loc":{"start":{"line":113,"column":19},"end":{"line":134,"column":5}},"line":113},"4":{"name":"(anonymous_4)","decl":{"start":{"line":114,"column":26},"end":{"line":114,"column":27}},"loc":{"start":{"line":114,"column":38},"end":{"line":130,"column":9}},"line":114},"5":{"name":"(anonymous_5)","decl":{"start":{"line":135,"column":33},"end":{"line":135,"column":34}},"loc":{"start":{"line":135,"column":54},"end":{"line":151,"column":9}},"line":135},"6":{"name":"(anonymous_6)","decl":{"start":{"line":137,"column":59},"end":{"line":137,"column":60}},"loc":{"start":{"line":137,"column":73},"end":{"line":137,"column":90}},"line":137},"7":{"name":"(anonymous_7)","decl":{"start":{"line":153,"column":21},"end":{"line":153,"column":22}},"loc":{"start":{"line":153,"column":25},"end":{"line":173,"column":5}},"line":153},"8":{"name":"(anonymous_8)","decl":{"start":{"line":174,"column":27},"end":{"line":174,"column":28}},"loc":{"start":{"line":174,"column":37},"end":{"line":176,"column":7}},"line":174},"9":{"name":"(anonymous_9)","decl":{"start":{"line":177,"column":30},"end":{"line":177,"column":31}},"loc":{"start":{"line":177,"column":40},"end":{"line":179,"column":7}},"line":177}},"branchMap":{"0":{"loc":{"start":{"line":105,"column":12},"end":{"line":108,"column":13}},"type":"if","locations":[{"start":{"line":105,"column":12},"end":{"line":108,"column":13}},{"start":{},"end":{}}],"line":105},"1":{"loc":{"start":{"line":154,"column":8},"end":{"line":172,"column":9}},"type":"if","locations":[{"start":{"line":154,"column":8},"end":{"line":172,"column":9}},{"start":{"line":160,"column":14},"end":{"line":172,"column":9}}],"line":154},"2":{"loc":{"start":{"line":160,"column":14},"end":{"line":172,"column":9}},"type":"if","locations":[{"start":{"line":160,"column":14},"end":{"line":172,"column":9}},{"start":{"line":166,"column":14},"end":{"line":172,"column":9}}],"line":160},"3":{"loc":{"start":{"line":166,"column":14},"end":{"line":172,"column":9}},"type":"if","locations":[{"start":{"line":166,"column":14},"end":{"line":172,"column":9}},{"start":{},"end":{}}],"line":166},"4":{"loc":{"start":{"line":181,"column":8},"end":{"line":233,"column":20}},"type":"cond-expr","locations":[{"start":{"line":183,"column":8},"end":{"line":183,"column":60}},{"start":{"line":185,"column":8},"end":{"line":233,"column":20}}],"line":181},"5":{"loc":{"start":{"line":213,"column":25},"end":{"line":217,"column":30}},"type":"cond-expr","locations":[{"start":{"line":215,"column":28},"end":{"line":215,"column":295}},{"start":{"line":217,"column":28},"end":{"line":217,"column":30}}],"line":213}},"s":{"0":0,"1":0,"2":0,"3":0,"4":0,"5":0,"6":0,"7":0,"8":0,"9":0,"10":0,"11":0,"12":0,"13":0,"14":0,"15":0,"16":0,"17":0,"18":0,"19":0,"20":0,"21":0,"22":0,"23":0,"24":0,"25":0,"26":0,"27":0,"28":0,"29":0,"30":0,"31":0,"32":0,"33":0,"34":0,"35":0,"36":0,"37":0,"38":0,"39":0,"40":0,"41":0,"42":0,"43":0,"44":0,"45":0,"46":0,"47":0},"f":{"0":0,"1":0,"2":0,"3":0,"4":0,"5":0,"6":0,"7":0,"8":0,"9":0},"b":{"0":[0,0],"1":[0,0],"2":[0,0],"3":[0,0],"4":[0,0],"5":[0,0]}}
,"/home/asishk/Documents/BlinkList/blinklist/src/components/pages/EntrepreneurPage/index.tsx": {"path":"/home/asishk/Documents/BlinkList/blinklist/src/components/pages/EntrepreneurPage/index.tsx","statementMap":{"0":{"start":{"line":12,"column":18},"end":{"line":34,"column":2}},"1":{"start":{"line":37,"column":25},"end":{"line":134,"column":1}},"2":{"start":{"line":38,"column":20},"end":{"line":38,"column":31}},"3":{"start":{"line":39,"column":27},"end":{"line":50,"column":5}},"4":{"start":{"line":40,"column":22},"end":{"line":47,"column":9}},"5":{"start":{"line":41,"column":12},"end":{"line":45,"column":13}},"6":{"start":{"line":42,"column":16},"end":{"line":44,"column":17}},"7":{"start":{"line":43,"column":20},"end":{"line":43,"column":72}},"8":{"start":{"line":46,"column":12},"end":{"line":46,"column":35}},"9":{"start":{"line":48,"column":25},"end":{"line":48,"column":58}},"10":{"start":{"line":49,"column":8},"end":{"line":49,"column":78}},"11":{"start":{"line":52,"column":27},"end":{"line":69,"column":5}},"12":{"start":{"line":54,"column":12},"end":{"line":57,"column":15}},"13":{"start":{"line":58,"column":12},"end":{"line":58,"column":32}},"14":{"start":{"line":59,"column":12},"end":{"line":59,"column":32}},"15":{"start":{"line":60,"column":22},"end":{"line":66,"column":14}},"16":{"start":{"line":67,"column":12},"end":{"line":67,"column":36}},"17":{"start":{"line":79,"column":28},"end":{"line":121,"column":5}},"18":{"start":{"line":80,"column":8},"end":{"line":120,"column":10}},"19":{"start":{"line":81,"column":12},"end":{"line":83,"column":13}},"20":{"start":{"line":84,"column":12},"end":{"line":84,"column":33}},"21":{"start":{"line":85,"column":12},"end":{"line":119,"column":18}},"22":{"start":{"line":96,"column":32},"end":{"line":96,"column":53}},"23":{"start":{"line":98,"column":50},"end":{"line":98,"column":77}},"24":{"start":{"line":99,"column":32},"end":{"line":114,"column":49}},"25":{"start":{"line":122,"column":4},"end":{"line":133,"column":6}}},"fnMap":{"0":{"name":"(anonymous_0)","decl":{"start":{"line":37,"column":25},"end":{"line":37,"column":26}},"loc":{"start":{"line":37,"column":96},"end":{"line":134,"column":1}},"line":37},"1":{"name":"(anonymous_1)","decl":{"start":{"line":39,"column":27},"end":{"line":39,"column":28}},"loc":{"start":{"line":39,"column":41},"end":{"line":50,"column":5}},"line":39},"2":{"name":"(anonymous_2)","decl":{"start":{"line":40,"column":22},"end":{"line":40,"column":23}},"loc":{"start":{"line":40,"column":36},"end":{"line":47,"column":9}},"line":40},"3":{"name":"(anonymous_3)","decl":{"start":{"line":52,"column":27},"end":{"line":52,"column":28}},"loc":{"start":{"line":52,"column":68},"end":{"line":69,"column":5}},"line":52},"4":{"name":"(anonymous_4)","decl":{"start":{"line":79,"column":28},"end":{"line":79,"column":29}},"loc":{"start":{"line":79,"column":32},"end":{"line":121,"column":5}},"line":79},"5":{"name":"(anonymous_5)","decl":{"start":{"line":80,"column":35},"end":{"line":80,"column":36}},"loc":{"start":{"line":80,"column":47},"end":{"line":120,"column":9}},"line":80},"6":{"name":"(anonymous_6)","decl":{"start":{"line":95,"column":43},"end":{"line":95,"column":44}},"loc":{"start":{"line":95,"column":61},"end":{"line":115,"column":29}},"line":95}},"branchMap":{"0":{"loc":{"start":{"line":42,"column":16},"end":{"line":44,"column":17}},"type":"if","locations":[{"start":{"line":42,"column":16},"end":{"line":44,"column":17}},{"start":{},"end":{}}],"line":42},"1":{"loc":{"start":{"line":49,"column":15},"end":{"line":49,"column":77}},"type":"cond-expr","locations":[{"start":{"line":49,"column":35},"end":{"line":49,"column":45}},{"start":{"line":49,"column":48},"end":{"line":49,"column":77}}],"line":49},"2":{"loc":{"start":{"line":81,"column":12},"end":{"line":83,"column":13}},"type":"if","locations":[{"start":{"line":81,"column":12},"end":{"line":83,"column":13}},{"start":{},"end":{}}],"line":81},"3":{"loc":{"start":{"line":93,"column":24},"end":{"line":115,"column":30}},"type":"cond-expr","locations":[{"start":{"line":94,"column":25},"end":{"line":94,"column":77}},{"start":{"line":95,"column":28},"end":{"line":115,"column":30}}],"line":93}},"s":{"0":0,"1":0,"2":0,"3":0,"4":0,"5":0,"6":0,"7":0,"8":0,"9":0,"10":0,"11":0,"12":0,"13":0,"14":0,"15":0,"16":0,"17":0,"18":0,"19":0,"20":0,"21":0,"22":0,"23":0,"24":0,"25":0},"f":{"0":0,"1":0,"2":0,"3":0,"4":0,"5":0,"6":0},"b":{"0":[0,0],"1":[0,0],"2":[0,0],"3":[0,0]}}
,"/home/asishk/Documents/BlinkList/blinklist/src/components/pages/MyLibrary/index.tsx": {"path":"/home/asishk/Documents/BlinkList/blinklist/src/components/pages/MyLibrary/index.tsx","statementMap":{"0":{"start":{"line":11,"column":21},"end":{"line":17,"column":2}},"1":{"start":{"line":19,"column":18},"end":{"line":180,"column":1}},"2":{"start":{"line":20,"column":20},"end":{"line":20,"column":30}},"3":{"start":{"line":21,"column":15},"end":{"line":21,"column":22}},"4":{"start":{"line":23,"column":20},"end":{"line":34,"column":5}},"5":{"start":{"line":35,"column":19},"end":{"line":55,"column":10}},"6":{"start":{"line":57,"column":38},"end":{"line":57,"column":64}},"7":{"start":{"line":58,"column":24},"end":{"line":60,"column":5}},"8":{"start":{"line":59,"column":8},"end":{"line":59,"column":28}},"9":{"start":{"line":62,"column":26},"end":{"line":140,"column":5}},"10":{"start":{"line":64,"column":8},"end":{"line":139,"column":9}},"11":{"start":{"line":66,"column":12},"end":{"line":66,"column":72}},"12":{"start":{"line":70,"column":11},"end":{"line":70,"column":44}},"13":{"start":{"line":71,"column":12},"end":{"line":138,"column":14}},"14":{"start":{"line":74,"column":16},"end":{"line":104,"column":18}},"15":{"start":{"line":76,"column":27},"end":{"line":76,"column":51}},"16":{"start":{"line":78,"column":35},"end":{"line":78,"column":61}},"17":{"start":{"line":80,"column":20},"end":{"line":84,"column":21}},"18":{"start":{"line":81,"column":24},"end":{"line":83,"column":25}},"19":{"start":{"line":82,"column":28},"end":{"line":82,"column":44}},"20":{"start":{"line":86,"column":20},"end":{"line":103,"column":37}},"21":{"start":{"line":105,"column":18},"end":{"line":138,"column":14}},"22":{"start":{"line":106,"column":16},"end":{"line":106,"column":44}},"23":{"start":{"line":107,"column":17},"end":{"line":137,"column":19}},"24":{"start":{"line":108,"column":27},"end":{"line":108,"column":51}},"25":{"start":{"line":109,"column":35},"end":{"line":109,"column":57}},"26":{"start":{"line":111,"column":20},"end":{"line":115,"column":21}},"27":{"start":{"line":112,"column":24},"end":{"line":114,"column":25}},"28":{"start":{"line":113,"column":28},"end":{"line":113,"column":44}},"29":{"start":{"line":116,"column":20},"end":{"line":135,"column":37}},"30":{"start":{"line":153,"column":4},"end":{"line":179,"column":6}}},"fnMap":{"0":{"name":"(anonymous_0)","decl":{"start":{"line":19,"column":18},"end":{"line":19,"column":19}},"loc":{"start":{"line":19,"column":65},"end":{"line":180,"column":1}},"line":19},"1":{"name":"(anonymous_1)","decl":{"start":{"line":58,"column":24},"end":{"line":58,"column":25}},"loc":{"start":{"line":58,"column":39},"end":{"line":60,"column":5}},"line":58},"2":{"name":"(anonymous_2)","decl":{"start":{"line":62,"column":26},"end":{"line":62,"column":27}},"loc":{"start":{"line":62,"column":32},"end":{"line":140,"column":5}},"line":62},"3":{"name":"(anonymous_3)","decl":{"start":{"line":74,"column":49},"end":{"line":74,"column":50}},"loc":{"start":{"line":74,"column":63},"end":{"line":104,"column":17}},"line":74},"4":{"name":"(anonymous_4)","decl":{"start":{"line":107,"column":46},"end":{"line":107,"column":47}},"loc":{"start":{"line":107,"column":60},"end":{"line":137,"column":17}},"line":107}},"branchMap":{"0":{"loc":{"start":{"line":64,"column":8},"end":{"line":139,"column":9}},"type":"if","locations":[{"start":{"line":64,"column":8},"end":{"line":139,"column":9}},{"start":{"line":68,"column":13},"end":{"line":139,"column":9}}],"line":64},"1":{"loc":{"start":{"line":71,"column":12},"end":{"line":138,"column":14}},"type":"if","locations":[{"start":{"line":71,"column":12},"end":{"line":138,"column":14}},{"start":{"line":105,"column":18},"end":{"line":138,"column":14}}],"line":71},"2":{"loc":{"start":{"line":81,"column":24},"end":{"line":83,"column":25}},"type":"if","locations":[{"start":{"line":81,"column":24},"end":{"line":83,"column":25}},{"start":{},"end":{}}],"line":81},"3":{"loc":{"start":{"line":86,"column":27},"end":{"line":103,"column":37}},"type":"binary-expr","locations":[{"start":{"line":86,"column":27},"end":{"line":86,"column":35}},{"start":{"line":86,"column":39},"end":{"line":103,"column":37}}],"line":86},"4":{"loc":{"start":{"line":105,"column":18},"end":{"line":138,"column":14}},"type":"if","locations":[{"start":{"line":105,"column":18},"end":{"line":138,"column":14}},{"start":{},"end":{}}],"line":105},"5":{"loc":{"start":{"line":112,"column":24},"end":{"line":114,"column":25}},"type":"if","locations":[{"start":{"line":112,"column":24},"end":{"line":114,"column":25}},{"start":{},"end":{}}],"line":112},"6":{"loc":{"start":{"line":116,"column":27},"end":{"line":135,"column":37}},"type":"binary-expr","locations":[{"start":{"line":116,"column":27},"end":{"line":116,"column":35}},{"start":{"line":117,"column":20},"end":{"line":135,"column":37}}],"line":116}},"s":{"0":0,"1":0,"2":0,"3":0,"4":0,"5":0,"6":0,"7":0,"8":0,"9":0,"10":0,"11":0,"12":0,"13":0,"14":0,"15":0,"16":0,"17":0,"18":0,"19":0,"20":0,"21":0,"22":0,"23":0,"24":0,"25":0,"26":0,"27":0,"28":0,"29":0,"30":0},"f":{"0":0,"1":0,"2":0,"3":0,"4":0},"b":{"0":[0,0],"1":[0,0],"2":[0,0],"3":[0,0],"4":[0,0],"5":[0,0],"6":[0,0]}}
,"/home/asishk/Documents/BlinkList/blinklist/src/stories/Button.stories.tsx": {"path":"/home/asishk/Documents/BlinkList/blinklist/src/stories/Button.stories.tsx","statementMap":{"0":{"start":{"line":17,"column":48},"end":{"line":17,"column":78}},"1":{"start":{"line":17,"column":58},"end":{"line":17,"column":78}},"2":{"start":{"line":19,"column":23},"end":{"line":19,"column":40}},"3":{"start":{"line":21,"column":0},"end":{"line":24,"column":2}},"4":{"start":{"line":26,"column":25},"end":{"line":26,"column":42}},"5":{"start":{"line":27,"column":0},"end":{"line":29,"column":2}},"6":{"start":{"line":31,"column":21},"end":{"line":31,"column":38}},"7":{"start":{"line":32,"column":0},"end":{"line":35,"column":2}},"8":{"start":{"line":37,"column":21},"end":{"line":37,"column":38}},"9":{"start":{"line":38,"column":0},"end":{"line":41,"column":2}}},"fnMap":{"0":{"name":"(anonymous_0)","decl":{"start":{"line":17,"column":48},"end":{"line":17,"column":49}},"loc":{"start":{"line":17,"column":58},"end":{"line":17,"column":78}},"line":17}},"branchMap":{},"s":{"0":0,"1":0,"2":0,"3":0,"4":0,"5":0,"6":0,"7":0,"8":0,"9":0},"f":{"0":0},"b":{}}
,"/home/asishk/Documents/BlinkList/blinklist/src/stories/Button.tsx": {"path":"/home/asishk/Documents/BlinkList/blinklist/src/stories/Button.tsx","statementMap":{"0":{"start":{"line":30,"column":22},"end":{"line":48,"column":1}},"1":{"start":{"line":37,"column":15},"end":{"line":37,"column":84}},"2":{"start":{"line":38,"column":2},"end":{"line":47,"column":4}}},"fnMap":{"0":{"name":"(anonymous_0)","decl":{"start":{"line":30,"column":22},"end":{"line":30,"column":23}},"loc":{"start":{"line":36,"column":19},"end":{"line":48,"column":1}},"line":36}},"branchMap":{"0":{"loc":{"start":{"line":31,"column":2},"end":{"line":31,"column":17}},"type":"default-arg","locations":[{"start":{"line":31,"column":12},"end":{"line":31,"column":17}}],"line":31},"1":{"loc":{"start":{"line":32,"column":2},"end":{"line":32,"column":17}},"type":"default-arg","locations":[{"start":{"line":32,"column":9},"end":{"line":32,"column":17}}],"line":32},"2":{"loc":{"start":{"line":37,"column":15},"end":{"line":37,"column":84}},"type":"cond-expr","locations":[{"start":{"line":37,"column":25},"end":{"line":37,"column":52}},{"start":{"line":37,"column":55},"end":{"line":37,"column":84}}],"line":37}},"s":{"0":0,"1":0,"2":0},"f":{"0":0},"b":{"0":[0],"1":[0],"2":[0,0]}}
,"/home/asishk/Documents/BlinkList/blinklist/src/stories/Header.stories.tsx": {"path":"/home/asishk/Documents/BlinkList/blinklist/src/stories/Header.stories.tsx","statementMap":{"0":{"start":{"line":15,"column":48},"end":{"line":15,"column":78}},"1":{"start":{"line":15,"column":58},"end":{"line":15,"column":78}},"2":{"start":{"line":17,"column":24},"end":{"line":17,"column":41}},"3":{"start":{"line":18,"column":0},"end":{"line":22,"column":2}},"4":{"start":{"line":24,"column":25},"end":{"line":24,"column":42}},"5":{"start":{"line":25,"column":0},"end":{"line":25,"column":20}}},"fnMap":{"0":{"name":"(anonymous_0)","decl":{"start":{"line":15,"column":48},"end":{"line":15,"column":49}},"loc":{"start":{"line":15,"column":58},"end":{"line":15,"column":78}},"line":15}},"branchMap":{},"s":{"0":0,"1":0,"2":0,"3":0,"4":0,"5":0},"f":{"0":0},"b":{}}
,"/home/asishk/Documents/BlinkList/blinklist/src/stories/Header.tsx": {"path":"/home/asishk/Documents/BlinkList/blinklist/src/stories/Header.tsx","statementMap":{"0":{"start":{"line":17,"column":22},"end":{"line":56,"column":1}},"1":{"start":{"line":18,"column":2},"end":{"line":55,"column":11}}},"fnMap":{"0":{"name":"(anonymous_0)","decl":{"start":{"line":17,"column":22},"end":{"line":17,"column":23}},"loc":{"start":{"line":18,"column":2},"end":{"line":55,"column":11}},"line":18}},"branchMap":{"0":{"loc":{"start":{"line":40,"column":9},"end":{"line":52,"column":9}},"type":"cond-expr","locations":[{"start":{"line":41,"column":10},"end":{"line":46,"column":13}},{"start":{"line":48,"column":10},"end":{"line":51,"column":13}}],"line":40}},"s":{"0":0,"1":0},"f":{"0":0},"b":{"0":[0,0]}}
,"/home/asishk/Documents/BlinkList/blinklist/src/stories/Page.stories.tsx": {"path":"/home/asishk/Documents/BlinkList/blinklist/src/stories/Page.stories.tsx","statementMap":{"0":{"start":{"line":15,"column":46},"end":{"line":15,"column":74}},"1":{"start":{"line":15,"column":56},"end":{"line":15,"column":74}},"2":{"start":{"line":17,"column":25},"end":{"line":17,"column":42}},"3":{"start":{"line":19,"column":24},"end":{"line":19,"column":41}},"4":{"start":{"line":22,"column":0},"end":{"line":26,"column":2}},"5":{"start":{"line":23,"column":17},"end":{"line":23,"column":38}},"6":{"start":{"line":24,"column":22},"end":{"line":24,"column":75}},"7":{"start":{"line":25,"column":2},"end":{"line":25,"column":37}}},"fnMap":{"0":{"name":"(anonymous_0)","decl":{"start":{"line":15,"column":46},"end":{"line":15,"column":47}},"loc":{"start":{"line":15,"column":56},"end":{"line":15,"column":74}},"line":15},"1":{"name":"(anonymous_1)","decl":{"start":{"line":22,"column":16},"end":{"line":22,"column":17}},"loc":{"start":{"line":22,"column":45},"end":{"line":26,"column":1}},"line":22}},"branchMap":{},"s":{"0":0,"1":0,"2":0,"3":0,"4":0,"5":0,"6":0,"7":0},"f":{"0":0,"1":0},"b":{}}
,"/home/asishk/Documents/BlinkList/blinklist/src/stories/Page.tsx": {"path":"/home/asishk/Documents/BlinkList/blinklist/src/stories/Page.tsx","statementMap":{"0":{"start":{"line":10,"column":31},"end":{"line":73,"column":1}},"1":{"start":{"line":11,"column":26},"end":{"line":11,"column":48}},"2":{"start":{"line":13,"column":2},"end":{"line":72,"column":4}},"3":{"start":{"line":17,"column":23},"end":{"line":17,"column":52}},"4":{"start":{"line":18,"column":24},"end":{"line":18,"column":42}},"5":{"start":{"line":19,"column":31},"end":{"line":19,"column":60}}},"fnMap":{"0":{"name":"(anonymous_0)","decl":{"start":{"line":10,"column":31},"end":{"line":10,"column":32}},"loc":{"start":{"line":10,"column":37},"end":{"line":73,"column":1}},"line":10},"1":{"name":"(anonymous_1)","decl":{"start":{"line":17,"column":17},"end":{"line":17,"column":18}},"loc":{"start":{"line":17,"column":23},"end":{"line":17,"column":52}},"line":17},"2":{"name":"(anonymous_2)","decl":{"start":{"line":18,"column":18},"end":{"line":18,"column":19}},"loc":{"start":{"line":18,"column":24},"end":{"line":18,"column":42}},"line":18},"3":{"name":"(anonymous_3)","decl":{"start":{"line":19,"column":25},"end":{"line":19,"column":26}},"loc":{"start":{"line":19,"column":31},"end":{"line":19,"column":60}},"line":19}},"branchMap":{},"s":{"0":0,"1":0,"2":0,"3":0,"4":0,"5":0},"f":{"0":0,"1":0,"2":0,"3":0},"b":{}}
}
