{"/home/asishk/Documents/blinklist/src/App.tsx": {"path":"/home/asishk/Documents/blinklist/src/App.tsx","statementMap":{"0":{"start":{"line":15,"column":2},"end":{"line":24,"column":4}}},"fnMap":{"0":{"name":"App","decl":{"start":{"line":14,"column":9},"end":{"line":14,"column":12}},"loc":{"start":{"line":14,"column":15},"end":{"line":25,"column":1}},"line":14}},"branchMap":{},"s":{"0":0},"f":{"0":0},"b":{}}
,"/home/asishk/Documents/blinklist/src/LoginButton.tsx": {"path":"/home/asishk/Documents/blinklist/src/LoginButton.tsx","statementMap":{"0":{"start":{"line":9,"column":17},"end":{"line":18,"column":2}},"1":{"start":{"line":20,"column":20},"end":{"line":51,"column":1}},"2":{"start":{"line":22,"column":17},"end":{"line":22,"column":27}},"3":{"start":{"line":24,"column":32},"end":{"line":24,"column":42}},"4":{"start":{"line":25,"column":25},"end":{"line":27,"column":3}},"5":{"start":{"line":26,"column":4},"end":{"line":26,"column":52}},"6":{"start":{"line":28,"column":26},"end":{"line":30,"column":3}},"7":{"start":{"line":29,"column":4},"end":{"line":29,"column":52}},"8":{"start":{"line":32,"column":2},"end":{"line":50,"column":9}},"9":{"start":{"line":47,"column":36},"end":{"line":47,"column":55}}},"fnMap":{"0":{"name":"(anonymous_0)","decl":{"start":{"line":20,"column":20},"end":{"line":20,"column":21}},"loc":{"start":{"line":20,"column":26},"end":{"line":51,"column":1}},"line":20},"1":{"name":"(anonymous_1)","decl":{"start":{"line":25,"column":25},"end":{"line":25,"column":26}},"loc":{"start":{"line":25,"column":45},"end":{"line":27,"column":3}},"line":25},"2":{"name":"(anonymous_2)","decl":{"start":{"line":28,"column":26},"end":{"line":28,"column":27}},"loc":{"start":{"line":28,"column":46},"end":{"line":30,"column":3}},"line":28},"3":{"name":"(anonymous_3)","decl":{"start":{"line":47,"column":30},"end":{"line":47,"column":31}},"loc":{"start":{"line":47,"column":36},"end":{"line":47,"column":55}},"line":47}},"branchMap":{},"s":{"0":0,"1":0,"2":0,"3":0,"4":0,"5":0,"6":0,"7":0,"8":0,"9":0},"f":{"0":0,"1":0,"2":0,"3":0},"b":{}}
,"/home/asishk/Documents/blinklist/src/Theme.tsx": {"path":"/home/asishk/Documents/blinklist/src/Theme.tsx","statementMap":{"0":{"start":{"line":14,"column":17},"end":{"line":384,"column":1}},"1":{"start":{"line":15,"column":2},"end":{"line":383,"column":4}},"2":{"start":{"line":386,"column":18},"end":{"line":742,"column":2}},"3":{"start":{"line":744,"column":21},"end":{"line":750,"column":2}}},"fnMap":{"0":{"name":"(anonymous_0)","decl":{"start":{"line":14,"column":28},"end":{"line":14,"column":29}},"loc":{"start":{"line":15,"column":2},"end":{"line":383,"column":4}},"line":15}},"branchMap":{},"s":{"0":0,"1":0,"2":0,"3":0},"f":{"0":0},"b":{}}
,"/home/asishk/Documents/blinklist/src/index.tsx": {"path":"/home/asishk/Documents/blinklist/src/index.tsx","statementMap":{"0":{"start":{"line":10,"column":13},"end":{"line":12,"column":1}},"1":{"start":{"line":14,"column":0},"end":{"line":26,"column":2}},"2":{"start":{"line":31,"column":0},"end":{"line":31,"column":18}}},"fnMap":{},"branchMap":{},"s":{"0":0,"1":0,"2":0},"f":{},"b":{}}
,"/home/asishk/Documents/blinklist/src/reportWebVitals.ts": {"path":"/home/asishk/Documents/blinklist/src/reportWebVitals.ts","statementMap":{"0":{"start":{"line":3,"column":24},"end":{"line":13,"column":1}},"1":{"start":{"line":4,"column":2},"end":{"line":12,"column":3}},"2":{"start":{"line":5,"column":4},"end":{"line":11,"column":7}},"3":{"start":{"line":6,"column":6},"end":{"line":6,"column":26}},"4":{"start":{"line":7,"column":6},"end":{"line":7,"column":26}},"5":{"start":{"line":8,"column":6},"end":{"line":8,"column":26}},"6":{"start":{"line":9,"column":6},"end":{"line":9,"column":26}},"7":{"start":{"line":10,"column":6},"end":{"line":10,"column":27}}},"fnMap":{"0":{"name":"(anonymous_0)","decl":{"start":{"line":3,"column":24},"end":{"line":3,"column":25}},"loc":{"start":{"line":3,"column":57},"end":{"line":13,"column":1}},"line":3},"1":{"name":"(anonymous_1)","decl":{"start":{"line":5,"column":30},"end":{"line":5,"column":31}},"loc":{"start":{"line":5,"column":79},"end":{"line":11,"column":5}},"line":5}},"branchMap":{"0":{"loc":{"start":{"line":4,"column":2},"end":{"line":12,"column":3}},"type":"if","locations":[{"start":{"line":4,"column":2},"end":{"line":12,"column":3}},{"start":{},"end":{}}],"line":4},"1":{"loc":{"start":{"line":4,"column":6},"end":{"line":4,"column":52}},"type":"binary-expr","locations":[{"start":{"line":4,"column":6},"end":{"line":4,"column":17}},{"start":{"line":4,"column":21},"end":{"line":4,"column":52}}],"line":4}},"s":{"0":0,"1":0,"2":0,"3":0,"4":0,"5":0,"6":0,"7":0},"f":{"0":0,"1":0},"b":{"0":[0,0],"1":[0,0]}}
,"/home/asishk/Documents/blinklist/src/components/atoms/Avatar/index.stories.tsx": {"path":"/home/asishk/Documents/blinklist/src/components/atoms/Avatar/index.stories.tsx","statementMap":{"0":{"start":{"line":10,"column":48},"end":{"line":10,"column":78}},"1":{"start":{"line":10,"column":58},"end":{"line":10,"column":78}},"2":{"start":{"line":12,"column":26},"end":{"line":12,"column":43}},"3":{"start":{"line":14,"column":0},"end":{"line":17,"column":2}}},"fnMap":{"0":{"name":"(anonymous_0)","decl":{"start":{"line":10,"column":48},"end":{"line":10,"column":49}},"loc":{"start":{"line":10,"column":58},"end":{"line":10,"column":78}},"line":10}},"branchMap":{},"s":{"0":0,"1":0,"2":0,"3":0},"f":{"0":0},"b":{}}
,"/home/asishk/Documents/blinklist/src/components/atoms/Avatar/index.tsx": {"path":"/home/asishk/Documents/blinklist/src/components/atoms/Avatar/index.tsx","statementMap":{"0":{"start":{"line":14,"column":61},"end":{"line":18,"column":1}},"1":{"start":{"line":15,"column":23},"end":{"line":15,"column":28}},"2":{"start":{"line":17,"column":2},"end":{"line":17,"column":40}}},"fnMap":{"0":{"name":"(anonymous_0)","decl":{"start":{"line":14,"column":61},"end":{"line":14,"column":62}},"loc":{"start":{"line":14,"column":72},"end":{"line":18,"column":1}},"line":14}},"branchMap":{},"s":{"0":2,"1":2,"2":2},"f":{"0":2},"b":{},"_coverageSchema":"1a1c01bbd47fc00a2c39e90264f33305004495a9","hash":"7866d5db2e7fd261c2395a881c9c3e456e3e76f7"}
,"/home/asishk/Documents/blinklist/src/components/atoms/Button/index.stories.tsx": {"path":"/home/asishk/Documents/blinklist/src/components/atoms/Button/index.stories.tsx","statementMap":{"0":{"start":{"line":10,"column":63},"end":{"line":12,"column":1}},"1":{"start":{"line":11,"column":2},"end":{"line":11,"column":62}},"2":{"start":{"line":14,"column":29},"end":{"line":14,"column":52}},"3":{"start":{"line":15,"column":0},"end":{"line":22,"column":2}},"4":{"start":{"line":24,"column":31},"end":{"line":24,"column":54}},"5":{"start":{"line":25,"column":0},"end":{"line":32,"column":2}},"6":{"start":{"line":34,"column":26},"end":{"line":34,"column":49}},"7":{"start":{"line":35,"column":0},"end":{"line":41,"column":2}}},"fnMap":{"0":{"name":"(anonymous_0)","decl":{"start":{"line":10,"column":63},"end":{"line":10,"column":64}},"loc":{"start":{"line":11,"column":2},"end":{"line":11,"column":62}},"line":11}},"branchMap":{},"s":{"0":0,"1":0,"2":0,"3":0,"4":0,"5":0,"6":0,"7":0},"f":{"0":0},"b":{}}
,"/home/asishk/Documents/blinklist/src/components/atoms/Button/index.tsx": {"path":"/home/asishk/Documents/blinklist/src/components/atoms/Button/index.tsx","statementMap":{"0":{"start":{"line":40,"column":73},"end":{"line":62,"column":1}},"1":{"start":{"line":50,"column":2},"end":{"line":61,"column":4}}},"fnMap":{"0":{"name":"(anonymous_0)","decl":{"start":{"line":40,"column":73},"end":{"line":40,"column":74}},"loc":{"start":{"line":49,"column":6},"end":{"line":62,"column":1}},"line":49}},"branchMap":{},"s":{"0":9,"1":23},"f":{"0":23},"b":{},"_coverageSchema":"1a1c01bbd47fc00a2c39e90264f33305004495a9","hash":"44ca622270b2024c4521e2ba51e38bdfa4ffa8fa"}
,"/home/asishk/Documents/blinklist/src/components/atoms/Checkbox/index.stories.tsx": {"path":"/home/asishk/Documents/blinklist/src/components/atoms/Checkbox/index.stories.tsx","statementMap":{"0":{"start":{"line":9,"column":59},"end":{"line":9,"column":100}},"1":{"start":{"line":9,"column":69},"end":{"line":9,"column":100}},"2":{"start":{"line":11,"column":31},"end":{"line":11,"column":48}},"3":{"start":{"line":13,"column":0},"end":{"line":15,"column":2}}},"fnMap":{"0":{"name":"(anonymous_0)","decl":{"start":{"line":9,"column":59},"end":{"line":9,"column":60}},"loc":{"start":{"line":9,"column":69},"end":{"line":9,"column":100}},"line":9}},"branchMap":{},"s":{"0":0,"1":0,"2":0,"3":0},"f":{"0":0},"b":{}}
,"/home/asishk/Documents/blinklist/src/components/atoms/Checkbox/index.tsx": {"path":"/home/asishk/Documents/blinklist/src/components/atoms/Checkbox/index.tsx","statementMap":{"0":{"start":{"line":12,"column":31},"end":{"line":18,"column":3}},"1":{"start":{"line":12,"column":63},"end":{"line":18,"column":1}},"2":{"start":{"line":20,"column":23},"end":{"line":29,"column":2}},"3":{"start":{"line":31,"column":26},"end":{"line":46,"column":1}},"4":{"start":{"line":32,"column":20},"end":{"line":32,"column":25}},"5":{"start":{"line":34,"column":2},"end":{"line":45,"column":4}}},"fnMap":{"0":{"name":"(anonymous_0)","decl":{"start":{"line":12,"column":56},"end":{"line":12,"column":57}},"loc":{"start":{"line":12,"column":63},"end":{"line":18,"column":1}},"line":12},"1":{"name":"(anonymous_1)","decl":{"start":{"line":31,"column":26},"end":{"line":31,"column":27}},"loc":{"start":{"line":31,"column":52},"end":{"line":46,"column":1}},"line":31}},"branchMap":{},"s":{"0":2,"1":21,"2":2,"3":2,"4":21,"5":21},"f":{"0":21,"1":21},"b":{},"_coverageSchema":"1a1c01bbd47fc00a2c39e90264f33305004495a9","hash":"77c4a916107f93187444270009e3c4a3bbdd3aeb"}
,"/home/asishk/Documents/blinklist/src/components/atoms/Icon/index.stories.tsx": {"path":"/home/asishk/Documents/blinklist/src/components/atoms/Icon/index.stories.tsx","statementMap":{"0":{"start":{"line":4,"column":22},"end":{"line":7,"column":31}},"1":{"start":{"line":9,"column":53},"end":{"line":9,"column":86}},"2":{"start":{"line":9,"column":68},"end":{"line":9,"column":86}},"3":{"start":{"line":11,"column":0},"end":{"line":13,"column":2}}},"fnMap":{"0":{"name":"(anonymous_0)","decl":{"start":{"line":9,"column":53},"end":{"line":9,"column":54}},"loc":{"start":{"line":9,"column":68},"end":{"line":9,"column":86}},"line":9}},"branchMap":{},"s":{"0":0,"1":0,"2":0,"3":0},"f":{"0":0},"b":{}}
,"/home/asishk/Documents/blinklist/src/components/atoms/Icon/index.tsx": {"path":"/home/asishk/Documents/blinklist/src/components/atoms/Icon/index.tsx","statementMap":{"0":{"start":{"line":12,"column":48},"end":{"line":12,"column":108}},"1":{"start":{"line":12,"column":61},"end":{"line":12,"column":108}}},"fnMap":{"0":{"name":"(anonymous_0)","decl":{"start":{"line":12,"column":48},"end":{"line":12,"column":49}},"loc":{"start":{"line":12,"column":61},"end":{"line":12,"column":108}},"line":12}},"branchMap":{},"s":{"0":13,"1":58},"f":{"0":58},"b":{},"_coverageSchema":"1a1c01bbd47fc00a2c39e90264f33305004495a9","hash":"26411f7b3036ddd5db2855aea7c15620e9b50f46"}
,"/home/asishk/Documents/blinklist/src/components/atoms/IconSVG/index.stories.tsx": {"path":"/home/asishk/Documents/blinklist/src/components/atoms/IconSVG/index.stories.tsx","statementMap":{"0":{"start":{"line":5,"column":22},"end":{"line":8,"column":40}},"1":{"start":{"line":10,"column":62},"end":{"line":10,"column":104}},"2":{"start":{"line":10,"column":77},"end":{"line":10,"column":104}},"3":{"start":{"line":12,"column":0},"end":{"line":14,"column":2}}},"fnMap":{"0":{"name":"(anonymous_0)","decl":{"start":{"line":10,"column":62},"end":{"line":10,"column":63}},"loc":{"start":{"line":10,"column":77},"end":{"line":10,"column":104}},"line":10}},"branchMap":{},"s":{"0":0,"1":0,"2":0,"3":0},"f":{"0":0},"b":{}}
,"/home/asishk/Documents/blinklist/src/components/atoms/IconSVG/index.tsx": {"path":"/home/asishk/Documents/blinklist/src/components/atoms/IconSVG/index.tsx","statementMap":{"0":{"start":{"line":14,"column":55},"end":{"line":24,"column":1}},"1":{"start":{"line":15,"column":2},"end":{"line":23,"column":4}}},"fnMap":{"0":{"name":"(anonymous_0)","decl":{"start":{"line":14,"column":55},"end":{"line":14,"column":56}},"loc":{"start":{"line":14,"column":85},"end":{"line":24,"column":1}},"line":14}},"branchMap":{},"s":{"0":10,"1":115},"f":{"0":115},"b":{},"_coverageSchema":"1a1c01bbd47fc00a2c39e90264f33305004495a9","hash":"999878af221b45eac6dfb5d44cca002fc2936c4d"}
,"/home/asishk/Documents/blinklist/src/components/atoms/Illustration/index.stories.tsx": {"path":"/home/asishk/Documents/blinklist/src/components/atoms/Illustration/index.stories.tsx","statementMap":{"0":{"start":{"line":10,"column":67},"end":{"line":10,"column":108}},"1":{"start":{"line":10,"column":82},"end":{"line":10,"column":108}},"2":{"start":{"line":12,"column":29},"end":{"line":12,"column":59}},"3":{"start":{"line":13,"column":0},"end":{"line":15,"column":2}},"4":{"start":{"line":17,"column":29},"end":{"line":17,"column":59}},"5":{"start":{"line":18,"column":0},"end":{"line":20,"column":2}},"6":{"start":{"line":22,"column":29},"end":{"line":22,"column":59}},"7":{"start":{"line":23,"column":0},"end":{"line":25,"column":2}}},"fnMap":{"0":{"name":"(anonymous_0)","decl":{"start":{"line":10,"column":67},"end":{"line":10,"column":68}},"loc":{"start":{"line":10,"column":82},"end":{"line":10,"column":108}},"line":10}},"branchMap":{},"s":{"0":0,"1":0,"2":0,"3":0,"4":0,"5":0,"6":0,"7":0},"f":{"0":0},"b":{}}
,"/home/asishk/Documents/blinklist/src/components/atoms/Illustration/index.tsx": {"path":"/home/asishk/Documents/blinklist/src/components/atoms/Illustration/index.tsx","statementMap":{"0":{"start":{"line":12,"column":63},"end":{"line":12,"column":112}},"1":{"start":{"line":12,"column":76},"end":{"line":12,"column":112}}},"fnMap":{"0":{"name":"(anonymous_0)","decl":{"start":{"line":12,"column":63},"end":{"line":12,"column":64}},"loc":{"start":{"line":12,"column":76},"end":{"line":12,"column":112}},"line":12}},"branchMap":{},"s":{"0":3,"1":7},"f":{"0":7},"b":{},"_coverageSchema":"1a1c01bbd47fc00a2c39e90264f33305004495a9","hash":"f73c731827aa60a7d3d50679628125f6fe7965b1"}
,"/home/asishk/Documents/blinklist/src/components/atoms/InputField/index.stories.tsx": {"path":"/home/asishk/Documents/blinklist/src/components/atoms/InputField/index.stories.tsx","statementMap":{"0":{"start":{"line":9,"column":56},"end":{"line":9,"column":94}},"1":{"start":{"line":9,"column":66},"end":{"line":9,"column":94}},"2":{"start":{"line":11,"column":28},"end":{"line":11,"column":45}},"3":{"start":{"line":13,"column":20},"end":{"line":15,"column":1}},"4":{"start":{"line":14,"column":2},"end":{"line":14,"column":40}},"5":{"start":{"line":17,"column":21},"end":{"line":19,"column":1}},"6":{"start":{"line":18,"column":2},"end":{"line":18,"column":47}},"7":{"start":{"line":21,"column":0},"end":{"line":26,"column":2}}},"fnMap":{"0":{"name":"(anonymous_0)","decl":{"start":{"line":9,"column":56},"end":{"line":9,"column":57}},"loc":{"start":{"line":9,"column":66},"end":{"line":9,"column":94}},"line":9},"1":{"name":"(anonymous_1)","decl":{"start":{"line":13,"column":20},"end":{"line":13,"column":21}},"loc":{"start":{"line":13,"column":26},"end":{"line":15,"column":1}},"line":13},"2":{"name":"(anonymous_2)","decl":{"start":{"line":17,"column":21},"end":{"line":17,"column":22}},"loc":{"start":{"line":17,"column":27},"end":{"line":19,"column":1}},"line":17}},"branchMap":{},"s":{"0":0,"1":0,"2":0,"3":0,"4":0,"5":0,"6":0,"7":0},"f":{"0":0,"1":0,"2":0},"b":{}}
,"/home/asishk/Documents/blinklist/src/components/atoms/InputField/index.tsx": {"path":"/home/asishk/Documents/blinklist/src/components/atoms/InputField/index.tsx","statementMap":{"0":{"start":{"line":17,"column":20},"end":{"line":53,"column":3}},"1":{"start":{"line":17,"column":45},"end":{"line":53,"column":1}},"2":{"start":{"line":55,"column":23},"end":{"line":91,"column":2}},"3":{"start":{"line":56,"column":25},"end":{"line":56,"column":57}},"4":{"start":{"line":57,"column":2},"end":{"line":57,"column":22}},"5":{"start":{"line":59,"column":52},"end":{"line":59,"column":57}},"6":{"start":{"line":60,"column":2},"end":{"line":91,"column":1}},"7":{"start":{"line":66,"column":49},"end":{"line":66,"column":75}},"8":{"start":{"line":68,"column":10},"end":{"line":73,"column":12}},"9":{"start":{"line":77,"column":10},"end":{"line":86,"column":32}},"10":{"start":{"line":78,"column":12},"end":{"line":84,"column":14}}},"fnMap":{"0":{"name":"(anonymous_0)","decl":{"start":{"line":17,"column":38},"end":{"line":17,"column":39}},"loc":{"start":{"line":17,"column":45},"end":{"line":53,"column":1}},"line":17},"1":{"name":"(anonymous_1)","decl":{"start":{"line":55,"column":23},"end":{"line":55,"column":24}},"loc":{"start":{"line":55,"column":46},"end":{"line":91,"column":2}},"line":55},"2":{"name":"(anonymous_2)","decl":{"start":{"line":66,"column":23},"end":{"line":66,"column":24}},"loc":{"start":{"line":66,"column":49},"end":{"line":66,"column":75}},"line":66},"3":{"name":"(anonymous_3)","decl":{"start":{"line":67,"column":21},"end":{"line":67,"column":22}},"loc":{"start":{"line":68,"column":10},"end":{"line":73,"column":12}},"line":68},"4":{"name":"(anonymous_4)","decl":{"start":{"line":76,"column":20},"end":{"line":76,"column":21}},"loc":{"start":{"line":77,"column":10},"end":{"line":86,"column":32}},"line":77},"5":{"name":"(anonymous_5)","decl":{"start":{"line":77,"column":20},"end":{"line":77,"column":21}},"loc":{"start":{"line":78,"column":12},"end":{"line":84,"column":14}},"line":78}},"branchMap":{"0":{"loc":{"start":{"line":56,"column":25},"end":{"line":56,"column":57}},"type":"cond-expr","locations":[{"start":{"line":56,"column":40},"end":{"line":56,"column":52}},{"start":{"line":56,"column":55},"end":{"line":56,"column":57}}],"line":56}},"s":{"0":2,"1":3,"2":2,"3":2,"4":2,"5":2,"6":2,"7":0,"8":3,"9":0,"10":0},"f":{"0":3,"1":2,"2":0,"3":3,"4":0,"5":0},"b":{"0":[0,2]},"_coverageSchema":"1a1c01bbd47fc00a2c39e90264f33305004495a9","hash":"537936218b8651b1e317953971b2c7134c0ad29d"}
,"/home/asishk/Documents/blinklist/src/components/atoms/Logo/index.stories.tsx": {"path":"/home/asishk/Documents/blinklist/src/components/atoms/Logo/index.stories.tsx","statementMap":{"0":{"start":{"line":4,"column":22},"end":{"line":7,"column":31}},"1":{"start":{"line":9,"column":53},"end":{"line":9,"column":86}},"2":{"start":{"line":9,"column":68},"end":{"line":9,"column":86}},"3":{"start":{"line":11,"column":0},"end":{"line":13,"column":2}}},"fnMap":{"0":{"name":"(anonymous_0)","decl":{"start":{"line":9,"column":53},"end":{"line":9,"column":54}},"loc":{"start":{"line":9,"column":68},"end":{"line":9,"column":86}},"line":9}},"branchMap":{},"s":{"0":0,"1":0,"2":0,"3":0},"f":{"0":0},"b":{}}
,"/home/asishk/Documents/blinklist/src/components/atoms/Logo/index.tsx": {"path":"/home/asishk/Documents/blinklist/src/components/atoms/Logo/index.tsx","statementMap":{"0":{"start":{"line":12,"column":47},"end":{"line":12,"column":108}},"1":{"start":{"line":12,"column":62},"end":{"line":12,"column":108}}},"fnMap":{"0":{"name":"(anonymous_0)","decl":{"start":{"line":12,"column":47},"end":{"line":12,"column":48}},"loc":{"start":{"line":12,"column":62},"end":{"line":12,"column":108}},"line":12}},"branchMap":{},"s":{"0":5,"1":24},"f":{"0":24},"b":{},"_coverageSchema":"1a1c01bbd47fc00a2c39e90264f33305004495a9","hash":"303c959d8320085a127283cdcc9402a93e26a37e"}
,"/home/asishk/Documents/blinklist/src/components/atoms/RadioButton/index.stories.tsx": {"path":"/home/asishk/Documents/blinklist/src/components/atoms/RadioButton/index.stories.tsx","statementMap":{"0":{"start":{"line":9,"column":62},"end":{"line":9,"column":106}},"1":{"start":{"line":9,"column":72},"end":{"line":9,"column":106}},"2":{"start":{"line":11,"column":34},"end":{"line":11,"column":51}},"3":{"start":{"line":13,"column":0},"end":{"line":15,"column":2}}},"fnMap":{"0":{"name":"(anonymous_0)","decl":{"start":{"line":9,"column":62},"end":{"line":9,"column":63}},"loc":{"start":{"line":9,"column":72},"end":{"line":9,"column":106}},"line":9}},"branchMap":{},"s":{"0":0,"1":0,"2":0,"3":0},"f":{"0":0},"b":{}}
,"/home/asishk/Documents/blinklist/src/components/atoms/RadioButton/index.tsx": {"path":"/home/asishk/Documents/blinklist/src/components/atoms/RadioButton/index.tsx","statementMap":{"0":{"start":{"line":12,"column":20},"end":{"line":18,"column":2}},"1":{"start":{"line":20,"column":22},"end":{"line":27,"column":2}},"2":{"start":{"line":29,"column":20},"end":{"line":40,"column":2}},"3":{"start":{"line":42,"column":31},"end":{"line":49,"column":3}},"4":{"start":{"line":42,"column":63},"end":{"line":49,"column":1}},"5":{"start":{"line":52,"column":2},"end":{"line":52,"column":112}},"6":{"start":{"line":55,"column":57},"end":{"line":57,"column":1}},"7":{"start":{"line":56,"column":2},"end":{"line":56,"column":90}}},"fnMap":{"0":{"name":"(anonymous_0)","decl":{"start":{"line":42,"column":56},"end":{"line":42,"column":57}},"loc":{"start":{"line":42,"column":63},"end":{"line":49,"column":1}},"line":42},"1":{"name":"RadioButton","decl":{"start":{"line":51,"column":9},"end":{"line":51,"column":20}},"loc":{"start":{"line":51,"column":40},"end":{"line":53,"column":1}},"line":51},"2":{"name":"(anonymous_2)","decl":{"start":{"line":55,"column":57},"end":{"line":55,"column":58}},"loc":{"start":{"line":55,"column":72},"end":{"line":57,"column":1}},"line":55}},"branchMap":{},"s":{"0":2,"1":2,"2":2,"3":2,"4":4,"5":4,"6":2,"7":4},"f":{"0":4,"1":4,"2":4},"b":{},"_coverageSchema":"1a1c01bbd47fc00a2c39e90264f33305004495a9","hash":"eff4c8c12f8db75faf8f1d10a634468e7c81ef00"}
,"/home/asishk/Documents/blinklist/src/components/atoms/Typography/index.stories.tsx": {"path":"/home/asishk/Documents/blinklist/src/components/atoms/Typography/index.stories.tsx","statementMap":{"0":{"start":{"line":9,"column":52},"end":{"line":9,"column":86}},"1":{"start":{"line":9,"column":62},"end":{"line":9,"column":86}},"2":{"start":{"line":11,"column":22},"end":{"line":11,"column":39}},"3":{"start":{"line":13,"column":0},"end":{"line":16,"column":2}},"4":{"start":{"line":18,"column":22},"end":{"line":18,"column":39}},"5":{"start":{"line":20,"column":0},"end":{"line":23,"column":2}},"6":{"start":{"line":25,"column":21},"end":{"line":25,"column":38}},"7":{"start":{"line":27,"column":0},"end":{"line":30,"column":2}},"8":{"start":{"line":32,"column":21},"end":{"line":32,"column":38}},"9":{"start":{"line":34,"column":0},"end":{"line":40,"column":2}},"10":{"start":{"line":42,"column":25},"end":{"line":42,"column":42}},"11":{"start":{"line":44,"column":0},"end":{"line":50,"column":2}},"12":{"start":{"line":52,"column":25},"end":{"line":52,"column":42}},"13":{"start":{"line":54,"column":0},"end":{"line":60,"column":2}},"14":{"start":{"line":62,"column":24},"end":{"line":62,"column":41}},"15":{"start":{"line":64,"column":0},"end":{"line":67,"column":2}},"16":{"start":{"line":69,"column":24},"end":{"line":69,"column":41}},"17":{"start":{"line":71,"column":0},"end":{"line":74,"column":2}}},"fnMap":{"0":{"name":"(anonymous_0)","decl":{"start":{"line":9,"column":52},"end":{"line":9,"column":53}},"loc":{"start":{"line":9,"column":62},"end":{"line":9,"column":86}},"line":9}},"branchMap":{},"s":{"0":0,"1":0,"2":0,"3":0,"4":0,"5":0,"6":0,"7":0,"8":0,"9":0,"10":0,"11":0,"12":0,"13":0,"14":0,"15":0,"16":0,"17":0},"f":{"0":0},"b":{}}
,"/home/asishk/Documents/blinklist/src/components/atoms/Typography/index.tsx": {"path":"/home/asishk/Documents/blinklist/src/components/atoms/Typography/index.tsx","statementMap":{"0":{"start":{"line":8,"column":69},"end":{"line":14,"column":1}},"1":{"start":{"line":9,"column":2},"end":{"line":13,"column":4}}},"fnMap":{"0":{"name":"(anonymous_0)","decl":{"start":{"line":8,"column":69},"end":{"line":8,"column":70}},"loc":{"start":{"line":8,"column":106},"end":{"line":14,"column":1}},"line":8}},"branchMap":{},"s":{"0":22,"1":286},"f":{"0":286},"b":{},"_coverageSchema":"1a1c01bbd47fc00a2c39e90264f33305004495a9","hash":"500b485f7eb8e2f0e2fda8fcdf721f912570570b"}
,"/home/asishk/Documents/blinklist/src/components/molecules/AQI/index.stories.tsx": {"path":"/home/asishk/Documents/blinklist/src/components/molecules/AQI/index.stories.tsx","statementMap":{"0":{"start":{"line":9,"column":58},"end":{"line":13,"column":1}},"1":{"start":{"line":10,"column":2},"end":{"line":12,"column":8}},"2":{"start":{"line":15,"column":25},"end":{"line":15,"column":50}},"3":{"start":{"line":16,"column":0},"end":{"line":19,"column":2}}},"fnMap":{"0":{"name":"(anonymous_0)","decl":{"start":{"line":9,"column":58},"end":{"line":9,"column":59}},"loc":{"start":{"line":10,"column":2},"end":{"line":12,"column":8}},"line":10}},"branchMap":{},"s":{"0":0,"1":0,"2":0,"3":0},"f":{"0":0},"b":{}}
,"/home/asishk/Documents/blinklist/src/components/molecules/AQI/index.tsx": {"path":"/home/asishk/Documents/blinklist/src/components/molecules/AQI/index.tsx","statementMap":{"0":{"start":{"line":13,"column":18},"end":{"line":37,"column":2}},"1":{"start":{"line":39,"column":37},"end":{"line":56,"column":1}},"2":{"start":{"line":40,"column":18},"end":{"line":40,"column":29}},"3":{"start":{"line":41,"column":2},"end":{"line":55,"column":4}}},"fnMap":{"0":{"name":"(anonymous_0)","decl":{"start":{"line":39,"column":37},"end":{"line":39,"column":38}},"loc":{"start":{"line":39,"column":48},"end":{"line":56,"column":1}},"line":39}},"branchMap":{},"s":{"0":1,"1":1,"2":1,"3":1},"f":{"0":1},"b":{},"_coverageSchema":"1a1c01bbd47fc00a2c39e90264f33305004495a9","hash":"4859f5787a61b2746eccf7fe8d3809c5e13a4992"}
,"/home/asishk/Documents/blinklist/src/components/molecules/AQIGroup/index.stories.tsx": {"path":"/home/asishk/Documents/blinklist/src/components/molecules/AQIGroup/index.stories.tsx","statementMap":{"0":{"start":{"line":8,"column":13},"end":{"line":19,"column":1}},"1":{"start":{"line":22,"column":63},"end":{"line":27,"column":1}},"2":{"start":{"line":23,"column":2},"end":{"line":26,"column":8}},"3":{"start":{"line":29,"column":25},"end":{"line":29,"column":50}},"4":{"start":{"line":30,"column":0},"end":{"line":33,"column":2}}},"fnMap":{"0":{"name":"(anonymous_0)","decl":{"start":{"line":22,"column":63},"end":{"line":22,"column":64}},"loc":{"start":{"line":23,"column":2},"end":{"line":26,"column":8}},"line":23}},"branchMap":{},"s":{"0":0,"1":0,"2":0,"3":0,"4":0},"f":{"0":0},"b":{}}
,"/home/asishk/Documents/blinklist/src/components/molecules/AQIGroup/index.tsx": {"path":"/home/asishk/Documents/blinklist/src/components/molecules/AQIGroup/index.tsx","statementMap":{"0":{"start":{"line":22,"column":18},"end":{"line":36,"column":2}},"1":{"start":{"line":38,"column":42},"end":{"line":58,"column":1}},"2":{"start":{"line":39,"column":15},"end":{"line":39,"column":25}},"3":{"start":{"line":40,"column":18},"end":{"line":40,"column":29}},"4":{"start":{"line":41,"column":2},"end":{"line":57,"column":4}},"5":{"start":{"line":45,"column":10},"end":{"line":49,"column":12}}},"fnMap":{"0":{"name":"(anonymous_0)","decl":{"start":{"line":38,"column":42},"end":{"line":38,"column":43}},"loc":{"start":{"line":38,"column":53},"end":{"line":58,"column":1}},"line":38},"1":{"name":"(anonymous_1)","decl":{"start":{"line":44,"column":18},"end":{"line":44,"column":19}},"loc":{"start":{"line":44,"column":35},"end":{"line":50,"column":9}},"line":44}},"branchMap":{},"s":{"0":1,"1":1,"2":1,"3":1,"4":1,"5":2},"f":{"0":1,"1":2},"b":{},"_coverageSchema":"1a1c01bbd47fc00a2c39e90264f33305004495a9","hash":"a67fabb688b7b95ca7447ac40075c9886b91da82"}
,"/home/asishk/Documents/blinklist/src/components/molecules/AQILocation/index.stories.tsx": {"path":"/home/asishk/Documents/blinklist/src/components/molecules/AQILocation/index.stories.tsx","statementMap":{"0":{"start":{"line":9,"column":66},"end":{"line":20,"column":1}},"1":{"start":{"line":10,"column":2},"end":{"line":19,"column":8}},"2":{"start":{"line":22,"column":28},"end":{"line":22,"column":53}},"3":{"start":{"line":23,"column":0},"end":{"line":26,"column":2}}},"fnMap":{"0":{"name":"(anonymous_0)","decl":{"start":{"line":9,"column":66},"end":{"line":9,"column":67}},"loc":{"start":{"line":10,"column":2},"end":{"line":19,"column":8}},"line":10}},"branchMap":{},"s":{"0":0,"1":0,"2":0,"3":0},"f":{"0":0},"b":{}}
,"/home/asishk/Documents/blinklist/src/components/molecules/AQILocation/index.tsx": {"path":"/home/asishk/Documents/blinklist/src/components/molecules/AQILocation/index.tsx","statementMap":{"0":{"start":{"line":16,"column":18},"end":{"line":42,"column":2}},"1":{"start":{"line":44,"column":25},"end":{"line":63,"column":1}},"2":{"start":{"line":45,"column":18},"end":{"line":45,"column":29}},"3":{"start":{"line":46,"column":2},"end":{"line":62,"column":4}}},"fnMap":{"0":{"name":"(anonymous_0)","decl":{"start":{"line":44,"column":25},"end":{"line":44,"column":26}},"loc":{"start":{"line":44,"column":46},"end":{"line":63,"column":1}},"line":44}},"branchMap":{},"s":{"0":2,"1":2,"2":3,"3":3},"f":{"0":3},"b":{},"_coverageSchema":"1a1c01bbd47fc00a2c39e90264f33305004495a9","hash":"a063b60707324cb0ed67e216e5c9ba42be8dd15b"}
,"/home/asishk/Documents/blinklist/src/components/molecules/ChipItem/index.stories.tsx": {"path":"/home/asishk/Documents/blinklist/src/components/molecules/ChipItem/index.stories.tsx","statementMap":{"0":{"start":{"line":11,"column":20},"end":{"line":13,"column":1}},"1":{"start":{"line":12,"column":2},"end":{"line":12,"column":40}},"2":{"start":{"line":15,"column":21},"end":{"line":17,"column":1}},"3":{"start":{"line":16,"column":2},"end":{"line":16,"column":47}},"4":{"start":{"line":19,"column":50},"end":{"line":19,"column":81}},"5":{"start":{"line":19,"column":60},"end":{"line":19,"column":81}},"6":{"start":{"line":21,"column":33},"end":{"line":21,"column":50}},"7":{"start":{"line":23,"column":0},"end":{"line":28,"column":1}}},"fnMap":{"0":{"name":"(anonymous_0)","decl":{"start":{"line":11,"column":20},"end":{"line":11,"column":21}},"loc":{"start":{"line":11,"column":26},"end":{"line":13,"column":1}},"line":11},"1":{"name":"(anonymous_1)","decl":{"start":{"line":15,"column":21},"end":{"line":15,"column":22}},"loc":{"start":{"line":15,"column":27},"end":{"line":17,"column":1}},"line":15},"2":{"name":"(anonymous_2)","decl":{"start":{"line":19,"column":50},"end":{"line":19,"column":51}},"loc":{"start":{"line":19,"column":60},"end":{"line":19,"column":81}},"line":19}},"branchMap":{},"s":{"0":0,"1":0,"2":0,"3":0,"4":0,"5":0,"6":0,"7":0},"f":{"0":0,"1":0,"2":0},"b":{}}
,"/home/asishk/Documents/blinklist/src/components/molecules/ChipItem/index.tsx": {"path":"/home/asishk/Documents/blinklist/src/components/molecules/ChipItem/index.tsx","statementMap":{"0":{"start":{"line":12,"column":19},"end":{"line":32,"column":3}},"1":{"start":{"line":12,"column":44},"end":{"line":32,"column":1}},"2":{"start":{"line":34,"column":25},"end":{"line":40,"column":1}},"3":{"start":{"line":35,"column":2},"end":{"line":39,"column":3}},"4":{"start":{"line":36,"column":4},"end":{"line":36,"column":57}},"5":{"start":{"line":38,"column":4},"end":{"line":38,"column":62}},"6":{"start":{"line":42,"column":17},"end":{"line":53,"column":1}},"7":{"start":{"line":43,"column":54},"end":{"line":43,"column":59}},"8":{"start":{"line":44,"column":2},"end":{"line":52,"column":4}}},"fnMap":{"0":{"name":"(anonymous_0)","decl":{"start":{"line":12,"column":32},"end":{"line":12,"column":33}},"loc":{"start":{"line":12,"column":44},"end":{"line":32,"column":1}},"line":12},"1":{"name":"(anonymous_1)","decl":{"start":{"line":34,"column":25},"end":{"line":34,"column":26}},"loc":{"start":{"line":34,"column":61},"end":{"line":40,"column":1}},"line":34},"2":{"name":"(anonymous_2)","decl":{"start":{"line":42,"column":17},"end":{"line":42,"column":18}},"loc":{"start":{"line":42,"column":39},"end":{"line":53,"column":1}},"line":42}},"branchMap":{"0":{"loc":{"start":{"line":16,"column":4},"end":{"line":16,"column":113}},"type":"cond-expr","locations":[{"start":{"line":16,"column":32},"end":{"line":16,"column":66}},{"start":{"line":16,"column":69},"end":{"line":16,"column":113}}],"line":16},"1":{"loc":{"start":{"line":21,"column":6},"end":{"line":21,"column":115}},"type":"cond-expr","locations":[{"start":{"line":21,"column":34},"end":{"line":21,"column":68}},{"start":{"line":21,"column":71},"end":{"line":21,"column":115}}],"line":21},"2":{"loc":{"start":{"line":35,"column":2},"end":{"line":39,"column":3}},"type":"if","locations":[{"start":{"line":35,"column":2},"end":{"line":39,"column":3}},{"start":{"line":37,"column":9},"end":{"line":39,"column":3}}],"line":35}},"s":{"0":4,"1":6,"2":4,"3":6,"4":1,"5":5,"6":4,"7":6,"8":6},"f":{"0":6,"1":6,"2":6},"b":{"0":[1,5],"1":[1,5],"2":[1,5]},"_coverageSchema":"1a1c01bbd47fc00a2c39e90264f33305004495a9","hash":"0a70fe5ac8d5867bfa6a567ed3b1dcde95b5c107"}
,"/home/asishk/Documents/blinklist/src/components/molecules/IconButton/index.stories.tsx": {"path":"/home/asishk/Documents/blinklist/src/components/molecules/IconButton/index.stories.tsx","statementMap":{"0":{"start":{"line":12,"column":61},"end":{"line":12,"column":104}},"1":{"start":{"line":12,"column":71},"end":{"line":12,"column":104}},"2":{"start":{"line":14,"column":28},"end":{"line":14,"column":45}},"3":{"start":{"line":16,"column":34},"end":{"line":16,"column":51}},"4":{"start":{"line":18,"column":0},"end":{"line":35,"column":2}},"5":{"start":{"line":37,"column":0},"end":{"line":55,"column":2}}},"fnMap":{"0":{"name":"(anonymous_0)","decl":{"start":{"line":12,"column":61},"end":{"line":12,"column":62}},"loc":{"start":{"line":12,"column":71},"end":{"line":12,"column":104}},"line":12}},"branchMap":{},"s":{"0":0,"1":0,"2":0,"3":0,"4":0,"5":0},"f":{"0":0},"b":{}}
,"/home/asishk/Documents/blinklist/src/components/molecules/IconButton/index.tsx": {"path":"/home/asishk/Documents/blinklist/src/components/molecules/IconButton/index.tsx","statementMap":{"0":{"start":{"line":15,"column":21},"end":{"line":15,"column":81}},"1":{"start":{"line":15,"column":64},"end":{"line":15,"column":80}},"2":{"start":{"line":17,"column":55},"end":{"line":23,"column":1}},"3":{"start":{"line":18,"column":2},"end":{"line":22,"column":4}}},"fnMap":{"0":{"name":"(anonymous_0)","decl":{"start":{"line":15,"column":36},"end":{"line":15,"column":37}},"loc":{"start":{"line":15,"column":64},"end":{"line":15,"column":80}},"line":15},"1":{"name":"(anonymous_1)","decl":{"start":{"line":17,"column":55},"end":{"line":17,"column":56}},"loc":{"start":{"line":17,"column":116},"end":{"line":23,"column":1}},"line":17}},"branchMap":{},"s":{"0":3,"1":9,"2":3,"3":9},"f":{"0":9,"1":9},"b":{},"_coverageSchema":"1a1c01bbd47fc00a2c39e90264f33305004495a9","hash":"78020b5f5af2369bda8a7b484f7862c2a615956a"}
,"/home/asishk/Documents/blinklist/src/components/molecules/IllustrationData/index.stories.tsx": {"path":"/home/asishk/Documents/blinklist/src/components/molecules/IllustrationData/index.stories.tsx","statementMap":{"0":{"start":{"line":9,"column":74},"end":{"line":14,"column":1}},"1":{"start":{"line":10,"column":2},"end":{"line":13,"column":8}},"2":{"start":{"line":16,"column":33},"end":{"line":16,"column":66}},"3":{"start":{"line":17,"column":0},"end":{"line":20,"column":2}},"4":{"start":{"line":22,"column":33},"end":{"line":22,"column":66}},"5":{"start":{"line":23,"column":0},"end":{"line":26,"column":2}},"6":{"start":{"line":28,"column":33},"end":{"line":28,"column":66}},"7":{"start":{"line":29,"column":0},"end":{"line":32,"column":2}}},"fnMap":{"0":{"name":"(anonymous_0)","decl":{"start":{"line":9,"column":74},"end":{"line":9,"column":75}},"loc":{"start":{"line":10,"column":2},"end":{"line":13,"column":8}},"line":10}},"branchMap":{},"s":{"0":0,"1":0,"2":0,"3":0,"4":0,"5":0,"6":0,"7":0},"f":{"0":0},"b":{}}
,"/home/asishk/Documents/blinklist/src/components/molecules/IllustrationData/index.tsx": {"path":"/home/asishk/Documents/blinklist/src/components/molecules/IllustrationData/index.tsx","statementMap":{"0":{"start":{"line":16,"column":18},"end":{"line":28,"column":2}},"1":{"start":{"line":30,"column":42},"end":{"line":57,"column":1}},"2":{"start":{"line":31,"column":20},"end":{"line":31,"column":31}},"3":{"start":{"line":32,"column":2},"end":{"line":56,"column":4}}},"fnMap":{"0":{"name":"(anonymous_0)","decl":{"start":{"line":30,"column":42},"end":{"line":30,"column":43}},"loc":{"start":{"line":30,"column":63},"end":{"line":57,"column":1}},"line":30}},"branchMap":{},"s":{"0":1,"1":1,"2":1,"3":1},"f":{"0":1},"b":{},"_coverageSchema":"1a1c01bbd47fc00a2c39e90264f33305004495a9","hash":"6d0c6fe943f1beab7c045c7d51635d7abcf1bbdb"}
,"/home/asishk/Documents/blinklist/src/components/molecules/ListItem/index.stories.tsx": {"path":"/home/asishk/Documents/blinklist/src/components/molecules/ListItem/index.stories.tsx","statementMap":{"0":{"start":{"line":12,"column":50},"end":{"line":12,"column":82}},"1":{"start":{"line":12,"column":60},"end":{"line":12,"column":82}},"2":{"start":{"line":14,"column":27},"end":{"line":14,"column":44}},"3":{"start":{"line":16,"column":0},"end":{"line":21,"column":2}},"4":{"start":{"line":23,"column":30},"end":{"line":23,"column":47}},"5":{"start":{"line":25,"column":0},"end":{"line":30,"column":2}},"6":{"start":{"line":32,"column":28},"end":{"line":32,"column":45}},"7":{"start":{"line":34,"column":0},"end":{"line":39,"column":2}}},"fnMap":{"0":{"name":"(anonymous_0)","decl":{"start":{"line":12,"column":50},"end":{"line":12,"column":51}},"loc":{"start":{"line":12,"column":60},"end":{"line":12,"column":82}},"line":12}},"branchMap":{},"s":{"0":0,"1":0,"2":0,"3":0,"4":0,"5":0,"6":0,"7":0},"f":{"0":0},"b":{}}
,"/home/asishk/Documents/blinklist/src/components/molecules/ListItem/index.tsx": {"path":"/home/asishk/Documents/blinklist/src/components/molecules/ListItem/index.tsx","statementMap":{"0":{"start":{"line":20,"column":18},"end":{"line":32,"column":2}},"1":{"start":{"line":34,"column":38},"end":{"line":62,"column":1}},"2":{"start":{"line":35,"column":18},"end":{"line":35,"column":29}},"3":{"start":{"line":36,"column":2},"end":{"line":61,"column":4}}},"fnMap":{"0":{"name":"(anonymous_0)","decl":{"start":{"line":34,"column":38},"end":{"line":34,"column":39}},"loc":{"start":{"line":34,"column":78},"end":{"line":62,"column":1}},"line":34}},"branchMap":{},"s":{"0":2,"1":2,"2":19,"3":19},"f":{"0":19},"b":{},"_coverageSchema":"1a1c01bbd47fc00a2c39e90264f33305004495a9","hash":"0238c3b1522ea3859c3f9cd6702e36b826644266"}
,"/home/asishk/Documents/blinklist/src/components/molecules/LocationField/index.stories.tsx": {"path":"/home/asishk/Documents/blinklist/src/components/molecules/LocationField/index.stories.tsx","statementMap":{"0":{"start":{"line":11,"column":55},"end":{"line":15,"column":1}},"1":{"start":{"line":12,"column":2},"end":{"line":14,"column":8}},"2":{"start":{"line":17,"column":35},"end":{"line":17,"column":52}},"3":{"start":{"line":19,"column":0},"end":{"line":25,"column":2}},"4":{"start":{"line":23,"column":4},"end":{"line":23,"column":25}}},"fnMap":{"0":{"name":"(anonymous_0)","decl":{"start":{"line":11,"column":55},"end":{"line":11,"column":56}},"loc":{"start":{"line":12,"column":2},"end":{"line":14,"column":8}},"line":12},"1":{"name":"(anonymous_1)","decl":{"start":{"line":22,"column":19},"end":{"line":22,"column":20}},"loc":{"start":{"line":22,"column":61},"end":{"line":24,"column":3}},"line":22}},"branchMap":{},"s":{"0":0,"1":0,"2":0,"3":0,"4":0},"f":{"0":0,"1":0},"b":{}}
,"/home/asishk/Documents/blinklist/src/components/molecules/LocationField/index.tsx": {"path":"/home/asishk/Documents/blinklist/src/components/molecules/LocationField/index.tsx","statementMap":{"0":{"start":{"line":15,"column":18},"end":{"line":19,"column":2}},"1":{"start":{"line":27,"column":21},"end":{"line":49,"column":2}},"2":{"start":{"line":51,"column":50},"end":{"line":78,"column":1}},"3":{"start":{"line":52,"column":18},"end":{"line":52,"column":29}},"4":{"start":{"line":54,"column":27},"end":{"line":56,"column":3}},"5":{"start":{"line":55,"column":4},"end":{"line":55,"column":27}},"6":{"start":{"line":58,"column":2},"end":{"line":77,"column":4}}},"fnMap":{"0":{"name":"(anonymous_0)","decl":{"start":{"line":51,"column":50},"end":{"line":51,"column":51}},"loc":{"start":{"line":51,"column":102},"end":{"line":78,"column":1}},"line":51},"1":{"name":"(anonymous_1)","decl":{"start":{"line":54,"column":27},"end":{"line":54,"column":28}},"loc":{"start":{"line":54,"column":75},"end":{"line":56,"column":3}},"line":54}},"branchMap":{},"s":{"0":2,"1":2,"2":2,"3":3,"4":3,"5":0,"6":3},"f":{"0":3,"1":0},"b":{},"_coverageSchema":"1a1c01bbd47fc00a2c39e90264f33305004495a9","hash":"2ecb6701b77198b191cac406c1a92a85ce94fc0d"}
,"/home/asishk/Documents/blinklist/src/components/molecules/MenuItem/index.stories.tsx": {"path":"/home/asishk/Documents/blinklist/src/components/molecules/MenuItem/index.stories.tsx","statementMap":{"0":{"start":{"line":11,"column":59},"end":{"line":11,"column":100}},"1":{"start":{"line":11,"column":69},"end":{"line":11,"column":100}},"2":{"start":{"line":13,"column":34},"end":{"line":13,"column":51}},"3":{"start":{"line":15,"column":32},"end":{"line":15,"column":49}},"4":{"start":{"line":17,"column":0},"end":{"line":22,"column":2}},"5":{"start":{"line":24,"column":0},"end":{"line":29,"column":2}}},"fnMap":{"0":{"name":"(anonymous_0)","decl":{"start":{"line":11,"column":59},"end":{"line":11,"column":60}},"loc":{"start":{"line":11,"column":69},"end":{"line":11,"column":100}},"line":11}},"branchMap":{},"s":{"0":0,"1":0,"2":0,"3":0,"4":0,"5":0},"f":{"0":0},"b":{}}
,"/home/asishk/Documents/blinklist/src/components/molecules/MenuItem/index.tsx": {"path":"/home/asishk/Documents/blinklist/src/components/molecules/MenuItem/index.tsx","statementMap":{"0":{"start":{"line":19,"column":23},"end":{"line":32,"column":2}},"1":{"start":{"line":34,"column":22},"end":{"line":38,"column":2}},"2":{"start":{"line":39,"column":13},"end":{"line":47,"column":2}},"3":{"start":{"line":49,"column":32},"end":{"line":51,"column":1}},"4":{"start":{"line":53,"column":40},"end":{"line":55,"column":1}},"5":{"start":{"line":57,"column":35},"end":{"line":66,"column":1}},"6":{"start":{"line":68,"column":27},"end":{"line":77,"column":1}},"7":{"start":{"line":79,"column":21},"end":{"line":82,"column":1}},"8":{"start":{"line":84,"column":26},"end":{"line":101,"column":1}},"9":{"start":{"line":85,"column":76},"end":{"line":85,"column":81}},"10":{"start":{"line":86,"column":2},"end":{"line":100,"column":4}}},"fnMap":{"0":{"name":"(anonymous_0)","decl":{"start":{"line":84,"column":26},"end":{"line":84,"column":27}},"loc":{"start":{"line":84,"column":66},"end":{"line":101,"column":1}},"line":84}},"branchMap":{"0":{"loc":{"start":{"line":89,"column":29},"end":{"line":89,"column":87}},"type":"cond-expr","locations":[{"start":{"line":89,"column":40},"end":{"line":89,"column":66}},{"start":{"line":89,"column":69},"end":{"line":89,"column":87}}],"line":89},"1":{"loc":{"start":{"line":90,"column":36},"end":{"line":90,"column":77}},"type":"cond-expr","locations":[{"start":{"line":90,"column":48},"end":{"line":90,"column":57}},{"start":{"line":90,"column":60},"end":{"line":90,"column":77}}],"line":90},"2":{"loc":{"start":{"line":95,"column":17},"end":{"line":95,"column":85}},"type":"cond-expr","locations":[{"start":{"line":95,"column":28},"end":{"line":95,"column":59}},{"start":{"line":95,"column":62},"end":{"line":95,"column":85}}],"line":95},"3":{"loc":{"start":{"line":98,"column":7},"end":{"line":98,"column":36}},"type":"cond-expr","locations":[{"start":{"line":98,"column":18},"end":{"line":98,"column":31}},{"start":{"line":98,"column":34},"end":{"line":98,"column":36}}],"line":98}},"s":{"0":2,"1":2,"2":2,"3":2,"4":2,"5":2,"6":2,"7":2,"8":2,"9":81,"10":81},"f":{"0":81},"b":{"0":[10,71],"1":[71,10],"2":[10,71],"3":[10,71]},"_coverageSchema":"1a1c01bbd47fc00a2c39e90264f33305004495a9","hash":"d661c3542b387bfdaa5f6e1208109f79b2a6a9df"}
,"/home/asishk/Documents/blinklist/src/components/molecules/ProgressItem/index.stories.tsx": {"path":"/home/asishk/Documents/blinklist/src/components/molecules/ProgressItem/index.stories.tsx","statementMap":{"0":{"start":{"line":10,"column":54},"end":{"line":10,"column":90}},"1":{"start":{"line":10,"column":64},"end":{"line":10,"column":90}},"2":{"start":{"line":12,"column":33},"end":{"line":12,"column":50}},"3":{"start":{"line":14,"column":0},"end":{"line":18,"column":2}},"4":{"start":{"line":20,"column":34},"end":{"line":20,"column":51}},"5":{"start":{"line":22,"column":0},"end":{"line":26,"column":2}},"6":{"start":{"line":28,"column":35},"end":{"line":28,"column":52}},"7":{"start":{"line":30,"column":0},"end":{"line":34,"column":2}}},"fnMap":{"0":{"name":"(anonymous_0)","decl":{"start":{"line":10,"column":54},"end":{"line":10,"column":55}},"loc":{"start":{"line":10,"column":64},"end":{"line":10,"column":90}},"line":10}},"branchMap":{},"s":{"0":0,"1":0,"2":0,"3":0,"4":0,"5":0,"6":0,"7":0},"f":{"0":0},"b":{}}
,"/home/asishk/Documents/blinklist/src/components/molecules/ProgressItem/index.tsx": {"path":"/home/asishk/Documents/blinklist/src/components/molecules/ProgressItem/index.tsx","statementMap":{"0":{"start":{"line":15,"column":46},"end":{"line":28,"column":1}},"1":{"start":{"line":16,"column":2},"end":{"line":27,"column":4}}},"fnMap":{"0":{"name":"(anonymous_0)","decl":{"start":{"line":15,"column":46},"end":{"line":15,"column":47}},"loc":{"start":{"line":15,"column":76},"end":{"line":28,"column":1}},"line":15}},"branchMap":{},"s":{"0":3,"1":8},"f":{"0":8},"b":{},"_coverageSchema":"1a1c01bbd47fc00a2c39e90264f33305004495a9","hash":"b9a40e52b63275e66ddd387b45ebb79566076460"}
,"/home/asishk/Documents/blinklist/src/components/organisms/AcknowledgementCard/index.stories.tsx": {"path":"/home/asishk/Documents/blinklist/src/components/organisms/AcknowledgementCard/index.stories.tsx","statementMap":{"0":{"start":{"line":9,"column":68},"end":{"line":11,"column":1}},"1":{"start":{"line":10,"column":2},"end":{"line":10,"column":60}}},"fnMap":{"0":{"name":"(anonymous_0)","decl":{"start":{"line":9,"column":68},"end":{"line":9,"column":69}},"loc":{"start":{"line":10,"column":2},"end":{"line":10,"column":60}},"line":10},"1":{"name":"(anonymous_1)","decl":{"start":{"line":10,"column":48},"end":{"line":10,"column":49}},"loc":{"start":{"line":10,"column":54},"end":{"line":10,"column":56}},"line":10}},"branchMap":{},"s":{"0":0,"1":0},"f":{"0":0,"1":0},"b":{}}
,"/home/asishk/Documents/blinklist/src/components/organisms/AcknowledgementCard/index.tsx": {"path":"/home/asishk/Documents/blinklist/src/components/organisms/AcknowledgementCard/index.tsx","statementMap":{"0":{"start":{"line":13,"column":20},"end":{"line":17,"column":2}},"1":{"start":{"line":18,"column":25},"end":{"line":22,"column":2}},"2":{"start":{"line":23,"column":26},"end":{"line":27,"column":2}},"3":{"start":{"line":28,"column":28},"end":{"line":30,"column":2}},"4":{"start":{"line":31,"column":27},"end":{"line":35,"column":2}},"5":{"start":{"line":42,"column":64},"end":{"line":72,"column":1}},"6":{"start":{"line":43,"column":2},"end":{"line":71,"column":4}}},"fnMap":{"0":{"name":"(anonymous_0)","decl":{"start":{"line":42,"column":64},"end":{"line":42,"column":65}},"loc":{"start":{"line":42,"column":91},"end":{"line":72,"column":1}},"line":42}},"branchMap":{},"s":{"0":1,"1":1,"2":1,"3":1,"4":1,"5":1,"6":3},"f":{"0":3},"b":{},"_coverageSchema":"1a1c01bbd47fc00a2c39e90264f33305004495a9","hash":"3c514b3e6c818070a29f01713fe5d5d0adf384cf"}
,"/home/asishk/Documents/blinklist/src/components/organisms/CabCard/index.stories.tsx": {"path":"/home/asishk/Documents/blinklist/src/components/organisms/CabCard/index.stories.tsx","statementMap":{"0":{"start":{"line":11,"column":13},"end":{"line":33,"column":1}},"1":{"start":{"line":35,"column":49},"end":{"line":35,"column":80}},"2":{"start":{"line":35,"column":59},"end":{"line":35,"column":80}},"3":{"start":{"line":37,"column":32},"end":{"line":37,"column":49}},"4":{"start":{"line":39,"column":0},"end":{"line":41,"column":2}}},"fnMap":{"0":{"name":"(anonymous_0)","decl":{"start":{"line":35,"column":49},"end":{"line":35,"column":50}},"loc":{"start":{"line":35,"column":59},"end":{"line":35,"column":80}},"line":35}},"branchMap":{},"s":{"0":0,"1":0,"2":0,"3":0,"4":0},"f":{"0":0},"b":{}}
,"/home/asishk/Documents/blinklist/src/components/organisms/CabCard/index.tsx": {"path":"/home/asishk/Documents/blinklist/src/components/organisms/CabCard/index.tsx","statementMap":{"0":{"start":{"line":23,"column":26},"end":{"line":27,"column":2}},"1":{"start":{"line":29,"column":27},"end":{"line":32,"column":2}},"2":{"start":{"line":34,"column":25},"end":{"line":37,"column":2}},"3":{"start":{"line":39,"column":21},"end":{"line":45,"column":2}},"4":{"start":{"line":46,"column":27},"end":{"line":48,"column":2}},"5":{"start":{"line":50,"column":40},"end":{"line":91,"column":1}},"6":{"start":{"line":51,"column":2},"end":{"line":90,"column":4}},"7":{"start":{"line":77,"column":10},"end":{"line":86,"column":12}}},"fnMap":{"0":{"name":"(anonymous_0)","decl":{"start":{"line":50,"column":40},"end":{"line":50,"column":41}},"loc":{"start":{"line":50,"column":54},"end":{"line":91,"column":1}},"line":50},"1":{"name":"(anonymous_1)","decl":{"start":{"line":76,"column":18},"end":{"line":76,"column":19}},"loc":{"start":{"line":76,"column":35},"end":{"line":87,"column":9}},"line":76}},"branchMap":{},"s":{"0":1,"1":1,"2":1,"3":1,"4":1,"5":1,"6":5,"7":15},"f":{"0":5,"1":15},"b":{},"_coverageSchema":"1a1c01bbd47fc00a2c39e90264f33305004495a9","hash":"aaeaf5162a77268b7ee06dfcfa6b9b030d1c7e2f"}
,"/home/asishk/Documents/blinklist/src/components/organisms/CommonRoutes/index.stories.tsx": {"path":"/home/asishk/Documents/blinklist/src/components/organisms/CommonRoutes/index.stories.tsx","statementMap":{"0":{"start":{"line":9,"column":65},"end":{"line":9,"column":194}},"1":{"start":{"line":9,"column":75},"end":{"line":9,"column":194}}},"fnMap":{"0":{"name":"(anonymous_0)","decl":{"start":{"line":9,"column":65},"end":{"line":9,"column":66}},"loc":{"start":{"line":9,"column":75},"end":{"line":9,"column":194}},"line":9}},"branchMap":{},"s":{"0":0,"1":0},"f":{"0":0},"b":{}}
,"/home/asishk/Documents/blinklist/src/components/organisms/CommonRoutes/index.tsx": {"path":"/home/asishk/Documents/blinklist/src/components/organisms/CommonRoutes/index.tsx","statementMap":{"0":{"start":{"line":25,"column":18},"end":{"line":106,"column":2}},"1":{"start":{"line":113,"column":54},"end":{"line":217,"column":1}},"2":{"start":{"line":114,"column":36},"end":{"line":114,"column":60}},"3":{"start":{"line":115,"column":36},"end":{"line":115,"column":59}},"4":{"start":{"line":116,"column":22},"end":{"line":119,"column":3}},"5":{"start":{"line":117,"column":4},"end":{"line":117,"column":29}},"6":{"start":{"line":118,"column":4},"end":{"line":118,"column":29}},"7":{"start":{"line":120,"column":18},"end":{"line":120,"column":29}},"8":{"start":{"line":121,"column":2},"end":{"line":216,"column":4}}},"fnMap":{"0":{"name":"(anonymous_0)","decl":{"start":{"line":113,"column":54},"end":{"line":113,"column":55}},"loc":{"start":{"line":113,"column":92},"end":{"line":217,"column":1}},"line":113},"1":{"name":"(anonymous_1)","decl":{"start":{"line":116,"column":22},"end":{"line":116,"column":23}},"loc":{"start":{"line":116,"column":28},"end":{"line":119,"column":3}},"line":116}},"branchMap":{"0":{"loc":{"start":{"line":187,"column":13},"end":{"line":195,"column":13}},"type":"cond-expr","locations":[{"start":{"line":188,"column":14},"end":{"line":190,"column":20}},{"start":{"line":192,"column":14},"end":{"line":194,"column":20}}],"line":187},"1":{"loc":{"start":{"line":198,"column":13},"end":{"line":206,"column":13}},"type":"cond-expr","locations":[{"start":{"line":199,"column":14},"end":{"line":201,"column":20}},{"start":{"line":203,"column":14},"end":{"line":205,"column":20}}],"line":198}},"s":{"0":1,"1":1,"2":4,"3":4,"4":4,"5":0,"6":0,"7":4,"8":4},"f":{"0":4,"1":0},"b":{"0":[4,0],"1":[0,4]},"_coverageSchema":"1a1c01bbd47fc00a2c39e90264f33305004495a9","hash":"090fa75b5e2926b9120c9aa68a008246c9209430"}
,"/home/asishk/Documents/blinklist/src/components/organisms/FileUploadCard/index.stories.tsx": {"path":"/home/asishk/Documents/blinklist/src/components/organisms/FileUploadCard/index.stories.tsx","statementMap":{"0":{"start":{"line":9,"column":63},"end":{"line":9,"column":87}},"1":{"start":{"line":9,"column":69},"end":{"line":9,"column":87}}},"fnMap":{"0":{"name":"(anonymous_0)","decl":{"start":{"line":9,"column":63},"end":{"line":9,"column":64}},"loc":{"start":{"line":9,"column":69},"end":{"line":9,"column":87}},"line":9}},"branchMap":{},"s":{"0":0,"1":0},"f":{"0":0},"b":{}}
,"/home/asishk/Documents/blinklist/src/components/organisms/FileUploadCard/index.tsx": {"path":"/home/asishk/Documents/blinklist/src/components/organisms/FileUploadCard/index.tsx","statementMap":{"0":{"start":{"line":13,"column":19},"end":{"line":19,"column":2}},"1":{"start":{"line":21,"column":28},"end":{"line":24,"column":2}},"2":{"start":{"line":26,"column":24},"end":{"line":37,"column":2}},"3":{"start":{"line":39,"column":23},"end":{"line":43,"column":2}},"4":{"start":{"line":45,"column":27},"end":{"line":50,"column":2}},"5":{"start":{"line":52,"column":28},"end":{"line":54,"column":2}},"6":{"start":{"line":56,"column":33},"end":{"line":85,"column":1}},"7":{"start":{"line":57,"column":26},"end":{"line":57,"column":46}},"8":{"start":{"line":59,"column":22},"end":{"line":61,"column":3}},"9":{"start":{"line":60,"column":4},"end":{"line":60,"column":19}},"10":{"start":{"line":62,"column":2},"end":{"line":84,"column":4}}},"fnMap":{"0":{"name":"(anonymous_0)","decl":{"start":{"line":56,"column":33},"end":{"line":56,"column":34}},"loc":{"start":{"line":56,"column":39},"end":{"line":85,"column":1}},"line":56},"1":{"name":"(anonymous_1)","decl":{"start":{"line":59,"column":22},"end":{"line":59,"column":23}},"loc":{"start":{"line":59,"column":28},"end":{"line":61,"column":3}},"line":59}},"branchMap":{},"s":{"0":1,"1":1,"2":1,"3":1,"4":1,"5":1,"6":1,"7":4,"8":3,"9":0,"10":3},"f":{"0":4,"1":0},"b":{},"_coverageSchema":"1a1c01bbd47fc00a2c39e90264f33305004495a9","hash":"5879709c9befaff2747133b90743f6cdebc91f5d"}
,"/home/asishk/Documents/blinklist/src/components/organisms/FilterMenu/index.stories.tsx": {"path":"/home/asishk/Documents/blinklist/src/components/organisms/FilterMenu/index.stories.tsx","statementMap":{"0":{"start":{"line":10,"column":13},"end":{"line":43,"column":3}},"1":{"start":{"line":46,"column":52},"end":{"line":46,"column":85}},"2":{"start":{"line":46,"column":62},"end":{"line":46,"column":85}},"3":{"start":{"line":48,"column":33},"end":{"line":48,"column":50}},"4":{"start":{"line":50,"column":0},"end":{"line":52,"column":1}}},"fnMap":{"0":{"name":"(anonymous_0)","decl":{"start":{"line":46,"column":52},"end":{"line":46,"column":53}},"loc":{"start":{"line":46,"column":62},"end":{"line":46,"column":85}},"line":46}},"branchMap":{},"s":{"0":0,"1":0,"2":0,"3":0,"4":0},"f":{"0":0},"b":{}}
,"/home/asishk/Documents/blinklist/src/components/organisms/FilterMenu/index.tsx": {"path":"/home/asishk/Documents/blinklist/src/components/organisms/FilterMenu/index.tsx","statementMap":{"0":{"start":{"line":25,"column":25},"end":{"line":28,"column":2}},"1":{"start":{"line":30,"column":19},"end":{"line":33,"column":2}},"2":{"start":{"line":35,"column":22},"end":{"line":39,"column":2}},"3":{"start":{"line":41,"column":22},"end":{"line":44,"column":2}},"4":{"start":{"line":46,"column":27},"end":{"line":49,"column":2}},"5":{"start":{"line":51,"column":18},"end":{"line":70,"column":1}},"6":{"start":{"line":52,"column":2},"end":{"line":69,"column":5}},"7":{"start":{"line":53,"column":4},"end":{"line":68,"column":6}},"8":{"start":{"line":72,"column":20},"end":{"line":77,"column":2}},"9":{"start":{"line":79,"column":26},"end":{"line":87,"column":1}},"10":{"start":{"line":80,"column":2},"end":{"line":86,"column":5}},"11":{"start":{"line":81,"column":4},"end":{"line":85,"column":6}},"12":{"start":{"line":89,"column":23},"end":{"line":97,"column":1}},"13":{"start":{"line":90,"column":2},"end":{"line":96,"column":5}},"14":{"start":{"line":91,"column":4},"end":{"line":95,"column":6}},"15":{"start":{"line":99,"column":46},"end":{"line":138,"column":1}},"16":{"start":{"line":100,"column":26},"end":{"line":100,"column":46}},"17":{"start":{"line":102,"column":22},"end":{"line":104,"column":3}},"18":{"start":{"line":103,"column":4},"end":{"line":103,"column":19}},"19":{"start":{"line":106,"column":2},"end":{"line":137,"column":4}}},"fnMap":{"0":{"name":"(anonymous_0)","decl":{"start":{"line":51,"column":18},"end":{"line":51,"column":19}},"loc":{"start":{"line":51,"column":36},"end":{"line":70,"column":1}},"line":51},"1":{"name":"(anonymous_1)","decl":{"start":{"line":52,"column":18},"end":{"line":52,"column":19}},"loc":{"start":{"line":52,"column":29},"end":{"line":69,"column":3}},"line":52},"2":{"name":"(anonymous_2)","decl":{"start":{"line":79,"column":26},"end":{"line":79,"column":27}},"loc":{"start":{"line":79,"column":56},"end":{"line":87,"column":1}},"line":79},"3":{"name":"(anonymous_3)","decl":{"start":{"line":80,"column":28},"end":{"line":80,"column":29}},"loc":{"start":{"line":80,"column":39},"end":{"line":86,"column":3}},"line":80},"4":{"name":"(anonymous_4)","decl":{"start":{"line":89,"column":23},"end":{"line":89,"column":24}},"loc":{"start":{"line":89,"column":53},"end":{"line":97,"column":1}},"line":89},"5":{"name":"(anonymous_5)","decl":{"start":{"line":90,"column":28},"end":{"line":90,"column":29}},"loc":{"start":{"line":90,"column":39},"end":{"line":96,"column":3}},"line":90},"6":{"name":"(anonymous_6)","decl":{"start":{"line":99,"column":46},"end":{"line":99,"column":47}},"loc":{"start":{"line":99,"column":60},"end":{"line":138,"column":1}},"line":99},"7":{"name":"(anonymous_7)","decl":{"start":{"line":102,"column":22},"end":{"line":102,"column":23}},"loc":{"start":{"line":102,"column":28},"end":{"line":104,"column":3}},"line":102}},"branchMap":{"0":{"loc":{"start":{"line":59,"column":11},"end":{"line":65,"column":11}},"type":"cond-expr","locations":[{"start":{"line":60,"column":12},"end":{"line":62,"column":19}},{"start":{"line":64,"column":12},"end":{"line":64,"column":60}}],"line":59}},"s":{"0":1,"1":1,"2":1,"3":1,"4":1,"5":1,"6":1,"7":6,"8":1,"9":1,"10":1,"11":2,"12":1,"13":5,"14":20,"15":1,"16":1,"17":1,"18":0,"19":1},"f":{"0":1,"1":6,"2":1,"3":2,"4":5,"5":20,"6":1,"7":0},"b":{"0":[1,5]},"_coverageSchema":"1a1c01bbd47fc00a2c39e90264f33305004495a9","hash":"37c0955cf448189a0e62494f3b110949500ada35"}
,"/home/asishk/Documents/blinklist/src/components/organisms/FindCard/index.stories.tsx": {"path":"/home/asishk/Documents/blinklist/src/components/organisms/FindCard/index.stories.tsx","statementMap":{"0":{"start":{"line":11,"column":49},"end":{"line":15,"column":1}},"1":{"start":{"line":12,"column":2},"end":{"line":14,"column":8}},"2":{"start":{"line":17,"column":27},"end":{"line":17,"column":44}},"3":{"start":{"line":19,"column":0},"end":{"line":29,"column":2}},"4":{"start":{"line":31,"column":30},"end":{"line":31,"column":47}},"5":{"start":{"line":33,"column":0},"end":{"line":43,"column":2}}},"fnMap":{"0":{"name":"(anonymous_0)","decl":{"start":{"line":11,"column":49},"end":{"line":11,"column":50}},"loc":{"start":{"line":12,"column":2},"end":{"line":14,"column":8}},"line":12}},"branchMap":{},"s":{"0":0,"1":0,"2":0,"3":0,"4":0,"5":0},"f":{"0":0},"b":{}}
,"/home/asishk/Documents/blinklist/src/components/organisms/FindCard/index.tsx": {"path":"/home/asishk/Documents/blinklist/src/components/organisms/FindCard/index.tsx","statementMap":{"0":{"start":{"line":28,"column":18},"end":{"line":67,"column":2}},"1":{"start":{"line":69,"column":22},"end":{"line":71,"column":2}},"2":{"start":{"line":73,"column":50},"end":{"line":170,"column":1}},"3":{"start":{"line":74,"column":18},"end":{"line":74,"column":29}},"4":{"start":{"line":75,"column":2},"end":{"line":169,"column":4}}},"fnMap":{"0":{"name":"(anonymous_0)","decl":{"start":{"line":73,"column":50},"end":{"line":73,"column":51}},"loc":{"start":{"line":73,"column":117},"end":{"line":170,"column":1}},"line":73}},"branchMap":{"0":{"loc":{"start":{"line":77,"column":7},"end":{"line":99,"column":7}},"type":"cond-expr","locations":[{"start":{"line":78,"column":8},"end":{"line":78,"column":109}},{"start":{"line":80,"column":8},"end":{"line":98,"column":10}}],"line":77},"1":{"loc":{"start":{"line":100,"column":7},"end":{"line":122,"column":7}},"type":"cond-expr","locations":[{"start":{"line":101,"column":8},"end":{"line":119,"column":22}},{"start":{"line":121,"column":8},"end":{"line":121,"column":10}}],"line":100},"2":{"loc":{"start":{"line":123,"column":7},"end":{"line":167,"column":7}},"type":"cond-expr","locations":[{"start":{"line":124,"column":8},"end":{"line":154,"column":22}},{"start":{"line":156,"column":8},"end":{"line":166,"column":22}}],"line":123}},"s":{"0":1,"1":1,"2":1,"3":1,"4":1},"f":{"0":1},"b":{"0":[1,0],"1":[1,0],"2":[1,0]},"_coverageSchema":"1a1c01bbd47fc00a2c39e90264f33305004495a9","hash":"fa129850443b3f76c408b0ecb1ef0d807930fb42"}
,"/home/asishk/Documents/blinklist/src/components/organisms/Header/index.stories.tsx": {"path":"/home/asishk/Documents/blinklist/src/components/organisms/Header/index.stories.tsx","statementMap":{"0":{"start":{"line":9,"column":48},"end":{"line":9,"column":78}},"1":{"start":{"line":9,"column":58},"end":{"line":9,"column":78}},"2":{"start":{"line":11,"column":25},"end":{"line":11,"column":42}},"3":{"start":{"line":13,"column":0},"end":{"line":15,"column":2}}},"fnMap":{"0":{"name":"(anonymous_0)","decl":{"start":{"line":9,"column":48},"end":{"line":9,"column":49}},"loc":{"start":{"line":9,"column":58},"end":{"line":9,"column":78}},"line":9}},"branchMap":{},"s":{"0":0,"1":0,"2":0,"3":0},"f":{"0":0},"b":{}}
,"/home/asishk/Documents/blinklist/src/components/organisms/Header/index.tsx": {"path":"/home/asishk/Documents/blinklist/src/components/organisms/Header/index.tsx","statementMap":{"0":{"start":{"line":16,"column":21},"end":{"line":21,"column":2}},"1":{"start":{"line":23,"column":17},"end":{"line":26,"column":2}},"2":{"start":{"line":28,"column":17},"end":{"line":31,"column":2}},"3":{"start":{"line":33,"column":38},"end":{"line":72,"column":1}},"4":{"start":{"line":34,"column":29},"end":{"line":34,"column":59}},"5":{"start":{"line":36,"column":23},"end":{"line":39,"column":3}},"6":{"start":{"line":37,"column":4},"end":{"line":37,"column":36}},"7":{"start":{"line":38,"column":4},"end":{"line":38,"column":31}},"8":{"start":{"line":40,"column":2},"end":{"line":71,"column":4}},"9":{"start":{"line":74,"column":0},"end":{"line":76,"column":2}}},"fnMap":{"0":{"name":"(anonymous_0)","decl":{"start":{"line":33,"column":38},"end":{"line":33,"column":39}},"loc":{"start":{"line":33,"column":60},"end":{"line":72,"column":1}},"line":33},"1":{"name":"(anonymous_1)","decl":{"start":{"line":36,"column":23},"end":{"line":36,"column":24}},"loc":{"start":{"line":36,"column":65},"end":{"line":39,"column":3}},"line":36}},"branchMap":{},"s":{"0":1,"1":1,"2":1,"3":1,"4":1,"5":1,"6":0,"7":0,"8":1,"9":1},"f":{"0":1,"1":0},"b":{},"_coverageSchema":"1a1c01bbd47fc00a2c39e90264f33305004495a9","hash":"92daedf4387e7f3a394ae602f7ac16e9e9f95263"}
,"/home/asishk/Documents/blinklist/src/components/organisms/JobDesCard/index.stories.tsx": {"path":"/home/asishk/Documents/blinklist/src/components/organisms/JobDesCard/index.stories.tsx","statementMap":{"0":{"start":{"line":10,"column":53},"end":{"line":10,"column":88}},"1":{"start":{"line":10,"column":63},"end":{"line":10,"column":88}},"2":{"start":{"line":12,"column":27},"end":{"line":12,"column":44}},"3":{"start":{"line":14,"column":0},"end":{"line":20,"column":2}}},"fnMap":{"0":{"name":"(anonymous_0)","decl":{"start":{"line":10,"column":53},"end":{"line":10,"column":54}},"loc":{"start":{"line":10,"column":63},"end":{"line":10,"column":88}},"line":10}},"branchMap":{},"s":{"0":0,"1":0,"2":0,"3":0},"f":{"0":0},"b":{}}
,"/home/asishk/Documents/blinklist/src/components/organisms/JobDesCard/index.tsx": {"path":"/home/asishk/Documents/blinklist/src/components/organisms/JobDesCard/index.tsx","statementMap":{"0":{"start":{"line":25,"column":18},"end":{"line":39,"column":2}},"1":{"start":{"line":41,"column":17},"end":{"line":45,"column":2}},"2":{"start":{"line":47,"column":20},"end":{"line":50,"column":2}},"3":{"start":{"line":52,"column":17},"end":{"line":54,"column":2}},"4":{"start":{"line":56,"column":26},"end":{"line":60,"column":2}},"5":{"start":{"line":62,"column":25},"end":{"line":64,"column":2}},"6":{"start":{"line":65,"column":54},"end":{"line":140,"column":1}},"7":{"start":{"line":73,"column":33},"end":{"line":73,"column":57}},"8":{"start":{"line":74,"column":42},"end":{"line":74,"column":66}},"9":{"start":{"line":76,"column":18},"end":{"line":76,"column":29}},"10":{"start":{"line":77,"column":30},"end":{"line":79,"column":3}},"11":{"start":{"line":78,"column":4},"end":{"line":78,"column":26}},"12":{"start":{"line":81,"column":31},"end":{"line":83,"column":3}},"13":{"start":{"line":82,"column":4},"end":{"line":82,"column":35}},"14":{"start":{"line":85,"column":2},"end":{"line":139,"column":4}}},"fnMap":{"0":{"name":"(anonymous_0)","decl":{"start":{"line":65,"column":54},"end":{"line":65,"column":55}},"loc":{"start":{"line":72,"column":6},"end":{"line":140,"column":1}},"line":72},"1":{"name":"(anonymous_1)","decl":{"start":{"line":77,"column":30},"end":{"line":77,"column":31}},"loc":{"start":{"line":77,"column":78},"end":{"line":79,"column":3}},"line":77},"2":{"name":"(anonymous_2)","decl":{"start":{"line":81,"column":31},"end":{"line":81,"column":32}},"loc":{"start":{"line":81,"column":79},"end":{"line":83,"column":3}},"line":81}},"branchMap":{"0":{"loc":{"start":{"line":125,"column":11},"end":{"line":125,"column":39}},"type":"cond-expr","locations":[{"start":{"line":125,"column":22},"end":{"line":125,"column":28}},{"start":{"line":125,"column":31},"end":{"line":125,"column":39}}],"line":125},"1":{"loc":{"start":{"line":135,"column":11},"end":{"line":135,"column":43}},"type":"cond-expr","locations":[{"start":{"line":135,"column":24},"end":{"line":135,"column":31}},{"start":{"line":135,"column":34},"end":{"line":135,"column":43}}],"line":135}},"s":{"0":1,"1":1,"2":1,"3":1,"4":1,"5":1,"6":1,"7":1,"8":1,"9":1,"10":1,"11":0,"12":1,"13":0,"14":1},"f":{"0":1,"1":0,"2":0},"b":{"0":[1,0],"1":[1,0]},"_coverageSchema":"1a1c01bbd47fc00a2c39e90264f33305004495a9","hash":"affe8a903b3a4d05e65fb8272148efd96f97a279"}
,"/home/asishk/Documents/blinklist/src/components/organisms/JobDetailsCard/index.stories.tsx": {"path":"/home/asishk/Documents/blinklist/src/components/organisms/JobDetailsCard/index.stories.tsx","statementMap":{"0":{"start":{"line":5,"column":2},"end":{"line":5,"column":391}},"1":{"start":{"line":7,"column":2},"end":{"line":7,"column":175}},"2":{"start":{"line":14,"column":63},"end":{"line":16,"column":1}},"3":{"start":{"line":15,"column":2},"end":{"line":15,"column":74}}},"fnMap":{"0":{"name":"(anonymous_0)","decl":{"start":{"line":14,"column":63},"end":{"line":14,"column":64}},"loc":{"start":{"line":15,"column":2},"end":{"line":15,"column":74}},"line":15}},"branchMap":{},"s":{"0":0,"1":0,"2":0,"3":0},"f":{"0":0},"b":{}}
,"/home/asishk/Documents/blinklist/src/components/organisms/JobDetailsCard/index.tsx": {"path":"/home/asishk/Documents/blinklist/src/components/organisms/JobDetailsCard/index.tsx","statementMap":{"0":{"start":{"line":12,"column":22},"end":{"line":14,"column":2}},"1":{"start":{"line":15,"column":19},"end":{"line":20,"column":2}},"2":{"start":{"line":21,"column":17},"end":{"line":26,"column":2}},"3":{"start":{"line":27,"column":22},"end":{"line":34,"column":2}},"4":{"start":{"line":40,"column":54},"end":{"line":81,"column":1}},"5":{"start":{"line":41,"column":2},"end":{"line":80,"column":4}}},"fnMap":{"0":{"name":"(anonymous_0)","decl":{"start":{"line":40,"column":54},"end":{"line":40,"column":55}},"loc":{"start":{"line":40,"column":89},"end":{"line":81,"column":1}},"line":40}},"branchMap":{},"s":{"0":1,"1":1,"2":1,"3":1,"4":1,"5":4},"f":{"0":4},"b":{},"_coverageSchema":"1a1c01bbd47fc00a2c39e90264f33305004495a9","hash":"07a25ad7e6e5be0329314a931a4bce2a9699d9f2"}
,"/home/asishk/Documents/blinklist/src/components/organisms/JobList/index.stories.tsx": {"path":"/home/asishk/Documents/blinklist/src/components/organisms/JobList/index.stories.tsx","statementMap":{"0":{"start":{"line":10,"column":16},"end":{"line":10,"column":96}},"1":{"start":{"line":12,"column":21},"end":{"line":14,"column":1}},"2":{"start":{"line":13,"column":2},"end":{"line":13,"column":41}},"3":{"start":{"line":16,"column":20},"end":{"line":19,"column":1}},"4":{"start":{"line":17,"column":2},"end":{"line":17,"column":36}},"5":{"start":{"line":18,"column":2},"end":{"line":18,"column":40}},"6":{"start":{"line":21,"column":49},"end":{"line":25,"column":1}},"7":{"start":{"line":22,"column":2},"end":{"line":24,"column":8}},"8":{"start":{"line":27,"column":23},"end":{"line":27,"column":40}},"9":{"start":{"line":29,"column":0},"end":{"line":33,"column":2}}},"fnMap":{"0":{"name":"(anonymous_0)","decl":{"start":{"line":12,"column":21},"end":{"line":12,"column":22}},"loc":{"start":{"line":12,"column":27},"end":{"line":14,"column":1}},"line":12},"1":{"name":"(anonymous_1)","decl":{"start":{"line":16,"column":20},"end":{"line":16,"column":21}},"loc":{"start":{"line":16,"column":26},"end":{"line":19,"column":1}},"line":16},"2":{"name":"(anonymous_2)","decl":{"start":{"line":21,"column":49},"end":{"line":21,"column":50}},"loc":{"start":{"line":22,"column":2},"end":{"line":24,"column":8}},"line":22}},"branchMap":{},"s":{"0":0,"1":0,"2":0,"3":0,"4":0,"5":0,"6":0,"7":0,"8":0,"9":0},"f":{"0":0,"1":0,"2":0},"b":{}}
,"/home/asishk/Documents/blinklist/src/components/organisms/JobList/index.tsx": {"path":"/home/asishk/Documents/blinklist/src/components/organisms/JobList/index.tsx","statementMap":{"0":{"start":{"line":13,"column":16},"end":{"line":16,"column":2}},"1":{"start":{"line":18,"column":19},"end":{"line":21,"column":2}},"2":{"start":{"line":23,"column":25},"end":{"line":25,"column":2}},"3":{"start":{"line":27,"column":24},"end":{"line":33,"column":2}},"4":{"start":{"line":35,"column":22},"end":{"line":46,"column":1}},"5":{"start":{"line":36,"column":2},"end":{"line":36,"column":23}},"6":{"start":{"line":37,"column":2},"end":{"line":45,"column":3}},"7":{"start":{"line":38,"column":4},"end":{"line":44,"column":7}},"8":{"start":{"line":39,"column":6},"end":{"line":43,"column":8}},"9":{"start":{"line":48,"column":40},"end":{"line":83,"column":1}},"10":{"start":{"line":49,"column":2},"end":{"line":82,"column":4}}},"fnMap":{"0":{"name":"(anonymous_0)","decl":{"start":{"line":35,"column":22},"end":{"line":35,"column":23}},"loc":{"start":{"line":35,"column":100},"end":{"line":46,"column":1}},"line":35},"1":{"name":"(anonymous_1)","decl":{"start":{"line":38,"column":23},"end":{"line":38,"column":24}},"loc":{"start":{"line":38,"column":43},"end":{"line":44,"column":5}},"line":38},"2":{"name":"(anonymous_2)","decl":{"start":{"line":48,"column":40},"end":{"line":48,"column":41}},"loc":{"start":{"line":48,"column":84},"end":{"line":83,"column":1}},"line":48}},"branchMap":{"0":{"loc":{"start":{"line":37,"column":2},"end":{"line":45,"column":3}},"type":"if","locations":[{"start":{"line":37,"column":2},"end":{"line":45,"column":3}},{"start":{},"end":{}}],"line":37},"1":{"loc":{"start":{"line":37,"column":6},"end":{"line":37,"column":45}},"type":"binary-expr","locations":[{"start":{"line":37,"column":6},"end":{"line":37,"column":20}},{"start":{"line":37,"column":24},"end":{"line":37,"column":45}}],"line":37},"2":{"loc":{"start":{"line":60,"column":13},"end":{"line":60,"column":76}},"type":"binary-expr","locations":[{"start":{"line":60,"column":13},"end":{"line":60,"column":20}},{"start":{"line":60,"column":24},"end":{"line":60,"column":36}},{"start":{"line":60,"column":40},"end":{"line":60,"column":76}}],"line":60},"3":{"loc":{"start":{"line":64,"column":11},"end":{"line":78,"column":11}},"type":"binary-expr","locations":[{"start":{"line":64,"column":11},"end":{"line":64,"column":18}},{"start":{"line":64,"column":22},"end":{"line":64,"column":42}},{"start":{"line":65,"column":12},"end":{"line":77,"column":14}}],"line":64}},"s":{"0":1,"1":1,"2":1,"3":1,"4":1,"5":1,"6":1,"7":1,"8":5,"9":1,"10":3},"f":{"0":1,"1":5,"2":3},"b":{"0":[1,0],"1":[1,1],"2":[3,2,1],"3":[3,2,2]},"_coverageSchema":"1a1c01bbd47fc00a2c39e90264f33305004495a9","hash":"f1f3f57738f6d7be874d2292f53c11e58a7b885d"}
,"/home/asishk/Documents/blinklist/src/components/organisms/JobSearch/index.stories.tsx": {"path":"/home/asishk/Documents/blinklist/src/components/organisms/JobSearch/index.stories.tsx","statementMap":{"0":{"start":{"line":10,"column":48},"end":{"line":14,"column":1}},"1":{"start":{"line":11,"column":2},"end":{"line":13,"column":8}},"2":{"start":{"line":16,"column":27},"end":{"line":16,"column":44}},"3":{"start":{"line":18,"column":0},"end":{"line":18,"column":22}}},"fnMap":{"0":{"name":"(anonymous_0)","decl":{"start":{"line":10,"column":48},"end":{"line":10,"column":49}},"loc":{"start":{"line":11,"column":2},"end":{"line":13,"column":8}},"line":11}},"branchMap":{},"s":{"0":0,"1":0,"2":0,"3":0},"f":{"0":0},"b":{}}
,"/home/asishk/Documents/blinklist/src/components/organisms/JobSearch/index.tsx": {"path":"/home/asishk/Documents/blinklist/src/components/organisms/JobSearch/index.tsx","statementMap":{"0":{"start":{"line":19,"column":19},"end":{"line":29,"column":2}},"1":{"start":{"line":31,"column":17},"end":{"line":40,"column":2}},"2":{"start":{"line":42,"column":16},"end":{"line":47,"column":2}},"3":{"start":{"line":49,"column":21},"end":{"line":49,"column":45}},"4":{"start":{"line":51,"column":24},"end":{"line":75,"column":2}},"5":{"start":{"line":77,"column":26},"end":{"line":84,"column":1}},"6":{"start":{"line":86,"column":40},"end":{"line":146,"column":1}},"7":{"start":{"line":88,"column":21},"end":{"line":88,"column":77}},"8":{"start":{"line":89,"column":23},"end":{"line":89,"column":64}},"9":{"start":{"line":90,"column":30},"end":{"line":90,"column":67}},"10":{"start":{"line":91,"column":26},"end":{"line":91,"column":65}},"11":{"start":{"line":94,"column":27},"end":{"line":97,"column":3}},"12":{"start":{"line":95,"column":4},"end":{"line":95,"column":32}},"13":{"start":{"line":96,"column":4},"end":{"line":96,"column":50}},"14":{"start":{"line":99,"column":2},"end":{"line":145,"column":4}},"15":{"start":{"line":116,"column":14},"end":{"line":116,"column":50}},"16":{"start":{"line":119,"column":37},"end":{"line":119,"column":96}},"17":{"start":{"line":129,"column":12},"end":{"line":129,"column":46}},"18":{"start":{"line":132,"column":35},"end":{"line":132,"column":89}}},"fnMap":{"0":{"name":"(anonymous_0)","decl":{"start":{"line":86,"column":40},"end":{"line":86,"column":41}},"loc":{"start":{"line":86,"column":46},"end":{"line":146,"column":1}},"line":86},"1":{"name":"(anonymous_1)","decl":{"start":{"line":94,"column":27},"end":{"line":94,"column":28}},"loc":{"start":{"line":94,"column":76},"end":{"line":97,"column":3}},"line":94},"2":{"name":"(anonymous_2)","decl":{"start":{"line":115,"column":22},"end":{"line":115,"column":23}},"loc":{"start":{"line":115,"column":96},"end":{"line":117,"column":13}},"line":115},"3":{"name":"(anonymous_3)","decl":{"start":{"line":119,"column":25},"end":{"line":119,"column":26}},"loc":{"start":{"line":119,"column":37},"end":{"line":119,"column":96}},"line":119},"4":{"name":"(anonymous_4)","decl":{"start":{"line":128,"column":20},"end":{"line":128,"column":21}},"loc":{"start":{"line":128,"column":94},"end":{"line":130,"column":11}},"line":128},"5":{"name":"(anonymous_5)","decl":{"start":{"line":132,"column":23},"end":{"line":132,"column":24}},"loc":{"start":{"line":132,"column":35},"end":{"line":132,"column":89}},"line":132}},"branchMap":{"0":{"loc":{"start":{"line":116,"column":24},"end":{"line":116,"column":48}},"type":"cond-expr","locations":[{"start":{"line":116,"column":35},"end":{"line":116,"column":43}},{"start":{"line":116,"column":46},"end":{"line":116,"column":48}}],"line":116},"1":{"loc":{"start":{"line":129,"column":20},"end":{"line":129,"column":44}},"type":"cond-expr","locations":[{"start":{"line":129,"column":31},"end":{"line":129,"column":39}},{"start":{"line":129,"column":42},"end":{"line":129,"column":44}}],"line":129}},"s":{"0":1,"1":1,"2":1,"3":1,"4":1,"5":1,"6":1,"7":4,"8":4,"9":4,"10":4,"11":4,"12":0,"13":0,"14":4,"15":0,"16":8,"17":0,"18":8},"f":{"0":4,"1":0,"2":0,"3":8,"4":0,"5":8},"b":{"0":[0,0],"1":[0,0]},"_coverageSchema":"1a1c01bbd47fc00a2c39e90264f33305004495a9","hash":"aac415d3faa4ac977c56026b48ffba29017393fe"}
,"/home/asishk/Documents/blinklist/src/components/organisms/MainCard/index.stories.tsx": {"path":"/home/asishk/Documents/blinklist/src/components/organisms/MainCard/index.stories.tsx","statementMap":{"0":{"start":{"line":9,"column":50},"end":{"line":9,"column":82}},"1":{"start":{"line":9,"column":60},"end":{"line":9,"column":82}},"2":{"start":{"line":11,"column":28},"end":{"line":11,"column":45}},"3":{"start":{"line":13,"column":0},"end":{"line":13,"column":23}}},"fnMap":{"0":{"name":"(anonymous_0)","decl":{"start":{"line":9,"column":50},"end":{"line":9,"column":51}},"loc":{"start":{"line":9,"column":60},"end":{"line":9,"column":82}},"line":9}},"branchMap":{},"s":{"0":0,"1":0,"2":0,"3":0},"f":{"0":0},"b":{}}
,"/home/asishk/Documents/blinklist/src/components/organisms/MainCard/index.tsx": {"path":"/home/asishk/Documents/blinklist/src/components/organisms/MainCard/index.tsx","statementMap":{"0":{"start":{"line":20,"column":19},"end":{"line":22,"column":2}},"1":{"start":{"line":24,"column":16},"end":{"line":26,"column":2}},"2":{"start":{"line":28,"column":13},"end":{"line":33,"column":2}},"3":{"start":{"line":35,"column":17},"end":{"line":37,"column":2}},"4":{"start":{"line":39,"column":21},"end":{"line":43,"column":2}},"5":{"start":{"line":45,"column":22},"end":{"line":47,"column":2}},"6":{"start":{"line":49,"column":17},"end":{"line":52,"column":2}},"7":{"start":{"line":54,"column":56},"end":{"line":128,"column":1}},"8":{"start":{"line":55,"column":40},"end":{"line":55,"column":59}},"9":{"start":{"line":58,"column":22},"end":{"line":60,"column":3}},"10":{"start":{"line":59,"column":4},"end":{"line":59,"column":42}},"11":{"start":{"line":63,"column":23},"end":{"line":65,"column":3}},"12":{"start":{"line":64,"column":4},"end":{"line":64,"column":49}},"13":{"start":{"line":67,"column":31},"end":{"line":71,"column":3}},"14":{"start":{"line":68,"column":4},"end":{"line":70,"column":5}},"15":{"start":{"line":69,"column":6},"end":{"line":69,"column":38}},"16":{"start":{"line":73,"column":31},"end":{"line":77,"column":3}},"17":{"start":{"line":74,"column":4},"end":{"line":76,"column":5}},"18":{"start":{"line":75,"column":6},"end":{"line":75,"column":38}},"19":{"start":{"line":79,"column":2},"end":{"line":127,"column":4}},"20":{"start":{"line":130,"column":0},"end":{"line":132,"column":2}}},"fnMap":{"0":{"name":"(anonymous_0)","decl":{"start":{"line":54,"column":56},"end":{"line":54,"column":57}},"loc":{"start":{"line":54,"column":79},"end":{"line":128,"column":1}},"line":54},"1":{"name":"(anonymous_1)","decl":{"start":{"line":58,"column":22},"end":{"line":58,"column":23}},"loc":{"start":{"line":58,"column":28},"end":{"line":60,"column":3}},"line":58},"2":{"name":"(anonymous_2)","decl":{"start":{"line":63,"column":23},"end":{"line":63,"column":24}},"loc":{"start":{"line":63,"column":29},"end":{"line":65,"column":3}},"line":63},"3":{"name":"(anonymous_3)","decl":{"start":{"line":67,"column":31},"end":{"line":67,"column":32}},"loc":{"start":{"line":67,"column":80},"end":{"line":71,"column":3}},"line":67},"4":{"name":"(anonymous_4)","decl":{"start":{"line":73,"column":31},"end":{"line":73,"column":32}},"loc":{"start":{"line":73,"column":80},"end":{"line":77,"column":3}},"line":73}},"branchMap":{"0":{"loc":{"start":{"line":68,"column":4},"end":{"line":70,"column":5}},"type":"if","locations":[{"start":{"line":68,"column":4},"end":{"line":70,"column":5}},{"start":{},"end":{}}],"line":68},"1":{"loc":{"start":{"line":74,"column":4},"end":{"line":76,"column":5}},"type":"if","locations":[{"start":{"line":74,"column":4},"end":{"line":76,"column":5}},{"start":{},"end":{}}],"line":74},"2":{"loc":{"start":{"line":82,"column":23},"end":{"line":82,"column":100}},"type":"cond-expr","locations":[{"start":{"line":82,"column":43},"end":{"line":82,"column":64}},{"start":{"line":82,"column":67},"end":{"line":82,"column":100}}],"line":82},"3":{"loc":{"start":{"line":95,"column":11},"end":{"line":110,"column":11}},"type":"cond-expr","locations":[{"start":{"line":96,"column":12},"end":{"line":107,"column":27}},{"start":{"line":109,"column":12},"end":{"line":109,"column":14}}],"line":95}},"s":{"0":1,"1":1,"2":1,"3":1,"4":1,"5":1,"6":1,"7":1,"8":1,"9":1,"10":0,"11":1,"12":0,"13":1,"14":0,"15":0,"16":1,"17":0,"18":0,"19":1,"20":1},"f":{"0":1,"1":0,"2":0,"3":0,"4":0},"b":{"0":[0,0],"1":[0,0],"2":[1,0],"3":[0,1]},"_coverageSchema":"1a1c01bbd47fc00a2c39e90264f33305004495a9","hash":"cacfc23a029071874d3bc9d0ebe09c6fd434a825"}
,"/home/asishk/Documents/blinklist/src/components/organisms/MetroCard/index.stories.tsx": {"path":"/home/asishk/Documents/blinklist/src/components/organisms/MetroCard/index.stories.tsx","statementMap":{"0":{"start":{"line":9,"column":58},"end":{"line":9,"column":81}},"1":{"start":{"line":9,"column":68},"end":{"line":9,"column":81}}},"fnMap":{"0":{"name":"(anonymous_0)","decl":{"start":{"line":9,"column":58},"end":{"line":9,"column":59}},"loc":{"start":{"line":9,"column":68},"end":{"line":9,"column":81}},"line":9}},"branchMap":{},"s":{"0":0,"1":0},"f":{"0":0},"b":{}}
,"/home/asishk/Documents/blinklist/src/components/organisms/MetroCard/index.tsx": {"path":"/home/asishk/Documents/blinklist/src/components/organisms/MetroCard/index.tsx","statementMap":{"0":{"start":{"line":10,"column":26},"end":{"line":14,"column":2}},"1":{"start":{"line":15,"column":23},"end":{"line":18,"column":2}},"2":{"start":{"line":19,"column":30},"end":{"line":22,"column":2}},"3":{"start":{"line":23,"column":22},"end":{"line":29,"column":2}},"4":{"start":{"line":31,"column":18},"end":{"line":72,"column":1}},"5":{"start":{"line":32,"column":2},"end":{"line":71,"column":4}}},"fnMap":{"0":{"name":"(anonymous_0)","decl":{"start":{"line":31,"column":18},"end":{"line":31,"column":19}},"loc":{"start":{"line":31,"column":24},"end":{"line":72,"column":1}},"line":31}},"branchMap":{},"s":{"0":1,"1":1,"2":1,"3":1,"4":1,"5":5},"f":{"0":5},"b":{},"_coverageSchema":"1a1c01bbd47fc00a2c39e90264f33305004495a9","hash":"b6501243587570dac37242a71d12d6eda10691b5"}
,"/home/asishk/Documents/blinklist/src/components/organisms/SideMenu/index.stories.tsx": {"path":"/home/asishk/Documents/blinklist/src/components/organisms/SideMenu/index.stories.tsx","statementMap":{"0":{"start":{"line":9,"column":57},"end":{"line":9,"column":75}},"1":{"start":{"line":9,"column":63},"end":{"line":9,"column":75}}},"fnMap":{"0":{"name":"(anonymous_0)","decl":{"start":{"line":9,"column":57},"end":{"line":9,"column":58}},"loc":{"start":{"line":9,"column":63},"end":{"line":9,"column":75}},"line":9}},"branchMap":{},"s":{"0":0,"1":0},"f":{"0":0},"b":{}}
,"/home/asishk/Documents/blinklist/src/components/organisms/SideMenu/index.tsx": {"path":"/home/asishk/Documents/blinklist/src/components/organisms/SideMenu/index.tsx","statementMap":{"0":{"start":{"line":27,"column":18},"end":{"line":53,"column":2}},"1":{"start":{"line":54,"column":17},"end":{"line":58,"column":2}},"2":{"start":{"line":59,"column":23},"end":{"line":63,"column":2}},"3":{"start":{"line":64,"column":16},"end":{"line":69,"column":2}},"4":{"start":{"line":71,"column":27},"end":{"line":203,"column":1}},"5":{"start":{"line":72,"column":32},"end":{"line":72,"column":52}},"6":{"start":{"line":73,"column":32},"end":{"line":73,"column":53}},"7":{"start":{"line":74,"column":19},"end":{"line":110,"column":3}},"8":{"start":{"line":111,"column":24},"end":{"line":133,"column":3}},"9":{"start":{"line":134,"column":22},"end":{"line":139,"column":3}},"10":{"start":{"line":135,"column":4},"end":{"line":138,"column":5}},"11":{"start":{"line":136,"column":6},"end":{"line":136,"column":27}},"12":{"start":{"line":137,"column":6},"end":{"line":137,"column":27}},"13":{"start":{"line":141,"column":20},"end":{"line":147,"column":4}},"14":{"start":{"line":149,"column":2},"end":{"line":202,"column":4}},"15":{"start":{"line":153,"column":10},"end":{"line":183,"column":12}},"16":{"start":{"line":159,"column":29},"end":{"line":159,"column":56}},"17":{"start":{"line":174,"column":29},"end":{"line":174,"column":56}},"18":{"start":{"line":189,"column":10},"end":{"line":198,"column":12}}},"fnMap":{"0":{"name":"(anonymous_0)","decl":{"start":{"line":71,"column":27},"end":{"line":71,"column":28}},"loc":{"start":{"line":71,"column":33},"end":{"line":203,"column":1}},"line":71},"1":{"name":"(anonymous_1)","decl":{"start":{"line":134,"column":22},"end":{"line":134,"column":23}},"loc":{"start":{"line":134,"column":38},"end":{"line":139,"column":3}},"line":134},"2":{"name":"(anonymous_2)","decl":{"start":{"line":152,"column":22},"end":{"line":152,"column":23}},"loc":{"start":{"line":152,"column":39},"end":{"line":184,"column":9}},"line":152},"3":{"name":"(anonymous_3)","decl":{"start":{"line":159,"column":23},"end":{"line":159,"column":24}},"loc":{"start":{"line":159,"column":29},"end":{"line":159,"column":56}},"line":159},"4":{"name":"(anonymous_4)","decl":{"start":{"line":174,"column":23},"end":{"line":174,"column":24}},"loc":{"start":{"line":174,"column":29},"end":{"line":174,"column":56}},"line":174},"5":{"name":"(anonymous_5)","decl":{"start":{"line":188,"column":27},"end":{"line":188,"column":28}},"loc":{"start":{"line":188,"column":44},"end":{"line":199,"column":9}},"line":188}},"branchMap":{"0":{"loc":{"start":{"line":135,"column":4},"end":{"line":138,"column":5}},"type":"if","locations":[{"start":{"line":135,"column":4},"end":{"line":138,"column":5}},{"start":{},"end":{}}],"line":135},"1":{"loc":{"start":{"line":135,"column":8},"end":{"line":135,"column":54}},"type":"binary-expr","locations":[{"start":{"line":135,"column":8},"end":{"line":135,"column":29}},{"start":{"line":135,"column":33},"end":{"line":135,"column":54}}],"line":135},"2":{"loc":{"start":{"line":153,"column":17},"end":{"line":183,"column":11}},"type":"cond-expr","locations":[{"start":{"line":154,"column":12},"end":{"line":167,"column":29}},{"start":{"line":169,"column":12},"end":{"line":182,"column":23}}],"line":153}},"s":{"0":1,"1":1,"2":1,"3":1,"4":1,"5":10,"6":10,"7":10,"8":10,"9":10,"10":0,"11":0,"12":0,"13":10,"14":10,"15":50,"16":0,"17":0,"18":30},"f":{"0":10,"1":0,"2":50,"3":0,"4":0,"5":30},"b":{"0":[0,0],"1":[0,0],"2":[10,40]},"_coverageSchema":"1a1c01bbd47fc00a2c39e90264f33305004495a9","hash":"ef2f688c66ac54f993b374f09dd6baf62a7f479b"}
,"/home/asishk/Documents/blinklist/src/components/organisms/TabPanel/index.stories.tsx": {"path":"/home/asishk/Documents/blinklist/src/components/organisms/TabPanel/index.stories.tsx","statementMap":{"0":{"start":{"line":9,"column":50},"end":{"line":9,"column":82}},"1":{"start":{"line":9,"column":60},"end":{"line":9,"column":82}},"2":{"start":{"line":11,"column":28},"end":{"line":11,"column":45}},"3":{"start":{"line":13,"column":0},"end":{"line":13,"column":23}}},"fnMap":{"0":{"name":"(anonymous_0)","decl":{"start":{"line":9,"column":50},"end":{"line":9,"column":51}},"loc":{"start":{"line":9,"column":60},"end":{"line":9,"column":82}},"line":9}},"branchMap":{},"s":{"0":0,"1":0,"2":0,"3":0},"f":{"0":0},"b":{}}
,"/home/asishk/Documents/blinklist/src/components/organisms/TabPanel/index.tsx": {"path":"/home/asishk/Documents/blinklist/src/components/organisms/TabPanel/index.tsx","statementMap":{"0":{"start":{"line":20,"column":16},"end":{"line":22,"column":2}},"1":{"start":{"line":24,"column":37},"end":{"line":73,"column":1}},"2":{"start":{"line":25,"column":40},"end":{"line":41,"column":3}},"3":{"start":{"line":43,"column":2},"end":{"line":56,"column":3}},"4":{"start":{"line":44,"column":4},"end":{"line":44,"column":36}},"5":{"start":{"line":45,"column":4},"end":{"line":45,"column":34}},"6":{"start":{"line":46,"column":9},"end":{"line":56,"column":3}},"7":{"start":{"line":47,"column":4},"end":{"line":47,"column":36}},"8":{"start":{"line":48,"column":4},"end":{"line":48,"column":34}},"9":{"start":{"line":49,"column":4},"end":{"line":49,"column":36}},"10":{"start":{"line":50,"column":4},"end":{"line":50,"column":34}},"11":{"start":{"line":52,"column":4},"end":{"line":52,"column":33}},"12":{"start":{"line":53,"column":4},"end":{"line":53,"column":27}},"13":{"start":{"line":54,"column":4},"end":{"line":54,"column":33}},"14":{"start":{"line":55,"column":4},"end":{"line":55,"column":27}},"15":{"start":{"line":58,"column":15},"end":{"line":66,"column":3}},"16":{"start":{"line":59,"column":4},"end":{"line":65,"column":7}},"17":{"start":{"line":60,"column":6},"end":{"line":64,"column":8}},"18":{"start":{"line":68,"column":2},"end":{"line":72,"column":4}}},"fnMap":{"0":{"name":"(anonymous_0)","decl":{"start":{"line":24,"column":37},"end":{"line":24,"column":38}},"loc":{"start":{"line":24,"column":53},"end":{"line":73,"column":1}},"line":24},"1":{"name":"(anonymous_1)","decl":{"start":{"line":58,"column":15},"end":{"line":58,"column":16}},"loc":{"start":{"line":58,"column":21},"end":{"line":66,"column":3}},"line":58},"2":{"name":"(anonymous_2)","decl":{"start":{"line":59,"column":23},"end":{"line":59,"column":24}},"loc":{"start":{"line":59,"column":59},"end":{"line":65,"column":5}},"line":59}},"branchMap":{"0":{"loc":{"start":{"line":43,"column":2},"end":{"line":56,"column":3}},"type":"if","locations":[{"start":{"line":43,"column":2},"end":{"line":56,"column":3}},{"start":{"line":46,"column":9},"end":{"line":56,"column":3}}],"line":43},"1":{"loc":{"start":{"line":46,"column":9},"end":{"line":56,"column":3}},"type":"if","locations":[{"start":{"line":46,"column":9},"end":{"line":56,"column":3}},{"start":{"line":51,"column":9},"end":{"line":56,"column":3}}],"line":46}},"s":{"0":2,"1":2,"2":2,"3":2,"4":0,"5":0,"6":2,"7":0,"8":0,"9":0,"10":0,"11":2,"12":2,"13":2,"14":2,"15":2,"16":2,"17":6,"18":2},"f":{"0":2,"1":2,"2":6},"b":{"0":[0,2],"1":[0,2]},"_coverageSchema":"1a1c01bbd47fc00a2c39e90264f33305004495a9","hash":"049c30b7a230f7f9470314bfcbd9c615ed0e93e8"}
,"/home/asishk/Documents/blinklist/src/redux/backDrop.feature.tsx": {"path":"/home/asishk/Documents/blinklist/src/redux/backDrop.feature.tsx","statementMap":{"0":{"start":{"line":6,"column":34},"end":{"line":8,"column":1}},"1":{"start":{"line":10,"column":21},"end":{"line":23,"column":2}},"2":{"start":{"line":15,"column":12},"end":{"line":15,"column":44}},"3":{"start":{"line":24,"column":28},"end":{"line":24,"column":49}}},"fnMap":{"0":{"name":"(anonymous_0)","decl":{"start":{"line":14,"column":21},"end":{"line":14,"column":22}},"loc":{"start":{"line":14,"column":32},"end":{"line":16,"column":9}},"line":14}},"branchMap":{},"s":{"0":0,"1":0,"2":0,"3":0},"f":{"0":0},"b":{}}
,"/home/asishk/Documents/blinklist/src/redux/rootReducer.tsx": {"path":"/home/asishk/Documents/blinklist/src/redux/rootReducer.tsx","statementMap":{"0":{"start":{"line":4,"column":18},"end":{"line":7,"column":1}}},"fnMap":{},"branchMap":{},"s":{"0":0},"f":{},"b":{}}
,"/home/asishk/Documents/blinklist/src/redux/store.tsx": {"path":"/home/asishk/Documents/blinklist/src/redux/store.tsx","statementMap":{"0":{"start":{"line":4,"column":15},"end":{"line":6,"column":3}}},"fnMap":{},"branchMap":{},"s":{"0":0},"f":{},"b":{}}
,"/home/asishk/Documents/blinklist/src/theme/index.tsx": {"path":"/home/asishk/Documents/blinklist/src/theme/index.tsx","statementMap":{"0":{"start":{"line":42,"column":14},"end":{"line":294,"column":2}},"1":{"start":{"line":46,"column":43},"end":{"line":56,"column":9}},"2":{"start":{"line":57,"column":34},"end":{"line":62,"column":9}},"3":{"start":{"line":67,"column":40},"end":{"line":75,"column":9}},"4":{"start":{"line":80,"column":35},"end":{"line":84,"column":9}},"5":{"start":{"line":101,"column":47},"end":{"line":128,"column":9}},"6":{"start":{"line":129,"column":46},"end":{"line":154,"column":9}},"7":{"start":{"line":155,"column":40},"end":{"line":160,"column":9}},"8":{"start":{"line":161,"column":42},"end":{"line":185,"column":9}},"9":{"start":{"line":293,"column":31},"end":{"line":293,"column":52}},"10":{"start":{"line":297,"column":24},"end":{"line":297,"column":50}}},"fnMap":{"0":{"name":"(anonymous_0)","decl":{"start":{"line":46,"column":22},"end":{"line":46,"column":23}},"loc":{"start":{"line":46,"column":43},"end":{"line":56,"column":9}},"line":46},"1":{"name":"(anonymous_1)","decl":{"start":{"line":57,"column":13},"end":{"line":57,"column":14}},"loc":{"start":{"line":57,"column":34},"end":{"line":62,"column":9}},"line":57},"2":{"name":"(anonymous_2)","decl":{"start":{"line":67,"column":19},"end":{"line":67,"column":20}},"loc":{"start":{"line":67,"column":40},"end":{"line":75,"column":9}},"line":67},"3":{"name":"(anonymous_3)","decl":{"start":{"line":80,"column":14},"end":{"line":80,"column":15}},"loc":{"start":{"line":80,"column":35},"end":{"line":84,"column":9}},"line":80},"4":{"name":"(anonymous_4)","decl":{"start":{"line":101,"column":26},"end":{"line":101,"column":27}},"loc":{"start":{"line":101,"column":47},"end":{"line":128,"column":9}},"line":101},"5":{"name":"(anonymous_5)","decl":{"start":{"line":129,"column":25},"end":{"line":129,"column":26}},"loc":{"start":{"line":129,"column":46},"end":{"line":154,"column":9}},"line":129},"6":{"name":"(anonymous_6)","decl":{"start":{"line":155,"column":19},"end":{"line":155,"column":20}},"loc":{"start":{"line":155,"column":40},"end":{"line":160,"column":9}},"line":155},"7":{"name":"(anonymous_7)","decl":{"start":{"line":161,"column":21},"end":{"line":161,"column":22}},"loc":{"start":{"line":161,"column":42},"end":{"line":185,"column":9}},"line":161},"8":{"name":"(anonymous_8)","decl":{"start":{"line":293,"column":11},"end":{"line":293,"column":12}},"loc":{"start":{"line":293,"column":31},"end":{"line":293,"column":52}},"line":293}},"branchMap":{"0":{"loc":{"start":{"line":48,"column":14},"end":{"line":51,"column":11}},"type":"binary-expr","locations":[{"start":{"line":48,"column":14},"end":{"line":48,"column":41}},{"start":{"line":48,"column":45},"end":{"line":51,"column":11}}],"line":48},"1":{"loc":{"start":{"line":52,"column":14},"end":{"line":55,"column":11}},"type":"binary-expr","locations":[{"start":{"line":52,"column":14},"end":{"line":52,"column":42}},{"start":{"line":52,"column":46},"end":{"line":55,"column":11}}],"line":52},"2":{"loc":{"start":{"line":58,"column":14},"end":{"line":61,"column":11}},"type":"binary-expr","locations":[{"start":{"line":58,"column":14},"end":{"line":58,"column":39}},{"start":{"line":58,"column":43},"end":{"line":61,"column":11}}],"line":58},"3":{"loc":{"start":{"line":69,"column":14},"end":{"line":74,"column":13}},"type":"binary-expr","locations":[{"start":{"line":69,"column":14},"end":{"line":69,"column":44}},{"start":{"line":69,"column":48},"end":{"line":71,"column":13}},{"start":{"line":72,"column":12},"end":{"line":72,"column":42}},{"start":{"line":72,"column":46},"end":{"line":74,"column":13}}],"line":69},"4":{"loc":{"start":{"line":81,"column":14},"end":{"line":83,"column":11}},"type":"binary-expr","locations":[{"start":{"line":81,"column":14},"end":{"line":81,"column":48}},{"start":{"line":81,"column":52},"end":{"line":83,"column":11}}],"line":81},"5":{"loc":{"start":{"line":102,"column":14},"end":{"line":110,"column":11}},"type":"binary-expr","locations":[{"start":{"line":102,"column":14},"end":{"line":102,"column":42}},{"start":{"line":102,"column":46},"end":{"line":110,"column":11}}],"line":102},"6":{"loc":{"start":{"line":111,"column":14},"end":{"line":119,"column":11}},"type":"binary-expr","locations":[{"start":{"line":111,"column":14},"end":{"line":111,"column":41}},{"start":{"line":111,"column":45},"end":{"line":119,"column":11}}],"line":111},"7":{"loc":{"start":{"line":120,"column":14},"end":{"line":127,"column":11}},"type":"binary-expr","locations":[{"start":{"line":120,"column":14},"end":{"line":120,"column":41}},{"start":{"line":120,"column":45},"end":{"line":127,"column":11}}],"line":120},"8":{"loc":{"start":{"line":130,"column":14},"end":{"line":137,"column":11}},"type":"binary-expr","locations":[{"start":{"line":130,"column":14},"end":{"line":130,"column":42}},{"start":{"line":130,"column":46},"end":{"line":137,"column":11}}],"line":130},"9":{"loc":{"start":{"line":138,"column":14},"end":{"line":145,"column":11}},"type":"binary-expr","locations":[{"start":{"line":138,"column":14},"end":{"line":138,"column":41}},{"start":{"line":138,"column":45},"end":{"line":145,"column":11}}],"line":138},"10":{"loc":{"start":{"line":146,"column":14},"end":{"line":153,"column":11}},"type":"binary-expr","locations":[{"start":{"line":146,"column":14},"end":{"line":146,"column":41}},{"start":{"line":146,"column":45},"end":{"line":153,"column":11}}],"line":146},"11":{"loc":{"start":{"line":162,"column":14},"end":{"line":169,"column":11}},"type":"binary-expr","locations":[{"start":{"line":162,"column":14},"end":{"line":162,"column":42}},{"start":{"line":162,"column":46},"end":{"line":169,"column":11}}],"line":162},"12":{"loc":{"start":{"line":170,"column":14},"end":{"line":177,"column":11}},"type":"binary-expr","locations":[{"start":{"line":170,"column":14},"end":{"line":170,"column":41}},{"start":{"line":170,"column":45},"end":{"line":177,"column":11}}],"line":170},"13":{"loc":{"start":{"line":178,"column":14},"end":{"line":184,"column":11}},"type":"binary-expr","locations":[{"start":{"line":178,"column":14},"end":{"line":178,"column":41}},{"start":{"line":178,"column":45},"end":{"line":184,"column":11}}],"line":178}},"s":{"0":25,"1":0,"2":0,"3":0,"4":0,"5":0,"6":0,"7":0,"8":0,"9":6,"10":25},"f":{"0":0,"1":0,"2":0,"3":0,"4":0,"5":0,"6":0,"7":0,"8":6},"b":{"0":[0,0],"1":[0,0],"2":[0,0],"3":[0,0,0,0],"4":[0,0],"5":[0,0],"6":[0,0],"7":[0,0],"8":[0,0],"9":[0,0],"10":[0,0],"11":[0,0],"12":[0,0],"13":[0,0]},"_coverageSchema":"1a1c01bbd47fc00a2c39e90264f33305004495a9","hash":"6442c68998e93c23b7504cc503de980d6ce5de10"}
}
