TN:
SF:src/App.tsx
FN:14,App
FNF:1
FNH:0
FNDA:0,App
DA:15,0
LF:1
LH:0
BRF:0
BRH:0
end_of_record
TN:
SF:src/index.tsx
FNF:0
FNH:0
DA:10,0
DA:14,0
DA:31,0
LF:3
LH:0
BRF:0
BRH:0
end_of_record
TN:
SF:src/reportWebVitals.ts
FN:3,(anonymous_0)
FN:5,(anonymous_1)
FNF:2
FNH:0
FNDA:0,(anonymous_0)
FNDA:0,(anonymous_1)
DA:3,0
DA:4,0
DA:5,0
DA:6,0
DA:7,0
DA:8,0
DA:9,0
DA:10,0
LF:8
LH:0
BRDA:4,0,0,0
BRDA:4,0,1,0
BRDA:4,1,0,0
BRDA:4,1,1,0
BRF:4
BRH:0
end_of_record
TN:
SF:src/components/atoms/Avatar/index.stories.tsx
FN:10,(anonymous_0)
FNF:1
FNH:0
FNDA:0,(anonymous_0)
DA:10,0
DA:12,0
DA:14,0
LF:3
LH:0
BRF:0
BRH:0
end_of_record
TN:
SF:src/components/atoms/Avatar/index.tsx
FN:14,(anonymous_0)
FNF:1
FNH:1
FNDA:2,(anonymous_0)
DA:14,2
DA:15,2
DA:17,2
LF:3
LH:3
BRF:0
BRH:0
end_of_record
TN:
SF:src/components/atoms/Button/index.stories.tsx
FN:10,(anonymous_0)
FNF:1
FNH:0
FNDA:0,(anonymous_0)
DA:10,0
DA:11,0
DA:14,0
DA:15,0
DA:24,0
DA:25,0
DA:34,0
DA:35,0
LF:8
LH:0
BRF:0
BRH:0
end_of_record
TN:
SF:src/components/atoms/Button/index.tsx
FN:40,(anonymous_0)
FNF:1
FNH:1
FNDA:23,(anonymous_0)
DA:40,9
DA:50,23
LF:2
LH:2
BRF:0
BRH:0
end_of_record
TN:
SF:src/components/atoms/Checkbox/index.stories.tsx
FN:9,(anonymous_0)
FNF:1
FNH:0
FNDA:0,(anonymous_0)
DA:9,0
DA:11,0
DA:13,0
LF:3
LH:0
BRF:0
BRH:0
end_of_record
TN:
SF:src/components/atoms/Checkbox/index.tsx
FN:12,(anonymous_0)
FN:31,(anonymous_1)
FNF:2
FNH:2
FNDA:21,(anonymous_0)
FNDA:21,(anonymous_1)
DA:12,21
DA:20,2
DA:31,2
DA:32,21
DA:34,21
LF:5
LH:5
BRF:0
BRH:0
end_of_record
TN:
SF:src/components/atoms/Icon/index.stories.tsx
FN:9,(anonymous_0)
FNF:1
FNH:0
FNDA:0,(anonymous_0)
DA:4,0
DA:9,0
DA:11,0
LF:3
LH:0
BRF:0
BRH:0
end_of_record
TN:
SF:src/components/atoms/Icon/index.tsx
FN:12,(anonymous_0)
FNF:1
FNH:1
FNDA:58,(anonymous_0)
DA:12,58
LF:1
LH:1
BRF:0
BRH:0
end_of_record
TN:
SF:src/components/atoms/IconSVG/index.stories.tsx
FN:10,(anonymous_0)
FNF:1
FNH:0
FNDA:0,(anonymous_0)
DA:5,0
DA:10,0
DA:12,0
LF:3
LH:0
BRF:0
BRH:0
end_of_record
TN:
SF:src/components/atoms/IconSVG/index.tsx
FN:14,(anonymous_0)
FNF:1
FNH:1
FNDA:115,(anonymous_0)
DA:14,10
DA:15,115
LF:2
LH:2
BRF:0
BRH:0
end_of_record
TN:
SF:src/components/atoms/Illustration/index.stories.tsx
FN:10,(anonymous_0)
FNF:1
FNH:0
FNDA:0,(anonymous_0)
DA:10,0
DA:12,0
DA:13,0
DA:17,0
DA:18,0
DA:22,0
DA:23,0
LF:7
LH:0
BRF:0
BRH:0
end_of_record
TN:
SF:src/components/atoms/Illustration/index.tsx
FN:12,(anonymous_0)
FNF:1
FNH:1
FNDA:7,(anonymous_0)
DA:12,7
LF:1
LH:1
BRF:0
BRH:0
end_of_record
TN:
SF:src/components/atoms/InputField/index.stories.tsx
FN:9,(anonymous_0)
FN:13,(anonymous_1)
FN:17,(anonymous_2)
FNF:3
FNH:0
FNDA:0,(anonymous_0)
FNDA:0,(anonymous_1)
FNDA:0,(anonymous_2)
DA:9,0
DA:11,0
DA:13,0
DA:14,0
DA:17,0
DA:18,0
DA:21,0
LF:7
LH:0
BRF:0
BRH:0
end_of_record
TN:
SF:src/components/atoms/InputField/index.tsx
FN:17,(anonymous_0)
FN:55,(anonymous_1)
FN:66,(anonymous_2)
FN:67,(anonymous_3)
FN:76,(anonymous_4)
FN:77,(anonymous_5)
FNF:6
FNH:3
FNDA:3,(anonymous_0)
FNDA:2,(anonymous_1)
FNDA:0,(anonymous_2)
FNDA:3,(anonymous_3)
FNDA:0,(anonymous_4)
FNDA:0,(anonymous_5)
DA:17,3
DA:55,2
DA:56,2
DA:57,2
DA:59,2
DA:60,2
DA:66,0
DA:68,3
DA:77,0
DA:78,0
LF:10
LH:7
BRDA:56,0,0,0
BRDA:56,0,1,2
BRF:2
BRH:1
end_of_record
TN:
SF:src/components/atoms/Logo/index.stories.tsx
FN:9,(anonymous_0)
FNF:1
FNH:0
FNDA:0,(anonymous_0)
DA:4,0
DA:9,0
DA:11,0
LF:3
LH:0
BRF:0
BRH:0
end_of_record
TN:
SF:src/components/atoms/Logo/index.tsx
FN:12,(anonymous_0)
FNF:1
FNH:1
FNDA:24,(anonymous_0)
DA:12,24
LF:1
LH:1
BRF:0
BRH:0
end_of_record
TN:
SF:src/components/atoms/RadioButton/index.stories.tsx
FN:9,(anonymous_0)
FNF:1
FNH:0
FNDA:0,(anonymous_0)
DA:9,0
DA:11,0
DA:13,0
LF:3
LH:0
BRF:0
BRH:0
end_of_record
TN:
SF:src/components/atoms/RadioButton/index.tsx
FN:42,(anonymous_0)
FN:51,RadioButton
FN:55,(anonymous_2)
FNF:3
FNH:3
FNDA:4,(anonymous_0)
FNDA:4,RadioButton
FNDA:4,(anonymous_2)
DA:12,2
DA:20,2
DA:29,2
DA:42,4
DA:52,4
DA:55,2
DA:56,4
LF:7
LH:7
BRF:0
BRH:0
end_of_record
TN:
SF:src/components/atoms/Typography/index.stories.tsx
FN:9,(anonymous_0)
FNF:1
FNH:0
FNDA:0,(anonymous_0)
DA:9,0
DA:11,0
DA:13,0
DA:18,0
DA:20,0
DA:25,0
DA:27,0
DA:32,0
DA:34,0
DA:42,0
DA:44,0
DA:52,0
DA:54,0
DA:62,0
DA:64,0
DA:69,0
DA:71,0
LF:17
LH:0
BRF:0
BRH:0
end_of_record
TN:
SF:src/components/atoms/Typography/index.tsx
FN:8,(anonymous_0)
FNF:1
FNH:1
FNDA:286,(anonymous_0)
DA:8,22
DA:9,286
LF:2
LH:2
BRF:0
BRH:0
end_of_record
TN:
SF:src/components/molecules/AQI/index.stories.tsx
FN:9,(anonymous_0)
FNF:1
FNH:0
FNDA:0,(anonymous_0)
DA:9,0
DA:10,0
DA:15,0
DA:16,0
LF:4
LH:0
BRF:0
BRH:0
end_of_record
TN:
SF:src/components/molecules/AQI/index.tsx
FN:39,(anonymous_0)
FNF:1
FNH:1
FNDA:1,(anonymous_0)
DA:13,1
DA:39,1
DA:40,1
DA:41,1
LF:4
LH:4
BRF:0
BRH:0
end_of_record
TN:
SF:src/components/molecules/AQIGroup/index.stories.tsx
FN:22,(anonymous_0)
FNF:1
FNH:0
FNDA:0,(anonymous_0)
DA:8,0
DA:22,0
DA:23,0
DA:29,0
DA:30,0
LF:5
LH:0
BRF:0
BRH:0
end_of_record
TN:
SF:src/components/molecules/AQIGroup/index.tsx
FN:38,(anonymous_0)
FN:44,(anonymous_1)
FNF:2
FNH:2
FNDA:1,(anonymous_0)
FNDA:2,(anonymous_1)
DA:22,1
DA:38,1
DA:39,1
DA:40,1
DA:41,1
DA:45,2
LF:6
LH:6
BRF:0
BRH:0
end_of_record
TN:
SF:src/components/molecules/AQILocation/index.stories.tsx
FN:9,(anonymous_0)
FNF:1
FNH:0
FNDA:0,(anonymous_0)
DA:9,0
DA:10,0
DA:22,0
DA:23,0
LF:4
LH:0
BRF:0
BRH:0
end_of_record
TN:
SF:src/components/molecules/AQILocation/index.tsx
FN:44,(anonymous_0)
FNF:1
FNH:1
FNDA:3,(anonymous_0)
DA:16,2
DA:44,2
DA:45,3
DA:46,3
LF:4
LH:4
BRF:0
BRH:0
end_of_record
TN:
SF:src/components/molecules/ChipItem/index.stories.tsx
FN:11,(anonymous_0)
FN:15,(anonymous_1)
FN:19,(anonymous_2)
FNF:3
FNH:0
FNDA:0,(anonymous_0)
FNDA:0,(anonymous_1)
FNDA:0,(anonymous_2)
DA:11,0
DA:12,0
DA:15,0
DA:16,0
DA:19,0
DA:21,0
DA:23,0
LF:7
LH:0
BRF:0
BRH:0
end_of_record
TN:
SF:src/components/molecules/ChipItem/index.tsx
FN:12,(anonymous_0)
FN:34,(anonymous_1)
FN:42,(anonymous_2)
FNF:3
FNH:3
FNDA:6,(anonymous_0)
FNDA:6,(anonymous_1)
FNDA:6,(anonymous_2)
DA:12,6
DA:34,4
DA:35,6
DA:36,1
DA:38,5
DA:42,4
DA:43,6
DA:44,6
LF:8
LH:8
BRDA:16,0,0,1
BRDA:16,0,1,5
BRDA:21,1,0,1
BRDA:21,1,1,5
BRDA:35,2,0,1
BRDA:35,2,1,5
BRF:6
BRH:6
end_of_record
TN:
SF:src/components/molecules/IconButton/index.stories.tsx
FN:12,(anonymous_0)
FNF:1
FNH:0
FNDA:0,(anonymous_0)
DA:12,0
DA:14,0
DA:16,0
DA:18,0
DA:37,0
LF:5
LH:0
BRF:0
BRH:0
end_of_record
TN:
SF:src/components/molecules/IconButton/index.tsx
FN:15,(anonymous_0)
FN:17,(anonymous_1)
FNF:2
FNH:2
FNDA:9,(anonymous_0)
FNDA:9,(anonymous_1)
DA:15,9
DA:17,3
DA:18,9
LF:3
LH:3
BRF:0
BRH:0
end_of_record
TN:
SF:src/components/molecules/IllustrationData/index.stories.tsx
FN:9,(anonymous_0)
FNF:1
FNH:0
FNDA:0,(anonymous_0)
DA:9,0
DA:10,0
DA:16,0
DA:17,0
DA:22,0
DA:23,0
DA:28,0
DA:29,0
LF:8
LH:0
BRF:0
BRH:0
end_of_record
TN:
SF:src/components/molecules/IllustrationData/index.tsx
FN:30,(anonymous_0)
FNF:1
FNH:1
FNDA:1,(anonymous_0)
DA:16,1
DA:30,1
DA:31,1
DA:32,1
LF:4
LH:4
BRF:0
BRH:0
end_of_record
TN:
SF:src/components/molecules/ListItem/index.stories.tsx
FN:12,(anonymous_0)
FNF:1
FNH:0
FNDA:0,(anonymous_0)
DA:12,0
DA:14,0
DA:16,0
DA:23,0
DA:25,0
DA:32,0
DA:34,0
LF:7
LH:0
BRF:0
BRH:0
end_of_record
TN:
SF:src/components/molecules/ListItem/index.tsx
FN:34,(anonymous_0)
FNF:1
FNH:1
FNDA:19,(anonymous_0)
DA:20,2
DA:34,2
DA:35,19
DA:36,19
LF:4
LH:4
BRF:0
BRH:0
end_of_record
TN:
SF:src/components/molecules/LocationField/index.stories.tsx
FN:11,(anonymous_0)
FN:22,(anonymous_1)
FNF:2
FNH:0
FNDA:0,(anonymous_0)
FNDA:0,(anonymous_1)
DA:11,0
DA:12,0
DA:17,0
DA:19,0
DA:23,0
LF:5
LH:0
BRF:0
BRH:0
end_of_record
TN:
SF:src/components/molecules/LocationField/index.tsx
FN:51,(anonymous_0)
FN:54,(anonymous_1)
FNF:2
FNH:1
FNDA:3,(anonymous_0)
FNDA:0,(anonymous_1)
DA:15,2
DA:27,2
DA:51,2
DA:52,3
DA:54,3
DA:55,0
DA:58,3
LF:7
LH:6
BRF:0
BRH:0
end_of_record
TN:
SF:src/components/molecules/MenuItem/index.stories.tsx
FN:11,(anonymous_0)
FNF:1
FNH:0
FNDA:0,(anonymous_0)
DA:11,0
DA:13,0
DA:15,0
DA:17,0
DA:24,0
LF:5
LH:0
BRF:0
BRH:0
end_of_record
TN:
SF:src/components/molecules/MenuItem/index.tsx
FN:84,(anonymous_0)
FNF:1
FNH:1
FNDA:81,(anonymous_0)
DA:19,2
DA:34,2
DA:39,2
DA:49,2
DA:53,2
DA:57,2
DA:68,2
DA:79,2
DA:84,2
DA:85,81
DA:86,81
LF:11
LH:11
BRDA:89,0,0,10
BRDA:89,0,1,71
BRDA:90,1,0,71
BRDA:90,1,1,10
BRDA:95,2,0,10
BRDA:95,2,1,71
BRDA:98,3,0,10
BRDA:98,3,1,71
BRF:8
BRH:8
end_of_record
TN:
SF:src/components/molecules/ProgressItem/index.stories.tsx
FN:10,(anonymous_0)
FNF:1
FNH:0
FNDA:0,(anonymous_0)
DA:10,0
DA:12,0
DA:14,0
DA:20,0
DA:22,0
DA:28,0
DA:30,0
LF:7
LH:0
BRF:0
BRH:0
end_of_record
TN:
SF:src/components/molecules/ProgressItem/index.tsx
FN:15,(anonymous_0)
FNF:1
FNH:1
FNDA:8,(anonymous_0)
DA:15,3
DA:16,8
LF:2
LH:2
BRF:0
BRH:0
end_of_record
TN:
SF:src/components/organisms/AcknowledgementCard/index.stories.tsx
FN:9,(anonymous_0)
FN:10,(anonymous_1)
FNF:2
FNH:0
FNDA:0,(anonymous_0)
FNDA:0,(anonymous_1)
DA:9,0
DA:10,0
LF:2
LH:0
BRF:0
BRH:0
end_of_record
TN:
SF:src/components/organisms/AcknowledgementCard/index.tsx
FN:42,(anonymous_0)
FNF:1
FNH:1
FNDA:3,(anonymous_0)
DA:13,1
DA:18,1
DA:23,1
DA:28,1
DA:31,1
DA:42,1
DA:43,3
LF:7
LH:7
BRF:0
BRH:0
end_of_record
TN:
SF:src/components/organisms/CabCard/index.stories.tsx
FN:35,(anonymous_0)
FNF:1
FNH:0
FNDA:0,(anonymous_0)
DA:11,0
DA:35,0
DA:37,0
DA:39,0
LF:4
LH:0
BRF:0
BRH:0
end_of_record
TN:
SF:src/components/organisms/CabCard/index.tsx
FN:50,(anonymous_0)
FN:76,(anonymous_1)
FNF:2
FNH:2
FNDA:5,(anonymous_0)
FNDA:15,(anonymous_1)
DA:23,1
DA:29,1
DA:34,1
DA:39,1
DA:46,1
DA:50,1
DA:51,5
DA:77,15
LF:8
LH:8
BRF:0
BRH:0
end_of_record
TN:
SF:src/components/organisms/CommonRoutes/index.stories.tsx
FN:9,(anonymous_0)
FNF:1
FNH:0
FNDA:0,(anonymous_0)
DA:9,0
LF:1
LH:0
BRF:0
BRH:0
end_of_record
TN:
SF:src/components/organisms/CommonRoutes/index.tsx
FN:113,(anonymous_0)
FN:116,(anonymous_1)
FNF:2
FNH:1
FNDA:4,(anonymous_0)
FNDA:0,(anonymous_1)
DA:25,1
DA:113,1
DA:114,4
DA:115,4
DA:116,4
DA:117,0
DA:118,0
DA:120,4
DA:121,4
LF:9
LH:7
BRDA:187,0,0,4
BRDA:187,0,1,0
BRDA:198,1,0,0
BRDA:198,1,1,4
BRF:4
BRH:2
end_of_record
TN:
SF:src/components/organisms/FileUploadCard/index.stories.tsx
FN:9,(anonymous_0)
FNF:1
FNH:0
FNDA:0,(anonymous_0)
DA:9,0
LF:1
LH:0
BRF:0
BRH:0
end_of_record
TN:
SF:src/components/organisms/FileUploadCard/index.tsx
FN:56,(anonymous_0)
FN:59,(anonymous_1)
FNF:2
FNH:1
FNDA:4,(anonymous_0)
FNDA:0,(anonymous_1)
DA:13,1
DA:21,1
DA:26,1
DA:39,1
DA:45,1
DA:52,1
DA:56,1
DA:57,4
DA:59,3
DA:60,0
DA:62,3
LF:11
LH:10
BRF:0
BRH:0
end_of_record
TN:
SF:src/components/organisms/FilterMenu/index.stories.tsx
FN:46,(anonymous_0)
FNF:1
FNH:0
FNDA:0,(anonymous_0)
DA:10,0
DA:46,0
DA:48,0
DA:50,0
LF:4
LH:0
BRF:0
BRH:0
end_of_record
TN:
SF:src/components/organisms/FilterMenu/index.tsx
FN:51,(anonymous_0)
FN:52,(anonymous_1)
FN:79,(anonymous_2)
FN:80,(anonymous_3)
FN:89,(anonymous_4)
FN:90,(anonymous_5)
FN:99,(anonymous_6)
FN:102,(anonymous_7)
FNF:8
FNH:7
FNDA:1,(anonymous_0)
FNDA:6,(anonymous_1)
FNDA:1,(anonymous_2)
FNDA:2,(anonymous_3)
FNDA:5,(anonymous_4)
FNDA:20,(anonymous_5)
FNDA:1,(anonymous_6)
FNDA:0,(anonymous_7)
DA:25,1
DA:30,1
DA:35,1
DA:41,1
DA:46,1
DA:51,1
DA:52,1
DA:53,6
DA:72,1
DA:79,1
DA:80,1
DA:81,2
DA:89,1
DA:90,5
DA:91,20
DA:99,1
DA:100,1
DA:102,1
DA:103,0
DA:106,1
LF:20
LH:19
BRDA:59,0,0,1
BRDA:59,0,1,5
BRF:2
BRH:2
end_of_record
TN:
SF:src/components/organisms/FindCard/index.stories.tsx
FN:11,(anonymous_0)
FNF:1
FNH:0
FNDA:0,(anonymous_0)
DA:11,0
DA:12,0
DA:17,0
DA:19,0
DA:31,0
DA:33,0
LF:6
LH:0
BRF:0
BRH:0
end_of_record
TN:
SF:src/components/organisms/FindCard/index.tsx
FN:73,(anonymous_0)
FNF:1
FNH:1
FNDA:1,(anonymous_0)
DA:28,1
DA:69,1
DA:73,1
DA:74,1
DA:75,1
LF:5
LH:5
BRDA:77,0,0,1
BRDA:77,0,1,0
BRDA:100,1,0,1
BRDA:100,1,1,0
BRDA:123,2,0,1
BRDA:123,2,1,0
BRF:6
BRH:3
end_of_record
TN:
SF:src/components/organisms/Header/index.stories.tsx
FN:9,(anonymous_0)
FNF:1
FNH:0
FNDA:0,(anonymous_0)
DA:9,0
DA:11,0
DA:13,0
LF:3
LH:0
BRF:0
BRH:0
end_of_record
TN:
SF:src/components/organisms/Header/index.tsx
FN:33,(anonymous_0)
FN:36,(anonymous_1)
FNF:2
FNH:1
FNDA:1,(anonymous_0)
FNDA:0,(anonymous_1)
DA:16,1
DA:23,1
DA:28,1
DA:33,1
DA:34,1
DA:36,1
DA:37,0
DA:38,0
DA:40,1
DA:74,1
LF:10
LH:8
BRF:0
BRH:0
end_of_record
TN:
SF:src/components/organisms/JobDesCard/index.stories.tsx
FN:10,(anonymous_0)
FNF:1
FNH:0
FNDA:0,(anonymous_0)
DA:10,0
DA:12,0
DA:14,0
LF:3
LH:0
BRF:0
BRH:0
end_of_record
TN:
SF:src/components/organisms/JobDesCard/index.tsx
FN:65,(anonymous_0)
FN:77,(anonymous_1)
FN:81,(anonymous_2)
FNF:3
FNH:1
FNDA:1,(anonymous_0)
FNDA:0,(anonymous_1)
FNDA:0,(anonymous_2)
DA:25,1
DA:41,1
DA:47,1
DA:52,1
DA:56,1
DA:62,1
DA:65,1
DA:73,1
DA:74,1
DA:76,1
DA:77,1
DA:78,0
DA:81,1
DA:82,0
DA:85,1
LF:15
LH:13
BRDA:125,0,0,1
BRDA:125,0,1,0
BRDA:135,1,0,1
BRDA:135,1,1,0
BRF:4
BRH:2
end_of_record
TN:
SF:src/components/organisms/JobDetailsCard/index.stories.tsx
FN:14,(anonymous_0)
FNF:1
FNH:0
FNDA:0,(anonymous_0)
DA:5,0
DA:7,0
DA:14,0
DA:15,0
LF:4
LH:0
BRF:0
BRH:0
end_of_record
TN:
SF:src/components/organisms/JobDetailsCard/index.tsx
FN:40,(anonymous_0)
FNF:1
FNH:1
FNDA:4,(anonymous_0)
DA:12,1
DA:15,1
DA:21,1
DA:27,1
DA:40,1
DA:41,4
LF:6
LH:6
BRF:0
BRH:0
end_of_record
TN:
SF:src/components/organisms/JobList/index.stories.tsx
FN:12,(anonymous_0)
FN:16,(anonymous_1)
FN:21,(anonymous_2)
FNF:3
FNH:0
FNDA:0,(anonymous_0)
FNDA:0,(anonymous_1)
FNDA:0,(anonymous_2)
DA:10,0
DA:12,0
DA:13,0
DA:16,0
DA:17,0
DA:18,0
DA:21,0
DA:22,0
DA:27,0
DA:29,0
LF:10
LH:0
BRF:0
BRH:0
end_of_record
TN:
SF:src/components/organisms/JobList/index.tsx
FN:35,(anonymous_0)
FN:38,(anonymous_1)
FN:48,(anonymous_2)
FNF:3
FNH:3
FNDA:1,(anonymous_0)
FNDA:5,(anonymous_1)
FNDA:3,(anonymous_2)
DA:13,1
DA:18,1
DA:23,1
DA:27,1
DA:35,1
DA:36,1
DA:37,1
DA:38,1
DA:39,5
DA:48,1
DA:49,3
LF:11
LH:11
BRDA:37,0,0,1
BRDA:37,0,1,0
BRDA:37,1,0,1
BRDA:37,1,1,1
BRDA:60,2,0,3
BRDA:60,2,1,2
BRDA:60,2,2,1
BRDA:64,3,0,3
BRDA:64,3,1,2
BRDA:64,3,2,2
BRF:10
BRH:9
end_of_record
TN:
SF:src/components/organisms/JobSearch/index.stories.tsx
FN:10,(anonymous_0)
FNF:1
FNH:0
FNDA:0,(anonymous_0)
DA:10,0
DA:11,0
DA:16,0
DA:18,0
LF:4
LH:0
BRF:0
BRH:0
end_of_record
TN:
SF:src/components/organisms/JobSearch/index.tsx
FN:86,(anonymous_0)
FN:94,(anonymous_1)
FN:115,(anonymous_2)
FN:119,(anonymous_3)
FN:128,(anonymous_4)
FN:132,(anonymous_5)
FNF:6
FNH:3
FNDA:4,(anonymous_0)
FNDA:0,(anonymous_1)
FNDA:0,(anonymous_2)
FNDA:8,(anonymous_3)
FNDA:0,(anonymous_4)
FNDA:8,(anonymous_5)
DA:19,1
DA:31,1
DA:42,1
DA:49,1
DA:51,1
DA:77,1
DA:86,1
DA:88,4
DA:89,4
DA:90,4
DA:91,4
DA:94,4
DA:95,0
DA:96,0
DA:99,4
DA:116,0
DA:119,8
DA:129,0
DA:132,8
LF:19
LH:15
BRDA:116,0,0,0
BRDA:116,0,1,0
BRDA:129,1,0,0
BRDA:129,1,1,0
BRF:4
BRH:0
end_of_record
TN:
SF:src/components/organisms/MainCard/index.stories.tsx
FN:9,(anonymous_0)
FNF:1
FNH:0
FNDA:0,(anonymous_0)
DA:9,0
DA:11,0
DA:13,0
LF:3
LH:0
BRF:0
BRH:0
end_of_record
TN:
SF:src/components/organisms/MainCard/index.tsx
FN:54,(anonymous_0)
FN:58,(anonymous_1)
FN:63,(anonymous_2)
FN:67,(anonymous_3)
FN:73,(anonymous_4)
FNF:5
FNH:1
FNDA:1,(anonymous_0)
FNDA:0,(anonymous_1)
FNDA:0,(anonymous_2)
FNDA:0,(anonymous_3)
FNDA:0,(anonymous_4)
DA:20,1
DA:24,1
DA:28,1
DA:35,1
DA:39,1
DA:45,1
DA:49,1
DA:54,1
DA:55,1
DA:58,1
DA:59,0
DA:63,1
DA:64,0
DA:67,1
DA:68,0
DA:69,0
DA:73,1
DA:74,0
DA:75,0
DA:79,1
DA:130,1
LF:21
LH:15
BRDA:68,0,0,0
BRDA:68,0,1,0
BRDA:74,1,0,0
BRDA:74,1,1,0
BRDA:82,2,0,1
BRDA:82,2,1,0
BRDA:95,3,0,0
BRDA:95,3,1,1
BRF:8
BRH:2
end_of_record
TN:
SF:src/components/organisms/MetroCard/index.stories.tsx
FN:9,(anonymous_0)
FNF:1
FNH:0
FNDA:0,(anonymous_0)
DA:9,0
LF:1
LH:0
BRF:0
BRH:0
end_of_record
TN:
SF:src/components/organisms/MetroCard/index.tsx
FN:31,(anonymous_0)
FNF:1
FNH:1
FNDA:5,(anonymous_0)
DA:10,1
DA:15,1
DA:19,1
DA:23,1
DA:31,1
DA:32,5
LF:6
LH:6
BRF:0
BRH:0
end_of_record
TN:
SF:src/components/organisms/SideMenu/index.stories.tsx
FN:9,(anonymous_0)
FNF:1
FNH:0
FNDA:0,(anonymous_0)
DA:9,0
LF:1
LH:0
BRF:0
BRH:0
end_of_record
TN:
SF:src/components/organisms/SideMenu/index.tsx
FN:71,(anonymous_0)
FN:134,(anonymous_1)
FN:152,(anonymous_2)
FN:159,(anonymous_3)
FN:174,(anonymous_4)
FN:188,(anonymous_5)
FNF:6
FNH:3
FNDA:10,(anonymous_0)
FNDA:0,(anonymous_1)
FNDA:50,(anonymous_2)
FNDA:0,(anonymous_3)
FNDA:0,(anonymous_4)
FNDA:30,(anonymous_5)
DA:27,1
DA:54,1
DA:59,1
DA:64,1
DA:71,1
DA:72,10
DA:73,10
DA:74,10
DA:111,10
DA:134,10
DA:135,0
DA:136,0
DA:137,0
DA:141,10
DA:149,10
DA:153,50
DA:159,0
DA:174,0
DA:189,30
LF:19
LH:14
BRDA:135,0,0,0
BRDA:135,0,1,0
BRDA:135,1,0,0
BRDA:135,1,1,0
BRDA:153,2,0,10
BRDA:153,2,1,40
BRF:6
BRH:2
end_of_record
TN:
SF:src/components/organisms/TabPanel/index.stories.tsx
FN:9,(anonymous_0)
FNF:1
FNH:0
FNDA:0,(anonymous_0)
DA:9,0
DA:11,0
DA:13,0
LF:3
LH:0
BRF:0
BRH:0
end_of_record
TN:
SF:src/components/organisms/TabPanel/index.tsx
FN:24,(anonymous_0)
FN:58,(anonymous_1)
FN:59,(anonymous_2)
FNF:3
FNH:3
FNDA:2,(anonymous_0)
FNDA:2,(anonymous_1)
FNDA:6,(anonymous_2)
DA:20,2
DA:24,2
DA:25,2
DA:43,2
DA:44,0
DA:45,0
DA:46,2
DA:47,0
DA:48,0
DA:49,0
DA:50,0
DA:52,2
DA:53,2
DA:54,2
DA:55,2
DA:58,2
DA:59,2
DA:60,6
DA:68,2
LF:19
LH:13
BRDA:43,0,0,0
BRDA:43,0,1,2
BRDA:46,1,0,0
BRDA:46,1,1,2
BRF:4
BRH:2
end_of_record
TN:
SF:src/theme/index.tsx
FN:46,(anonymous_0)
FN:57,(anonymous_1)
FN:67,(anonymous_2)
FN:80,(anonymous_3)
FN:101,(anonymous_4)
FN:129,(anonymous_5)
FN:155,(anonymous_6)
FN:161,(anonymous_7)
FN:293,(anonymous_8)
FNF:9
FNH:1
FNDA:0,(anonymous_0)
FNDA:0,(anonymous_1)
FNDA:0,(anonymous_2)
FNDA:0,(anonymous_3)
FNDA:0,(anonymous_4)
FNDA:0,(anonymous_5)
FNDA:0,(anonymous_6)
FNDA:0,(anonymous_7)
FNDA:6,(anonymous_8)
DA:42,25
DA:46,0
DA:57,0
DA:67,0
DA:80,0
DA:101,0
DA:129,0
DA:155,0
DA:161,0
DA:293,6
DA:297,25
LF:11
LH:3
BRDA:48,0,0,0
BRDA:48,0,1,0
BRDA:52,1,0,0
BRDA:52,1,1,0
BRDA:58,2,0,0
BRDA:58,2,1,0
BRDA:69,3,0,0
BRDA:69,3,1,0
BRDA:69,3,2,0
BRDA:69,3,3,0
BRDA:81,4,0,0
BRDA:81,4,1,0
BRDA:102,5,0,0
BRDA:102,5,1,0
BRDA:111,6,0,0
BRDA:111,6,1,0
BRDA:120,7,0,0
BRDA:120,7,1,0
BRDA:130,8,0,0
BRDA:130,8,1,0
BRDA:138,9,0,0
BRDA:138,9,1,0
BRDA:146,10,0,0
BRDA:146,10,1,0
BRDA:162,11,0,0
BRDA:162,11,1,0
BRDA:170,12,0,0
BRDA:170,12,1,0
BRDA:178,13,0,0
BRDA:178,13,1,0
BRF:30
BRH:0
end_of_record
